D:\MU\DEV\MUEMU\603\MHP\HACKSERVER2\HACKSERVER\RELEASE\ANTIFLOODSYSTEM.OBJ
D:\MU\DEV\MUEMU\603\MHP\HACKSERVER2\HACKSERVER\RELEASE\AUTHENTICATE.OBJ
D:\MU\DEV\MUEMU\603\MHP\HACKSERVER2\HACKSERVER\RELEASE\BLACKLIST.OBJ
D:\MU\DEV\MUEMU\603\MHP\HACKSERVER2\HACKSERVER\RELEASE\CCRC32.OBJ
D:\MU\Dev\MuEmu\603\MHP\HackServer2\HackServer\Release\cl.command.1.tlog
D:\MU\Dev\MuEmu\603\MHP\HackServer2\HackServer\Release\CL.read.1.tlog
D:\MU\Dev\MuEmu\603\MHP\HackServer2\HackServer\Release\CL.write.1.tlog
D:\MU\DEV\MUEMU\603\MHP\HACKSERVER2\HACKSERVER\RELEASE\CLIENTMANAGER.OBJ
D:\MU\DEV\MUEMU\603\MHP\HACKSERVER2\HACKSERVER\RELEASE\CRITICALSECTION.OBJ
D:\MU\DEV\MUEMU\603\MHP\HACKSERVER2\HACKSERVER\RELEASE\FILEDOWNLOADHTTP.OBJ
D:\MU\DEV\MUEMU\603\MHP\HACKSERVER2\HACKSERVER\RELEASE\FILEDOWNLOADURL.OBJ
D:\MU\DEV\MUEMU\603\MHP\HACKSERVER2\HACKSERVER\RELEASE\HACKSERVER.OBJ
D:\MU\DEV\MUEMU\603\MHP\HACKSERVER2\HACKSERVER\RELEASE\HACKSERVER.RES
D:\MU\Dev\MuEmu\603\MHP\HackServer2\HackServer\Release\HackServer.vcxprojResolveAssemblyReference.cache
D:\MU\Dev\MuEmu\603\MHP\HackServer2\HackServer\Release\HackServer.write.1.tlog
D:\MU\DEV\MUEMU\603\MHP\HACKSERVER2\HACKSERVER\RELEASE\HACKSERVERPROTOCOL.OBJ
D:\MU\DEV\MUEMU\603\MHP\HACKSERVER2\HACKSERVER\RELEASE\HAPPYHTTP.OBJ
D:\MU\DEV\MUEMU\603\MHP\HACKSERVER2\HACKSERVER\RELEASE\HIDMANAGER.OBJ
D:\MU\DEV\MUEMU\603\MHP\HACKSERVER2\HACKSERVER\RELEASE\IPMANAGER.OBJ
D:\MU\Dev\MuEmu\603\MHP\HackServer2\HackServer\Release\link.command.1.tlog
D:\MU\Dev\MuEmu\603\MHP\HackServer2\HackServer\Release\link.read.1.tlog
D:\MU\Dev\MuEmu\603\MHP\HackServer2\HackServer\Release\link.write.1.tlog
D:\MU\Dev\MuEmu\603\MHP\HackServer2\HackServer\Release\link-cvtres.read.1.tlog
D:\MU\Dev\MuEmu\603\MHP\HackServer2\HackServer\Release\link-cvtres.write.1.tlog
D:\MU\DEV\MUEMU\603\MHP\HACKSERVER2\HACKSERVER\RELEASE\LOG.OBJ
D:\MU\DEV\MUEMU\603\MHP\HACKSERVER2\HACKSERVER\RELEASE\MEMSCRIPT.OBJ
D:\MU\DEV\MUEMU\603\MHP\HACKSERVER2\HACKSERVER\RELEASE\MHPSERVER.EXE.INTERMEDIATE.MANIFEST
D:\MU\DEV\MUEMU\603\MHP\HACKSERVER2\HACKSERVER\RELEASE\MHPSERVER.PCH
D:\MU\DEV\MUEMU\603\MHP\HACKSERVER2\HACKSERVER\RELEASE\MINIDUMP.OBJ
D:\MU\Dev\MuEmu\603\MHP\HackServer2\HackServer\Release\mt.command.1.tlog
D:\MU\Dev\MuEmu\603\MHP\HackServer2\HackServer\Release\mt.read.1.tlog
D:\MU\Dev\MuEmu\603\MHP\HackServer2\HackServer\Release\mt.write.1.tlog
D:\MU\DEV\MUEMU\603\MHP\HACKSERVER2\HACKSERVER\RELEASE\PROCESSMANAGER.OBJ
D:\MU\DEV\MUEMU\603\MHP\HACKSERVER2\HACKSERVER\RELEASE\PUGIXML.OBJ
D:\MU\DEV\MUEMU\603\MHP\HACKSERVER2\HACKSERVER\RELEASE\QUEUE.OBJ
D:\MU\Dev\MuEmu\603\MHP\HackServer2\HackServer\Release\rc.command.1.tlog
D:\MU\Dev\MuEmu\603\MHP\HackServer2\HackServer\Release\rc.read.1.tlog
D:\MU\Dev\MuEmu\603\MHP\HackServer2\HackServer\Release\rc.write.1.tlog
D:\MU\DEV\MUEMU\603\MHP\HACKSERVER2\HACKSERVER\RELEASE\READFILES.OBJ
D:\MU\DEV\MUEMU\603\MHP\HACKSERVER2\HACKSERVER\RELEASE\SCREENSHOW.OBJ
D:\MU\DEV\MUEMU\603\MHP\HACKSERVER2\HACKSERVER\RELEASE\SERVERDISPLAYER.OBJ
D:\MU\DEV\MUEMU\603\MHP\HACKSERVER2\HACKSERVER\RELEASE\SERVERINFO.OBJ
D:\MU\DEV\MUEMU\603\MHP\HACKSERVER2\HACKSERVER\RELEASE\SHA1.OBJ
D:\MU\DEV\MUEMU\603\MHP\HACKSERVER2\HACKSERVER\RELEASE\SOCKETMANAGER.OBJ
D:\MU\DEV\MUEMU\603\MHP\HACKSERVER2\HACKSERVER\RELEASE\STDAFX.OBJ
D:\MU\DEV\MUEMU\603\MHP\HACKSERVER2\HACKSERVER\RELEASE\UTIL.OBJ
D:\MU\DEV\MUEMU\603\MHP\HACKSERVER2\RELEASE\MHPSERVER.EXE
D:\MU\DEV\MUEMU\603\MHP\HACKSERVER2\RELEASE\MHPSERVER.MAP
D:\MU\DEV\MUEMU\603\MHP\HACKSERVER2\RELEASE\MHPSERVER.PDB
