D:\MU\DEV\MUEMU\603\MHP\HACKSERVER\HACKSERVER\RELEASE\ANTIFLOODSYSTEM.OBJ
D:\MU\DEV\MUEMU\603\MHP\HACKSERVER\HACKSERVER\RELEASE\AUTHENTICATE.OBJ
D:\MU\DEV\MUEMU\603\MHP\HACKSERVER\HACKSERVER\RELEASE\BLACKLIST.OBJ
D:\MU\DEV\MUEMU\603\MHP\HACKSERVER\HACKSERVER\RELEASE\CCRC32.OBJ
D:\MU\DEV\MUEMU\603\MHP\HACKSERVER\HACKSERVER\RELEASE\CLIENTMANAGER.OBJ
D:\MU\DEV\MUEMU\603\MHP\HACKSERVER\HACKSERVER\RELEASE\CRITICALSECTION.OBJ
D:\MU\DEV\MUEMU\603\MHP\HACKSERVER\HACKSERVER\RELEASE\FILEDOWNLOADHTTP.OBJ
D:\MU\DEV\MUEMU\603\MHP\HACKSERVER\HACKSERVER\RELEASE\FILEDOWNLOADURL.OBJ
D:\MU\DEV\MUEMU\603\MHP\HACKSERVER\HACKSERVER\RELEASE\HACKSERVER.OBJ
D:\MU\DEV\MUEMU\603\MHP\HACKSERVER\HACKSERVER\RELEASE\HACKSERVER.RES
D:\MU\DEV\MUEMU\603\MHP\HACKSERVER\HACKSERVER\RELEASE\HACKSERVERPROTOCOL.OBJ
D:\MU\DEV\MUEMU\603\MHP\HACKSERVER\HACKSERVER\RELEASE\HIDMANAGER.OBJ
D:\MU\DEV\MUEMU\603\MHP\HACKSERVER\HACKSERVER\RELEASE\IPMANAGER.OBJ
D:\MU\DEV\MUEMU\603\MHP\HACKSERVER\HACKSERVER\RELEASE\LOG.OBJ
D:\MU\DEV\MUEMU\603\MHP\HACKSERVER\HACKSERVER\RELEASE\MEMSCRIPT.OBJ
D:\MU\DEV\MUEMU\603\MHP\HACKSERVER\HACKSERVER\RELEASE\MHPSERVER.EXE.INTERMEDIATE.MANIFEST
D:\MU\DEV\MUEMU\603\MHP\HACKSERVER\HACKSERVER\RELEASE\MHPSERVER.PCH
D:\MU\DEV\MUEMU\603\MHP\HACKSERVER\HACKSERVER\RELEASE\MINIDUMP.OBJ
D:\MU\DEV\MUEMU\603\MHP\HACKSERVER\HACKSERVER\RELEASE\PROCESSMANAGER.OBJ
D:\MU\DEV\MUEMU\603\MHP\HACKSERVER\HACKSERVER\RELEASE\QUEUE.OBJ
D:\MU\DEV\MUEMU\603\MHP\HACKSERVER\HACKSERVER\RELEASE\READFILES.OBJ
D:\MU\DEV\MUEMU\603\MHP\HACKSERVER\HACKSERVER\RELEASE\SERVERDISPLAYER.OBJ
D:\MU\DEV\MUEMU\603\MHP\HACKSERVER\HACKSERVER\RELEASE\SERVERINFO.OBJ
D:\MU\DEV\MUEMU\603\MHP\HACKSERVER\HACKSERVER\RELEASE\SOCKETMANAGER.OBJ
D:\MU\DEV\MUEMU\603\MHP\HACKSERVER\HACKSERVER\RELEASE\STDAFX.OBJ
D:\MU\DEV\MUEMU\603\MHP\HACKSERVER\HACKSERVER\RELEASE\UTIL.OBJ
D:\MU\DEV\MUEMU\603\MHP\HACKSERVER\RELEASE\MHPSERVER.EXE
D:\MU\DEV\MUEMU\603\MHP\HACKSERVER\RELEASE\MHPSERVER.MAP
D:\MU\DEV\MUEMU\603\MHP\HACKSERVER\RELEASE\MHPSERVER.PDB
E:\thoung\Server 6.4.0 - Backup\MHP\HackServer\HackServer\Release\AntiFloodSystem.obj
E:\thoung\Server 6.4.0 - Backup\MHP\HackServer\HackServer\Release\cl.command.1.tlog
E:\thoung\Server 6.4.0 - Backup\MHP\HackServer\HackServer\Release\CL.read.1.tlog
E:\thoung\Server 6.4.0 - Backup\MHP\HackServer\HackServer\Release\CL.write.1.tlog
E:\thoung\Server 6.4.0 - Backup\MHP\HackServer\HackServer\Release\HackServer.obj
E:\thoung\Server 6.4.0 - Backup\MHP\HackServer\HackServer\Release\HackServer.res
E:\thoung\Server 6.4.0 - Backup\MHP\HackServer\HackServer\Release\HackServer.write.1.tlog
E:\thoung\Server 6.4.0 - Backup\MHP\HackServer\HackServer\Release\link.command.1.tlog
E:\thoung\Server 6.4.0 - Backup\MHP\HackServer\HackServer\Release\link.read.1.tlog
E:\thoung\Server 6.4.0 - Backup\MHP\HackServer\HackServer\Release\link.write.1.tlog
E:\thoung\Server 6.4.0 - Backup\MHP\HackServer\HackServer\Release\link-cvtres.read.1.tlog
E:\thoung\Server 6.4.0 - Backup\MHP\HackServer\HackServer\Release\link-cvtres.write.1.tlog
E:\thoung\Server 6.4.0 - Backup\MHP\HackServer\HackServer\Release\MHPServer.exe.intermediate.manifest
E:\thoung\Server 6.4.0 - Backup\MHP\HackServer\HackServer\Release\mt.command.1.tlog
E:\thoung\Server 6.4.0 - Backup\MHP\HackServer\HackServer\Release\mt.read.1.tlog
E:\thoung\Server 6.4.0 - Backup\MHP\HackServer\HackServer\Release\mt.write.1.tlog
E:\thoung\Server 6.4.0 - Backup\MHP\HackServer\HackServer\Release\rc.command.1.tlog
E:\thoung\Server 6.4.0 - Backup\MHP\HackServer\HackServer\Release\rc.read.1.tlog
E:\thoung\Server 6.4.0 - Backup\MHP\HackServer\HackServer\Release\rc.write.1.tlog
E:\thoung\Server 6.4.0 - Backup\MHP\HackServer\Release\MHPServer.pdb
