D:\MU\DEV\MUEMU\603\EMU\CONNECTSERVER\CONNECTSERVER\RELEASE\CONNECTSERVER_EX603\ANTIFLOODSYSTEM.OBJ
D:\MU\Dev\MuEmu\603\eMU\ConnectServer\ConnectServer\Release\ConnectServer_EX603\cl.command.1.tlog
D:\MU\Dev\MuEmu\603\eMU\ConnectServer\ConnectServer\Release\ConnectServer_EX603\CL.read.1.tlog
D:\MU\Dev\MuEmu\603\eMU\ConnectServer\ConnectServer\Release\ConnectServer_EX603\CL.write.1.tlog
D:\MU\DEV\MUEMU\603\EMU\CONNECTSERVER\CONNECTSERVER\RELEASE\CONNECTSERVER_EX603\CLIENTMANAGER.OBJ
D:\MU\DEV\MUEMU\603\EMU\CONNECTSERVER\CONNECTSERVER\RELEASE\CONNECTSERVER_EX603\CONNECTSERVER.EXE.INTERMEDIATE.MANIFEST
D:\MU\DEV\MUEMU\603\EMU\CONNECTSERVER\CONNECTSERVER\RELEASE\CONNECTSERVER_EX603\CONNECTSERVER.OBJ
D:\MU\DEV\MUEMU\603\EMU\CONNECTSERVER\CONNECTSERVER\RELEASE\CONNECTSERVER_EX603\CONNECTSERVER.PCH
D:\MU\DEV\MUEMU\603\EMU\CONNECTSERVER\CONNECTSERVER\RELEASE\CONNECTSERVER_EX603\CONNECTSERVER.RES
D:\MU\Dev\MuEmu\603\eMU\ConnectServer\ConnectServer\Release\ConnectServer_EX603\ConnectServer.write.1.tlog
D:\MU\DEV\MUEMU\603\EMU\CONNECTSERVER\CONNECTSERVER\RELEASE\CONNECTSERVER_EX603\CONNECTSERVERPROTOCOL.OBJ
D:\MU\DEV\MUEMU\603\EMU\CONNECTSERVER\CONNECTSERVER\RELEASE\CONNECTSERVER_EX603\CRITICALSECTION.OBJ
D:\MU\DEV\MUEMU\603\EMU\CONNECTSERVER\CONNECTSERVER\RELEASE\CONNECTSERVER_EX603\IPMANAGER.OBJ
D:\MU\Dev\MuEmu\603\eMU\ConnectServer\ConnectServer\Release\ConnectServer_EX603\link.command.1.tlog
D:\MU\Dev\MuEmu\603\eMU\ConnectServer\ConnectServer\Release\ConnectServer_EX603\link.read.1.tlog
D:\MU\Dev\MuEmu\603\eMU\ConnectServer\ConnectServer\Release\ConnectServer_EX603\link.write.1.tlog
D:\MU\Dev\MuEmu\603\eMU\ConnectServer\ConnectServer\Release\ConnectServer_EX603\link-cvtres.read.1.tlog
D:\MU\Dev\MuEmu\603\eMU\ConnectServer\ConnectServer\Release\ConnectServer_EX603\link-cvtres.write.1.tlog
D:\MU\DEV\MUEMU\603\EMU\CONNECTSERVER\CONNECTSERVER\RELEASE\CONNECTSERVER_EX603\LOG.OBJ
D:\MU\DEV\MUEMU\603\EMU\CONNECTSERVER\CONNECTSERVER\RELEASE\CONNECTSERVER_EX603\MEMSCRIPT.OBJ
D:\MU\DEV\MUEMU\603\EMU\CONNECTSERVER\CONNECTSERVER\RELEASE\CONNECTSERVER_EX603\MINIDUMP.OBJ
D:\MU\Dev\MuEmu\603\eMU\ConnectServer\ConnectServer\Release\ConnectServer_EX603\mt.command.1.tlog
D:\MU\Dev\MuEmu\603\eMU\ConnectServer\ConnectServer\Release\ConnectServer_EX603\mt.read.1.tlog
D:\MU\Dev\MuEmu\603\eMU\ConnectServer\ConnectServer\Release\ConnectServer_EX603\mt.write.1.tlog
D:\MU\DEV\MUEMU\603\EMU\CONNECTSERVER\CONNECTSERVER\RELEASE\CONNECTSERVER_EX603\PROTECT.OBJ
D:\MU\DEV\MUEMU\603\EMU\CONNECTSERVER\CONNECTSERVER\RELEASE\CONNECTSERVER_EX603\QUEUE.OBJ
D:\MU\Dev\MuEmu\603\eMU\ConnectServer\ConnectServer\Release\ConnectServer_EX603\rc.command.1.tlog
D:\MU\Dev\MuEmu\603\eMU\ConnectServer\ConnectServer\Release\ConnectServer_EX603\rc.read.1.tlog
D:\MU\Dev\MuEmu\603\eMU\ConnectServer\ConnectServer\Release\ConnectServer_EX603\rc.write.1.tlog
D:\MU\DEV\MUEMU\603\EMU\CONNECTSERVER\CONNECTSERVER\RELEASE\CONNECTSERVER_EX603\SERVERDISPLAYER.OBJ
D:\MU\DEV\MUEMU\603\EMU\CONNECTSERVER\CONNECTSERVER\RELEASE\CONNECTSERVER_EX603\SERVERLIST.OBJ
D:\MU\DEV\MUEMU\603\EMU\CONNECTSERVER\CONNECTSERVER\RELEASE\CONNECTSERVER_EX603\SOCKETMANAGER.OBJ
D:\MU\DEV\MUEMU\603\EMU\CONNECTSERVER\CONNECTSERVER\RELEASE\CONNECTSERVER_EX603\SOCKETMANAGERUDP.OBJ
D:\MU\DEV\MUEMU\603\EMU\CONNECTSERVER\CONNECTSERVER\RELEASE\CONNECTSERVER_EX603\STDAFX.OBJ
D:\MU\DEV\MUEMU\603\EMU\CONNECTSERVER\CONNECTSERVER\RELEASE\CONNECTSERVER_EX603\UTIL.OBJ
D:\MU\DEV\MUEMU\603\EMU\CONNECTSERVER\RELEASE\CONNECTSERVER_EX603\CONNECTSERVER.EXE
D:\MU\DEV\MUEMU\603\EMU\CONNECTSERVER\RELEASE\CONNECTSERVER_EX603\CONNECTSERVER.PDB
