Build started 2015-11-10 22:50:25.
     1>Project "D:\MuDokumenty\x-team\pliki\SOURCE EDIT\MHP\GetInternalList\GetInternalList\GetInternalList.vcxproj" on node 2 (build target(s)).
     1>PrepareForBuild:
         Creating directory "D:\MuDokumenty\x-team\pliki\SOURCE EDIT\MHP\GetInternalList\Debug\".
       InitializeBuildStatus:
         Creating "Debug\GetInternalList.unsuccessfulbuild" because "AlwaysCreate" was specified.
       ClCompile:
         C:\Program Files (x86)\Microsoft Visual Studio 10.0\VC\bin\CL.exe /c /ZI /nologo /W3 /WX- /Od /Oy- /D WIN32 /D _DEBUG /D _CONSOLE /D _MBCS /Gm /EHsc /RTC1 /MDd /GS /fp:precise /Zc:wchar_t /Zc:forScope /Yc"StdAfx.h" /Fp"Debug\GetInternalList.pch" /Fo"Debug\\" /Fd"Debug\vc100.pdb" /Gd /TP /analyze- /errorReport:prompt stdafx.cpp
         stdafx.cpp
         C:\Program Files (x86)\Microsoft Visual Studio 10.0\VC\bin\CL.exe /c /ZI /nologo /W3 /WX- /Od /Oy- /D WIN32 /D _DEBUG /D _CONSOLE /D _MBCS /Gm /EHsc /RTC1 /MDd /GS /fp:precise /Zc:wchar_t /Zc:forScope /Yu"StdAfx.h" /Fp"Debug\GetInternalList.pch" /Fo"Debug\\" /Fd"Debug\vc100.pdb" /Gd /TP /analyze- /errorReport:prompt GetInternalList.cpp
         GetInternalList.cpp
       ManifestResourceCompile:
         C:\Program Files (x86)\Microsoft SDKs\Windows\v7.0A\bin\rc.exe /nologo /fo"Debug\GetInternalList.exe.embed.manifest.res" Debug\GetInternalList_manifest.rc 
       Link:
         C:\Program Files (x86)\Microsoft Visual Studio 10.0\VC\bin\link.exe /ERRORREPORT:PROMPT /OUT:"D:\MuDokumenty\x-team\pliki\SOURCE EDIT\MHP\GetInternalList\Debug\GetInternalList.exe" /INCREMENTAL /NOLOGO kernel32.lib user32.lib gdi32.lib winspool.lib comdlg32.lib advapi32.lib shell32.lib ole32.lib oleaut32.lib uuid.lib odbc32.lib odbccp32.lib /MANIFEST /ManifestFile:"Debug\GetInternalList.exe.intermediate.manifest" /MANIFESTUAC:"level='asInvoker' uiAccess='false'" /DEBUG /PDB:"D:\MuDokumenty\x-team\pliki\SOURCE EDIT\MHP\GetInternalList\Debug\GetInternalList.pdb" /SUBSYSTEM:CONSOLE /TLBID:1 /DYNAMICBASE /NXCOMPAT /IMPLIB:"D:\MuDokumenty\x-team\pliki\SOURCE EDIT\MHP\GetInternalList\Debug\GetInternalList.lib" /MACHINE:X86 Debug\GetInternalList.exe.embed.manifest.res
         Debug\GetInternalList.obj
         Debug\stdafx.obj
       Manifest:
         C:\Program Files (x86)\Microsoft SDKs\Windows\v7.0A\bin\mt.exe /nologo /verbose /out:"Debug\GetInternalList.exe.embed.manifest" /manifest Debug\GetInternalList.exe.intermediate.manifest
         C:\Program Files (x86)\Microsoft SDKs\Windows\v7.0A\bin\rc.exe /nologo /fo"Debug\GetInternalList.exe.embed.manifest.res" Debug\GetInternalList_manifest.rc 
       LinkEmbedManifest:
         C:\Program Files (x86)\Microsoft Visual Studio 10.0\VC\bin\link.exe /ERRORREPORT:PROMPT /OUT:"D:\MuDokumenty\x-team\pliki\SOURCE EDIT\MHP\GetInternalList\Debug\GetInternalList.exe" /INCREMENTAL /NOLOGO kernel32.lib user32.lib gdi32.lib winspool.lib comdlg32.lib advapi32.lib shell32.lib ole32.lib oleaut32.lib uuid.lib odbc32.lib odbccp32.lib /MANIFEST /ManifestFile:"Debug\GetInternalList.exe.intermediate.manifest" /MANIFESTUAC:"level='asInvoker' uiAccess='false'" /DEBUG /PDB:"D:\MuDokumenty\x-team\pliki\SOURCE EDIT\MHP\GetInternalList\Debug\GetInternalList.pdb" /SUBSYSTEM:CONSOLE /TLBID:1 /DYNAMICBASE /NXCOMPAT /IMPLIB:"D:\MuDokumenty\x-team\pliki\SOURCE EDIT\MHP\GetInternalList\Debug\GetInternalList.lib" /MACHINE:X86 Debug\GetInternalList.exe.embed.manifest.res
         Debug\GetInternalList.obj
         Debug\stdafx.obj
         GetInternalList.vcxproj -> D:\MuDokumenty\x-team\pliki\SOURCE EDIT\MHP\GetInternalList\Debug\GetInternalList.exe
       FinalizeBuildStatus:
         Deleting file "Debug\GetInternalList.unsuccessfulbuild".
         Touching "Debug\GetInternalList.lastbuildstate".
     1>Done Building Project "D:\MuDokumenty\x-team\pliki\SOURCE EDIT\MHP\GetInternalList\GetInternalList\GetInternalList.vcxproj" (build target(s)).

Build succeeded.

Time Elapsed 00:00:03.22
