F:\THOUNG\SERVER 6.4.0 - BACKUP\CLIENT\MAIN\RELEASE\BATTLEGLOVES.OBJ
F:\THOUNG\SERVER 6.4.0 - BACKUP\CLIENT\MAIN\RELEASE\BOWCROSSBOW.OBJ
F:\THOUNG\SERVER 6.4.0 - BACKUP\CLIENT\MAIN\RELEASE\BUFFICON.OBJ
F:\THOUNG\SERVER 6.4.0 - BACKUP\CLIENT\MAIN\RELEASE\BUYVIP.OBJ
F:\THOUNG\SERVER 6.4.0 - BACKUP\CLIENT\MAIN\RELEASE\CAMERA.OBJ
F:\THOUNG\SERVER 6.4.0 - BACKUP\CLIENT\MAIN\RELEASE\CCRC32.OBJ
F:\THOUNG\SERVER 6.4.0 - BACKUP\CLIENT\MAIN\RELEASE\CHANGECLASS.OBJ
F:\THOUNG\SERVER 6.4.0 - BACKUP\CLIENT\MAIN\RELEASE\CHARACTERLIST.OBJ
F:\THOUNG\SERVER 6.4.0 - BACKUP\CLIENT\MAIN\RELEASE\CHATWINDOW.OBJ
F:\thoung\Server 6.4.0 - Backup\Client\Main\Release\cl.command.1.tlog
F:\thoung\Server 6.4.0 - Backup\Client\Main\Release\CL.read.1.tlog
F:\thoung\Server 6.4.0 - Backup\Client\Main\Release\CL.write.1.tlog
F:\THOUNG\SERVER 6.4.0 - BACKUP\CLIENT\MAIN\RELEASE\COMMON.OBJ
F:\THOUNG\SERVER 6.4.0 - BACKUP\CLIENT\MAIN\RELEASE\CONFIG.OBJ
F:\THOUNG\SERVER 6.4.0 - BACKUP\CLIENT\MAIN\RELEASE\CONSOLE.OBJ
F:\THOUNG\SERVER 6.4.0 - BACKUP\CLIENT\MAIN\RELEASE\CONTROLLER.OBJ
F:\THOUNG\SERVER 6.4.0 - BACKUP\CLIENT\MAIN\RELEASE\CONTROLLER2.OBJ
F:\THOUNG\SERVER 6.4.0 - BACKUP\CLIENT\MAIN\RELEASE\COPYEFFECT.OBJ
F:\THOUNG\SERVER 6.4.0 - BACKUP\CLIENT\MAIN\RELEASE\CREATEEFFECT.OBJ
F:\THOUNG\SERVER 6.4.0 - BACKUP\CLIENT\MAIN\RELEASE\CSMITHITEM.OBJ
F:\THOUNG\SERVER 6.4.0 - BACKUP\CLIENT\MAIN\RELEASE\CUSTOMBOW.OBJ
F:\THOUNG\SERVER 6.4.0 - BACKUP\CLIENT\MAIN\RELEASE\CUSTOMFOG.OBJ
F:\THOUNG\SERVER 6.4.0 - BACKUP\CLIENT\MAIN\RELEASE\CUSTOMGLOVES.OBJ
F:\THOUNG\SERVER 6.4.0 - BACKUP\CLIENT\MAIN\RELEASE\CUSTOMITEM.OBJ
F:\THOUNG\SERVER 6.4.0 - BACKUP\CLIENT\MAIN\RELEASE\CUSTOMJEWEL.OBJ
F:\THOUNG\SERVER 6.4.0 - BACKUP\CLIENT\MAIN\RELEASE\CUSTOMMESSAGE.OBJ
F:\THOUNG\SERVER 6.4.0 - BACKUP\CLIENT\MAIN\RELEASE\CUSTOMMONSTER.OBJ
F:\THOUNG\SERVER 6.4.0 - BACKUP\CLIENT\MAIN\RELEASE\CUSTOMPET.OBJ
F:\THOUNG\SERVER 6.4.0 - BACKUP\CLIENT\MAIN\RELEASE\CUSTOMSMOKE.OBJ
F:\THOUNG\SERVER 6.4.0 - BACKUP\CLIENT\MAIN\RELEASE\CUSTOMSOCKET.OBJ
F:\THOUNG\SERVER 6.4.0 - BACKUP\CLIENT\MAIN\RELEASE\CUSTOMTITLE.OBJ
F:\THOUNG\SERVER 6.4.0 - BACKUP\CLIENT\MAIN\RELEASE\CUSTOMWEAPONS.OBJ
F:\THOUNG\SERVER 6.4.0 - BACKUP\CLIENT\MAIN\RELEASE\CUSTOMWING.OBJ
F:\THOUNG\SERVER 6.4.0 - BACKUP\CLIENT\MAIN\RELEASE\DANHHIEU.OBJ
F:\THOUNG\SERVER 6.4.0 - BACKUP\CLIENT\MAIN\RELEASE\DYNAMICEFFECT.OBJ
F:\THOUNG\SERVER 6.4.0 - BACKUP\CLIENT\MAIN\RELEASE\EVENTENTRYLEVEL.OBJ
F:\THOUNG\SERVER 6.4.0 - BACKUP\CLIENT\MAIN\RELEASE\EVENTTIMER.OBJ
F:\THOUNG\SERVER 6.4.0 - BACKUP\CLIENT\MAIN\RELEASE\FENRIR.OBJ
F:\THOUNG\SERVER 6.4.0 - BACKUP\CLIENT\MAIN\RELEASE\FONT.OBJ
F:\THOUNG\SERVER 6.4.0 - BACKUP\CLIENT\MAIN\RELEASE\HACKCHECK.OBJ
F:\THOUNG\SERVER 6.4.0 - BACKUP\CLIENT\MAIN\RELEASE\HEALTHBAR.OBJ
F:\THOUNG\SERVER 6.4.0 - BACKUP\CLIENT\MAIN\RELEASE\HEALTHBAR2.OBJ
F:\THOUNG\SERVER 6.4.0 - BACKUP\CLIENT\MAIN\RELEASE\HWID.OBJ
F:\THOUNG\SERVER 6.4.0 - BACKUP\CLIENT\MAIN\RELEASE\INFOLOG.OBJ
F:\THOUNG\SERVER 6.4.0 - BACKUP\CLIENT\MAIN\RELEASE\INTER3.OBJ
F:\THOUNG\SERVER 6.4.0 - BACKUP\CLIENT\MAIN\RELEASE\INTERFACE.OBJ
F:\THOUNG\SERVER 6.4.0 - BACKUP\CLIENT\MAIN\RELEASE\ITEM.OBJ
F:\THOUNG\SERVER 6.4.0 - BACKUP\CLIENT\MAIN\RELEASE\ITEMOPTION.OBJ
F:\THOUNG\SERVER 6.4.0 - BACKUP\CLIENT\MAIN\RELEASE\ITEMPOSITION.OBJ
F:\THOUNG\SERVER 6.4.0 - BACKUP\CLIENT\MAIN\RELEASE\ITEMPRICE.OBJ
F:\THOUNG\SERVER 6.4.0 - BACKUP\CLIENT\MAIN\RELEASE\ITEMSMOKE.OBJ
F:\THOUNG\SERVER 6.4.0 - BACKUP\CLIENT\MAIN\RELEASE\LARGERAND.OBJ
F:\THOUNG\SERVER 6.4.0 - BACKUP\CLIENT\MAIN\RELEASE\LICENSEINFO.OBJ
F:\thoung\Server 6.4.0 - Backup\Client\Main\Release\link.command.1.tlog
F:\thoung\Server 6.4.0 - Backup\Client\Main\Release\link.read.1.tlog
F:\thoung\Server 6.4.0 - Backup\Client\Main\Release\link.write.1.tlog
F:\thoung\Server 6.4.0 - Backup\Client\Main\Release\link-cvtres.read.1.tlog
F:\thoung\Server 6.4.0 - Backup\Client\Main\Release\link-cvtres.write.1.tlog
F:\THOUNG\SERVER 6.4.0 - BACKUP\CLIENT\MAIN\RELEASE\LOADMAP.OBJ
F:\THOUNG\SERVER 6.4.0 - BACKUP\CLIENT\MAIN\RELEASE\LUAEXPORT.OBJ
F:\THOUNG\SERVER 6.4.0 - BACKUP\CLIENT\MAIN\RELEASE\LUCKYSPIN.OBJ
F:\THOUNG\SERVER 6.4.0 - BACKUP\CLIENT\MAIN\RELEASE\MAIN.DLL.INTERMEDIATE.MANIFEST
F:\THOUNG\SERVER 6.4.0 - BACKUP\CLIENT\MAIN\RELEASE\MAIN.OBJ
F:\THOUNG\SERVER 6.4.0 - BACKUP\CLIENT\MAIN\RELEASE\MAIN.PCH
F:\THOUNG\SERVER 6.4.0 - BACKUP\CLIENT\MAIN\RELEASE\MAIN.RES
F:\thoung\Server 6.4.0 - Backup\Client\Main\Release\Main.write.1.tlog
F:\THOUNG\SERVER 6.4.0 - BACKUP\CLIENT\MAIN\RELEASE\MEMSCRIPT.OBJ
F:\THOUNG\SERVER 6.4.0 - BACKUP\CLIENT\MAIN\RELEASE\MINIMAP.OBJ
F:\THOUNG\SERVER 6.4.0 - BACKUP\CLIENT\MAIN\RELEASE\MODELEFFECT.OBJ
F:\THOUNG\SERVER 6.4.0 - BACKUP\CLIENT\MAIN\RELEASE\MONSTER.OBJ
F:\THOUNG\SERVER 6.4.0 - BACKUP\CLIENT\MAIN\RELEASE\MONSTERBAR.OBJ
F:\THOUNG\SERVER 6.4.0 - BACKUP\CLIENT\MAIN\RELEASE\MONSTERNAMECOLOR.OBJ
F:\thoung\Server 6.4.0 - Backup\Client\Main\Release\mt.command.1.tlog
F:\thoung\Server 6.4.0 - Backup\Client\Main\Release\mt.read.1.tlog
F:\thoung\Server 6.4.0 - Backup\Client\Main\Release\mt.write.1.tlog
F:\THOUNG\SERVER 6.4.0 - BACKUP\CLIENT\MAIN\RELEASE\MUHELPER.OBJ
F:\THOUNG\SERVER 6.4.0 - BACKUP\CLIENT\MAIN\RELEASE\MULUA.OBJ
F:\THOUNG\SERVER 6.4.0 - BACKUP\CLIENT\MAIN\RELEASE\NEWCHARACTER.OBJ
F:\THOUNG\SERVER 6.4.0 - BACKUP\CLIENT\MAIN\RELEASE\NEWFOG.OBJ
F:\THOUNG\SERVER 6.4.0 - BACKUP\CLIENT\MAIN\RELEASE\NEWFONT.OBJ
F:\THOUNG\SERVER 6.4.0 - BACKUP\CLIENT\MAIN\RELEASE\NEWINTERFACE.OBJ
F:\THOUNG\SERVER 6.4.0 - BACKUP\CLIENT\MAIN\RELEASE\NEWPARTY.OBJ
F:\THOUNG\SERVER 6.4.0 - BACKUP\CLIENT\MAIN\RELEASE\NEWSBOARD.OBJ
F:\THOUNG\SERVER 6.4.0 - BACKUP\CLIENT\MAIN\RELEASE\OFFLINEMODE.OBJ
F:\THOUNG\SERVER 6.4.0 - BACKUP\CLIENT\MAIN\RELEASE\OTHER.OBJ
F:\THOUNG\SERVER 6.4.0 - BACKUP\CLIENT\MAIN\RELEASE\PACKETMANAGER.OBJ
F:\THOUNG\SERVER 6.4.0 - BACKUP\CLIENT\MAIN\RELEASE\PARTYBUFFS.OBJ
F:\THOUNG\SERVER 6.4.0 - BACKUP\CLIENT\MAIN\RELEASE\PARTYSEARCH.OBJ
F:\THOUNG\SERVER 6.4.0 - BACKUP\CLIENT\MAIN\RELEASE\PARTYSEARCHSETTINGS.OBJ
F:\THOUNG\SERVER 6.4.0 - BACKUP\CLIENT\MAIN\RELEASE\PET.OBJ
F:\THOUNG\SERVER 6.4.0 - BACKUP\CLIENT\MAIN\RELEASE\PETHOOK.OBJ
F:\THOUNG\SERVER 6.4.0 - BACKUP\CLIENT\MAIN\RELEASE\PETPROTOCOL.OBJ
F:\THOUNG\SERVER 6.4.0 - BACKUP\CLIENT\MAIN\RELEASE\POST_ITEM.OBJ
F:\THOUNG\SERVER 6.4.0 - BACKUP\CLIENT\MAIN\RELEASE\PRINTPLAYER.OBJ
F:\THOUNG\SERVER 6.4.0 - BACKUP\CLIENT\MAIN\RELEASE\PROTECT.OBJ
F:\THOUNG\SERVER 6.4.0 - BACKUP\CLIENT\MAIN\RELEASE\PROTOCOL.OBJ
F:\THOUNG\SERVER 6.4.0 - BACKUP\CLIENT\MAIN\RELEASE\RANKING.OBJ
F:\THOUNG\SERVER 6.4.0 - BACKUP\CLIENT\MAIN\RELEASE\RANKINGEX.OBJ
F:\thoung\Server 6.4.0 - Backup\Client\Main\Release\rc.command.1.tlog
F:\thoung\Server 6.4.0 - Backup\Client\Main\Release\rc.read.1.tlog
F:\thoung\Server 6.4.0 - Backup\Client\Main\Release\rc.write.1.tlog
F:\THOUNG\SERVER 6.4.0 - BACKUP\CLIENT\MAIN\RELEASE\RECONNECT.OBJ
F:\THOUNG\SERVER 6.4.0 - BACKUP\CLIENT\MAIN\RELEASE\RESOLUTION.OBJ
F:\THOUNG\SERVER 6.4.0 - BACKUP\CLIENT\MAIN\RELEASE\RFGLOVES.OBJ
F:\THOUNG\SERVER 6.4.0 - BACKUP\CLIENT\MAIN\RELEASE\SHOPSEARCH.OBJ
F:\THOUNG\SERVER 6.4.0 - BACKUP\CLIENT\MAIN\RELEASE\SMITHITEM.OBJ
F:\THOUNG\SERVER 6.4.0 - BACKUP\CLIENT\MAIN\RELEASE\SMITHY.OBJ
F:\THOUNG\SERVER 6.4.0 - BACKUP\CLIENT\MAIN\RELEASE\SOCKETITEM.OBJ
F:\THOUNG\SERVER 6.4.0 - BACKUP\CLIENT\MAIN\RELEASE\SPEEDFIX.OBJ
F:\THOUNG\SERVER 6.4.0 - BACKUP\CLIENT\MAIN\RELEASE\STATICEFFECT.OBJ
F:\THOUNG\SERVER 6.4.0 - BACKUP\CLIENT\MAIN\RELEASE\STDAFX.OBJ
F:\THOUNG\SERVER 6.4.0 - BACKUP\CLIENT\MAIN\RELEASE\TMEMORY.OBJ
F:\THOUNG\SERVER 6.4.0 - BACKUP\CLIENT\MAIN\RELEASE\TRAYMODE.OBJ
F:\THOUNG\SERVER 6.4.0 - BACKUP\CLIENT\MAIN\RELEASE\USER.OBJ
F:\THOUNG\SERVER 6.4.0 - BACKUP\CLIENT\MAIN\RELEASE\USERPANEL.OBJ
F:\THOUNG\SERVER 6.4.0 - BACKUP\CLIENT\MAIN\RELEASE\UTIL.OBJ
F:\THOUNG\SERVER 6.4.0 - BACKUP\CLIENT\MAIN\RELEASE\VC100.PDB
F:\THOUNG\SERVER 6.4.0 - BACKUP\CLIENT\MAIN\RELEASE\WINCONSOLE.OBJ
F:\THOUNG\SERVER 6.4.0 - BACKUP\CLIENT\MAIN\RELEASE\WINGBRIGHT.OBJ
F:\THOUNG\SERVER 6.4.0 - BACKUP\CLIENT\MAIN\RELEASE\WINGEFFECT.OBJ
F:\THOUNG\SERVER 6.4.0 - BACKUP\CLIENT\MAIN\RELEASE\WINGINVISIBLE.OBJ
F:\THOUNG\SERVER 6.4.0 - BACKUP\CLIENT\MAIN\RELEASE\ZCUSTOMJEWEL.OBJ
F:\THOUNG\SERVER 6.4.0 - BACKUP\CLIENT\MAIN\RELEASE\ZZZMATHLIB.OBJ
F:\THOUNG\SERVER 6.4.0 - BACKUP\CLIENT\RELEASE\MAIN.DLL
F:\thoung\Server 6.4.0 - Backup\Client\Release\Main.exp
F:\thoung\Server 6.4.0 - Backup\Client\Release\Main.lib
