  stdafx.cpp
  CCRC32.Cpp
  BattleGloves.cpp
  BowCrossbow.cpp
  BuffIcon.cpp
  BuyVip.cpp
  camera.cpp
  ChangeClass.cpp
  CharacterList.cpp
  ChatWindow.cpp
  Common.cpp
  Config.cpp
  Console.cpp
  Controller.cpp
  Controller2.cpp
  CopyEffect.cpp
  CreateEffect.cpp
  CSmithItem.cpp
  CustomBow.cpp
  CustomFog.cpp
  CustomGloves.cpp
  Compiling...
  CustomItem.cpp
  CustomJewel.cpp
  CustomMessage.cpp
  CustomMonster.cpp
  CustomPet.cpp
  CustomSocket.cpp
  CustomTitle.cpp
  CustomWeapons.cpp
  CustomWing.cpp
  CustomSmoke.cpp
  EventEntryLevel.cpp
  EventTimer.cpp
  HealthBar.cpp
  HWID.cpp
  InfoLog.cpp
  ItemOption.cpp
  ItemPosition.cpp
  ItemPrice.cpp
  ItemSmoke.cpp
  LargeRand.cpp
  Compiling...
  LicenseInfo.cpp
  LuaExport.cpp
  LuckySpin.cpp
  Minimap.cpp
  ModelEffect.cpp
  MonsterBar.cpp
  MonsterNameColor.cpp
  MuHelper.cpp
  MuLua.cpp
  NewCharacter.cpp
  NewFog.cpp
  NewInterface.cpp
  NewParty.cpp
  NewsBoard.cpp
  OfflineMode.cpp
  PartyBuffs.cpp
  PartySearch.cpp
  PartySearchSettings.cpp
  post_item.cpp
  Ranking.cpp
  Compiling...
  RankingEx.cpp
  ShopSearch.cpp
  SmithItem.cpp
  Smithy.cpp
  SpeedFix.cpp
  StaticEffect.cpp
  DanhHieu.cpp
  DynamicEffect.cpp
  Fenrir.cpp
  Font.cpp
  HackCheck.cpp
  HealthBar2.cpp
  Interface.cpp
  Inter3.cpp
  Item.cpp
  LoadMap.cpp
  Main.cpp
  MemScript.cpp
  Monster.cpp
  NewFont.cpp
  Compiling...
  Other.cpp
  PacketManager.cpp
  Pet.cpp
  PetHook.cpp
  PetProtocol.cpp
  PrintPlayer.cpp
  Protect.cpp
  Protocol.cpp
  Reconnect.cpp
  Resolution.cpp
  RFGloves.cpp
  SocketItem.cpp
  TMemory.cpp
  TrayMode.cpp
  User.cpp
  UserPanel.cpp
  Util.cpp
  WinConsole.cpp
  WingBright.cpp
  WingEffect.cpp
  Compiling...
  WingInvisible.cpp
  zCustomJewel.cpp
  zzzmathlib.cpp
     Creating library F:\thoung\Server 6.4.0 - Backup\Client\Release\Main.lib and object F:\thoung\Server 6.4.0 - Backup\Client\Release\Main.exp
LINK : warning LNK4098: defaultlib 'LIBCMT' conflicts with use of other libs; use /NODEFAULTLIB:library
  Generating code
  Finished generating code
  Main.vcxproj -> F:\thoung\Server 6.4.0 - Backup\Client\Release\Main.dll
