D:\MU\DEV\MUEMU\603\EMU\DATASERVER\DATASERVER\RELEASE\DATASERVER_EX603\ALLOWABLEIPLIST.OBJ
D:\MU\DEV\MUEMU\603\EMU\DATASERVER\DATASERVER\RELEASE\DATASERVER_EX603\ARCABATTLE.OBJ
D:\MU\DEV\MUEMU\603\EMU\DATASERVER\DATASERVER\RELEASE\DATASERVER_EX603\BADSYNTAX.OBJ
D:\MU\DEV\MUEMU\603\EMU\DATASERVER\DATASERVER\RELEASE\DATASERVER_EX603\CASHSHOP.OBJ
D:\MU\DEV\MUEMU\603\EMU\DATASERVER\DATASERVER\RELEASE\DATASERVER_EX603\CASTLEDBSET.OBJ
D:\MU\DEV\MUEMU\603\EMU\DATASERVER\DATASERVER\RELEASE\DATASERVER_EX603\CHARACTERMANAGER.OBJ
D:\MU\DEV\MUEMU\603\EMU\DATASERVER\DATASERVER\RELEASE\DATASERVER_EX603\COMMANDMANAGER.OBJ
D:\MU\DEV\MUEMU\603\EMU\DATASERVER\DATASERVER\RELEASE\DATASERVER_EX603\CRITICALSECTION.OBJ
D:\MU\DEV\MUEMU\603\EMU\DATASERVER\DATASERVER\RELEASE\DATASERVER_EX603\CSPROTOCOL.OBJ
D:\MU\DEV\MUEMU\603\EMU\DATASERVER\DATASERVER\RELEASE\DATASERVER_EX603\DATASERVER.EXE.INTERMEDIATE.MANIFEST
D:\MU\DEV\MUEMU\603\EMU\DATASERVER\DATASERVER\RELEASE\DATASERVER_EX603\DATASERVER.OBJ
D:\MU\DEV\MUEMU\603\EMU\DATASERVER\DATASERVER\RELEASE\DATASERVER_EX603\DATASERVER.PCH
D:\MU\DEV\MUEMU\603\EMU\DATASERVER\DATASERVER\RELEASE\DATASERVER_EX603\DATASERVER.RES
D:\MU\DEV\MUEMU\603\EMU\DATASERVER\DATASERVER\RELEASE\DATASERVER_EX603\DATASERVERPROTOCOL.OBJ
D:\MU\DEV\MUEMU\603\EMU\DATASERVER\DATASERVER\RELEASE\DATASERVER_EX603\ESPROTOCOL.OBJ
D:\MU\DEV\MUEMU\603\EMU\DATASERVER\DATASERVER\RELEASE\DATASERVER_EX603\EVENTINVENTORY.OBJ
D:\MU\DEV\MUEMU\603\EMU\DATASERVER\DATASERVER\RELEASE\DATASERVER_EX603\GENSSYSTEM.OBJ
D:\MU\DEV\MUEMU\603\EMU\DATASERVER\DATASERVER\RELEASE\DATASERVER_EX603\GOLDENARCHER.OBJ
D:\MU\DEV\MUEMU\603\EMU\DATASERVER\DATASERVER\RELEASE\DATASERVER_EX603\GUILDMANAGER.OBJ
D:\MU\DEV\MUEMU\603\EMU\DATASERVER\DATASERVER\RELEASE\DATASERVER_EX603\GUILDMATCHING.OBJ
D:\MU\DEV\MUEMU\603\EMU\DATASERVER\DATASERVER\RELEASE\DATASERVER_EX603\HELPER.OBJ
D:\MU\DEV\MUEMU\603\EMU\DATASERVER\DATASERVER\RELEASE\DATASERVER_EX603\LOG.OBJ
D:\MU\DEV\MUEMU\603\EMU\DATASERVER\DATASERVER\RELEASE\DATASERVER_EX603\LUCKYCOIN.OBJ
D:\MU\DEV\MUEMU\603\EMU\DATASERVER\DATASERVER\RELEASE\DATASERVER_EX603\LUCKYITEM.OBJ
D:\MU\DEV\MUEMU\603\EMU\DATASERVER\DATASERVER\RELEASE\DATASERVER_EX603\MASTERSKILLTREE.OBJ
D:\MU\DEV\MUEMU\603\EMU\DATASERVER\DATASERVER\RELEASE\DATASERVER_EX603\MEMSCRIPT.OBJ
D:\MU\DEV\MUEMU\603\EMU\DATASERVER\DATASERVER\RELEASE\DATASERVER_EX603\MINIDUMP.OBJ
D:\MU\DEV\MUEMU\603\EMU\DATASERVER\DATASERVER\RELEASE\DATASERVER_EX603\MURUMMY.OBJ
D:\MU\DEV\MUEMU\603\EMU\DATASERVER\DATASERVER\RELEASE\DATASERVER_EX603\MUUNSYSTEM.OBJ
D:\MU\DEV\MUEMU\603\EMU\DATASERVER\DATASERVER\RELEASE\DATASERVER_EX603\NPCTALK.OBJ
D:\MU\DEV\MUEMU\603\EMU\DATASERVER\DATASERVER\RELEASE\DATASERVER_EX603\PARTYMATCHING.OBJ
D:\MU\DEV\MUEMU\603\EMU\DATASERVER\DATASERVER\RELEASE\DATASERVER_EX603\PCPOINT.OBJ
D:\MU\DEV\MUEMU\603\EMU\DATASERVER\DATASERVER\RELEASE\DATASERVER_EX603\PENTAGRAMSYSTEM.OBJ
D:\MU\DEV\MUEMU\603\EMU\DATASERVER\DATASERVER\RELEASE\DATASERVER_EX603\PERSONALSHOP.OBJ
D:\MU\DEV\MUEMU\603\EMU\DATASERVER\DATASERVER\RELEASE\DATASERVER_EX603\PROTECT.OBJ
D:\MU\DEV\MUEMU\603\EMU\DATASERVER\DATASERVER\RELEASE\DATASERVER_EX603\QUERYMANAGER.OBJ
D:\MU\DEV\MUEMU\603\EMU\DATASERVER\DATASERVER\RELEASE\DATASERVER_EX603\QUEST.OBJ
D:\MU\DEV\MUEMU\603\EMU\DATASERVER\DATASERVER\RELEASE\DATASERVER_EX603\QUESTWORLD.OBJ
D:\MU\DEV\MUEMU\603\EMU\DATASERVER\DATASERVER\RELEASE\DATASERVER_EX603\QUEUE.OBJ
D:\MU\DEV\MUEMU\603\EMU\DATASERVER\DATASERVER\RELEASE\DATASERVER_EX603\SERVERDISPLAYER.OBJ
D:\MU\DEV\MUEMU\603\EMU\DATASERVER\DATASERVER\RELEASE\DATASERVER_EX603\SERVERMANAGER.OBJ
D:\MU\DEV\MUEMU\603\EMU\DATASERVER\DATASERVER\RELEASE\DATASERVER_EX603\SOCKETMANAGER.OBJ
D:\MU\DEV\MUEMU\603\EMU\DATASERVER\DATASERVER\RELEASE\DATASERVER_EX603\STDAFX.OBJ
D:\MU\DEV\MUEMU\603\EMU\DATASERVER\DATASERVER\RELEASE\DATASERVER_EX603\UTIL.OBJ
D:\MU\DEV\MUEMU\603\EMU\DATASERVER\DATASERVER\RELEASE\DATASERVER_EX603\WAREHOUSE.OBJ
D:\MU\DEV\MUEMU\603\EMU\DATASERVER\RELEASE\DATASERVER_EX603\DATASERVER.EXE
D:\MU\DEV\MUEMU\603\EMU\DATASERVER\RELEASE\DATASERVER_EX603\DATASERVER.PDB
E:\thoung\Server 6.4.0 - Backup\eMU\DataServer\DataServer\Release\DataServer_EX603\AllowableIpList.obj
E:\thoung\Server 6.4.0 - Backup\eMU\DataServer\DataServer\Release\DataServer_EX603\ArcaBattle.obj
E:\thoung\Server 6.4.0 - Backup\eMU\DataServer\DataServer\Release\DataServer_EX603\BadSyntax.obj
E:\thoung\Server 6.4.0 - Backup\eMU\DataServer\DataServer\Release\DataServer_EX603\CashShop.obj
E:\thoung\Server 6.4.0 - Backup\eMU\DataServer\DataServer\Release\DataServer_EX603\CastleDBSet.obj
E:\thoung\Server 6.4.0 - Backup\eMU\DataServer\DataServer\Release\DataServer_EX603\CharacterManager.obj
E:\thoung\Server 6.4.0 - Backup\eMU\DataServer\DataServer\Release\DataServer_EX603\cl.command.1.tlog
E:\thoung\Server 6.4.0 - Backup\eMU\DataServer\DataServer\Release\DataServer_EX603\CL.read.1.tlog
E:\thoung\Server 6.4.0 - Backup\eMU\DataServer\DataServer\Release\DataServer_EX603\CL.write.1.tlog
E:\thoung\Server 6.4.0 - Backup\eMU\DataServer\DataServer\Release\DataServer_EX603\CommandManager.obj
E:\thoung\Server 6.4.0 - Backup\eMU\DataServer\DataServer\Release\DataServer_EX603\CriticalSection.obj
E:\thoung\Server 6.4.0 - Backup\eMU\DataServer\DataServer\Release\DataServer_EX603\CSProtocol.obj
E:\thoung\Server 6.4.0 - Backup\eMU\DataServer\DataServer\Release\DataServer_EX603\DataServer.exe.intermediate.manifest
E:\thoung\Server 6.4.0 - Backup\eMU\DataServer\DataServer\Release\DataServer_EX603\DataServer.obj
E:\thoung\Server 6.4.0 - Backup\eMU\DataServer\DataServer\Release\DataServer_EX603\DataServer.pch
E:\thoung\Server 6.4.0 - Backup\eMU\DataServer\DataServer\Release\DataServer_EX603\DataServer.res
E:\thoung\Server 6.4.0 - Backup\eMU\DataServer\DataServer\Release\DataServer_EX603\DataServer.vcxprojResolveAssemblyReference.cache
E:\thoung\Server 6.4.0 - Backup\eMU\DataServer\DataServer\Release\DataServer_EX603\DataServer.write.1.tlog
E:\thoung\Server 6.4.0 - Backup\eMU\DataServer\DataServer\Release\DataServer_EX603\DataServerProtocol.obj
E:\thoung\Server 6.4.0 - Backup\eMU\DataServer\DataServer\Release\DataServer_EX603\ESProtocol.obj
E:\thoung\Server 6.4.0 - Backup\eMU\DataServer\DataServer\Release\DataServer_EX603\EventInventory.obj
E:\thoung\Server 6.4.0 - Backup\eMU\DataServer\DataServer\Release\DataServer_EX603\GensSystem.obj
E:\thoung\Server 6.4.0 - Backup\eMU\DataServer\DataServer\Release\DataServer_EX603\GoldenArcher.obj
E:\thoung\Server 6.4.0 - Backup\eMU\DataServer\DataServer\Release\DataServer_EX603\GuildManager.obj
E:\thoung\Server 6.4.0 - Backup\eMU\DataServer\DataServer\Release\DataServer_EX603\GuildMatching.obj
E:\thoung\Server 6.4.0 - Backup\eMU\DataServer\DataServer\Release\DataServer_EX603\Helper.obj
E:\thoung\Server 6.4.0 - Backup\eMU\DataServer\DataServer\Release\DataServer_EX603\link.command.1.tlog
E:\thoung\Server 6.4.0 - Backup\eMU\DataServer\DataServer\Release\DataServer_EX603\link.read.1.tlog
E:\thoung\Server 6.4.0 - Backup\eMU\DataServer\DataServer\Release\DataServer_EX603\link.write.1.tlog
E:\thoung\Server 6.4.0 - Backup\eMU\DataServer\DataServer\Release\DataServer_EX603\link-cvtres.read.1.tlog
E:\thoung\Server 6.4.0 - Backup\eMU\DataServer\DataServer\Release\DataServer_EX603\link-cvtres.write.1.tlog
E:\thoung\Server 6.4.0 - Backup\eMU\DataServer\DataServer\Release\DataServer_EX603\Log.obj
E:\thoung\Server 6.4.0 - Backup\eMU\DataServer\DataServer\Release\DataServer_EX603\LuckyCoin.obj
E:\thoung\Server 6.4.0 - Backup\eMU\DataServer\DataServer\Release\DataServer_EX603\LuckyItem.obj
E:\thoung\Server 6.4.0 - Backup\eMU\DataServer\DataServer\Release\DataServer_EX603\MasterSkillTree.obj
E:\thoung\Server 6.4.0 - Backup\eMU\DataServer\DataServer\Release\DataServer_EX603\MemScript.obj
E:\thoung\Server 6.4.0 - Backup\eMU\DataServer\DataServer\Release\DataServer_EX603\MiniDump.obj
E:\thoung\Server 6.4.0 - Backup\eMU\DataServer\DataServer\Release\DataServer_EX603\mt.command.1.tlog
E:\thoung\Server 6.4.0 - Backup\eMU\DataServer\DataServer\Release\DataServer_EX603\mt.read.1.tlog
E:\thoung\Server 6.4.0 - Backup\eMU\DataServer\DataServer\Release\DataServer_EX603\mt.write.1.tlog
E:\thoung\Server 6.4.0 - Backup\eMU\DataServer\DataServer\Release\DataServer_EX603\MuRummy.obj
E:\thoung\Server 6.4.0 - Backup\eMU\DataServer\DataServer\Release\DataServer_EX603\MuunSystem.obj
E:\thoung\Server 6.4.0 - Backup\eMU\DataServer\DataServer\Release\DataServer_EX603\NpcTalk.obj
E:\thoung\Server 6.4.0 - Backup\eMU\DataServer\DataServer\Release\DataServer_EX603\PartyMatching.obj
E:\thoung\Server 6.4.0 - Backup\eMU\DataServer\DataServer\Release\DataServer_EX603\PcPoint.obj
E:\thoung\Server 6.4.0 - Backup\eMU\DataServer\DataServer\Release\DataServer_EX603\PentagramSystem.obj
E:\thoung\Server 6.4.0 - Backup\eMU\DataServer\DataServer\Release\DataServer_EX603\PersonalShop.obj
E:\thoung\Server 6.4.0 - Backup\eMU\DataServer\DataServer\Release\DataServer_EX603\Protect.obj
E:\thoung\Server 6.4.0 - Backup\eMU\DataServer\DataServer\Release\DataServer_EX603\QueryManager.obj
E:\thoung\Server 6.4.0 - Backup\eMU\DataServer\DataServer\Release\DataServer_EX603\Quest.obj
E:\thoung\Server 6.4.0 - Backup\eMU\DataServer\DataServer\Release\DataServer_EX603\QuestWorld.obj
E:\thoung\Server 6.4.0 - Backup\eMU\DataServer\DataServer\Release\DataServer_EX603\Queue.obj
E:\thoung\Server 6.4.0 - Backup\eMU\DataServer\DataServer\Release\DataServer_EX603\rc.command.1.tlog
E:\thoung\Server 6.4.0 - Backup\eMU\DataServer\DataServer\Release\DataServer_EX603\rc.read.1.tlog
E:\thoung\Server 6.4.0 - Backup\eMU\DataServer\DataServer\Release\DataServer_EX603\rc.write.1.tlog
E:\thoung\Server 6.4.0 - Backup\eMU\DataServer\DataServer\Release\DataServer_EX603\ServerDisplayer.obj
E:\thoung\Server 6.4.0 - Backup\eMU\DataServer\DataServer\Release\DataServer_EX603\ServerManager.obj
E:\thoung\Server 6.4.0 - Backup\eMU\DataServer\DataServer\Release\DataServer_EX603\SocketManager.obj
E:\thoung\Server 6.4.0 - Backup\eMU\DataServer\DataServer\Release\DataServer_EX603\stdafx.obj
E:\thoung\Server 6.4.0 - Backup\eMU\DataServer\DataServer\Release\DataServer_EX603\Util.obj
E:\thoung\Server 6.4.0 - Backup\eMU\DataServer\DataServer\Release\DataServer_EX603\Warehouse.obj
E:\thoung\Server 6.4.0 - Backup\eMU\DataServer\Release\DataServer_EX603\DataServer.exe
E:\thoung\Server 6.4.0 - Backup\eMU\DataServer\Release\DataServer_EX603\DataServer.pdb
