D:\MU\DEV\MUEMU\603\MHP\HACKCLIENT2\HACKCLIENT\RELEASE\ANTIHACK.DLL.INTERMEDIATE.MANIFEST
D:\MU\DEV\MUEMU\603\MHP\HACKCLIENT2\HACKCLIENT\RELEASE\ANTIHACK.PCH
D:\MU\DEV\MUEMU\603\MHP\HACKCLIENT2\HACKCLIENT\RELEASE\CCRC32.OBJ
D:\MU\Dev\MuEmu\603\MHP\HackClient2\HackClient\Release\cl.command.1.tlog
D:\MU\Dev\MuEmu\603\MHP\HackClient2\HackClient\Release\CL.read.1.tlog
D:\MU\Dev\MuEmu\603\MHP\HackClient2\HackClient\Release\CL.write.1.tlog
D:\MU\DEV\MUEMU\603\MHP\HACKCLIENT2\HACKCLIENT\RELEASE\CONNECTION.OBJ
D:\MU\DEV\MUEMU\603\MHP\HACKCLIENT2\HACKCLIENT\RELEASE\CRITICALSECTION.OBJ
D:\MU\DEV\MUEMU\603\MHP\HACKCLIENT2\HACKCLIENT\RELEASE\DUMPCHECK.OBJ
D:\MU\DEV\MUEMU\603\MHP\HACKCLIENT2\HACKCLIENT\RELEASE\EXECUTABLECHECK.OBJ
D:\MU\DEV\MUEMU\603\MHP\HACKCLIENT2\HACKCLIENT\RELEASE\FILECHECK.OBJ
D:\MU\DEV\MUEMU\603\MHP\HACKCLIENT2\HACKCLIENT\RELEASE\FILEMAPPINGCHECK.OBJ
D:\MU\DEV\MUEMU\603\MHP\HACKCLIENT2\HACKCLIENT\RELEASE\FILEPROTECT.OBJ
D:\MU\DEV\MUEMU\603\MHP\HACKCLIENT2\HACKCLIENT\RELEASE\HACKCHECK.OBJ
D:\MU\DEV\MUEMU\603\MHP\HACKCLIENT2\HACKCLIENT\RELEASE\HACKCLIENT.OBJ
D:\MU\Dev\MuEmu\603\MHP\HackClient2\HackClient\Release\HackClient.vcxprojResolveAssemblyReference.cache
D:\MU\Dev\MuEmu\603\MHP\HackClient2\HackClient\Release\HackClient.write.1.tlog
D:\MU\DEV\MUEMU\603\MHP\HACKCLIENT2\HACKCLIENT\RELEASE\HACKCLIENT1.RES
D:\MU\DEV\MUEMU\603\MHP\HACKCLIENT2\HACKCLIENT\RELEASE\HACKSERVERPROTOCOL.OBJ
D:\MU\DEV\MUEMU\603\MHP\HACKCLIENT2\HACKCLIENT\RELEASE\LIBRARYCHECK.OBJ
D:\MU\Dev\MuEmu\603\MHP\HackClient2\HackClient\Release\link.command.1.tlog
D:\MU\Dev\MuEmu\603\MHP\HackClient2\HackClient\Release\link.read.1.tlog
D:\MU\Dev\MuEmu\603\MHP\HackClient2\HackClient\Release\link.write.1.tlog
D:\MU\Dev\MuEmu\603\MHP\HackClient2\HackClient\Release\link-cvtres.read.1.tlog
D:\MU\Dev\MuEmu\603\MHP\HackClient2\HackClient\Release\link-cvtres.write.1.tlog
D:\MU\DEV\MUEMU\603\MHP\HACKCLIENT2\HACKCLIENT\RELEASE\LISTMANAGER.OBJ
D:\MU\DEV\MUEMU\603\MHP\HACKCLIENT2\HACKCLIENT\RELEASE\LOG.OBJ
D:\MU\DEV\MUEMU\603\MHP\HACKCLIENT2\HACKCLIENT\RELEASE\MACROCHECK.OBJ
D:\MU\DEV\MUEMU\603\MHP\HACKCLIENT2\HACKCLIENT\RELEASE\MESSAGE.OBJ
D:\MU\Dev\MuEmu\603\MHP\HackClient2\HackClient\Release\mt.command.1.tlog
D:\MU\Dev\MuEmu\603\MHP\HackClient2\HackClient\Release\mt.read.1.tlog
D:\MU\Dev\MuEmu\603\MHP\HackClient2\HackClient\Release\mt.write.1.tlog
D:\MU\DEV\MUEMU\603\MHP\HACKCLIENT2\HACKCLIENT\RELEASE\PROCESSCHECK.OBJ
D:\MU\DEV\MUEMU\603\MHP\HACKCLIENT2\HACKCLIENT\RELEASE\PROCESSMANAGER.OBJ
D:\MU\DEV\MUEMU\603\MHP\HACKCLIENT2\HACKCLIENT\RELEASE\PROCESSQUERY.OBJ
D:\MU\DEV\MUEMU\603\MHP\HACKCLIENT2\HACKCLIENT\RELEASE\PROTECT.OBJ
D:\MU\Dev\MuEmu\603\MHP\HackClient2\HackClient\Release\rc.command.1.tlog
D:\MU\Dev\MuEmu\603\MHP\HackClient2\HackClient\Release\rc.read.1.tlog
D:\MU\Dev\MuEmu\603\MHP\HackClient2\HackClient\Release\rc.write.1.tlog
D:\MU\DEV\MUEMU\603\MHP\HACKCLIENT2\HACKCLIENT\RELEASE\REGISTRYCHECK.OBJ
D:\MU\DEV\MUEMU\603\MHP\HACKCLIENT2\HACKCLIENT\RELEASE\SCREENCAPTURE.OBJ
D:\MU\DEV\MUEMU\603\MHP\HACKCLIENT2\HACKCLIENT\RELEASE\SIMPLEMODULES.OBJ
D:\MU\DEV\MUEMU\603\MHP\HACKCLIENT2\HACKCLIENT\RELEASE\SPLASHSCREEN.OBJ
D:\MU\DEV\MUEMU\603\MHP\HACKCLIENT2\HACKCLIENT\RELEASE\STDAFX.OBJ
D:\MU\DEV\MUEMU\603\MHP\HACKCLIENT2\HACKCLIENT\RELEASE\THREADCHECK.OBJ
D:\MU\DEV\MUEMU\603\MHP\HACKCLIENT2\HACKCLIENT\RELEASE\UTIL.OBJ
D:\MU\DEV\MUEMU\603\MHP\HACKCLIENT2\HACKCLIENT\RELEASE\WINDOWCHECK.OBJ
D:\MU\DEV\MUEMU\603\MHP\HACKCLIENT2\RELEASE\ANTIHACK.DLL
D:\MU\Dev\MuEmu\603\MHP\HackClient2\Release\Antihack.exp
D:\MU\Dev\MuEmu\603\MHP\HackClient2\Release\Antihack.lib
D:\MU\DEV\MUEMU\603\MHP\HACKCLIENT2\RELEASE\ANTIHACK.MAP
D:\MU\DEV\MUEMU\603\MHP\HACKCLIENT2\RELEASE\ANTIHACK.PDB
