F:\THOUNG\SERVER 6.4.0 - BACKUP\MHP\GETCLIENTINFO\GETCLIENTINFO\RELEASE\CCRC32.OBJ
F:\thoung\Server 6.4.0 - Backup\MHP\GetClientInfo\GetClientInfo\Release\cl.command.1.tlog
F:\thoung\Server 6.4.0 - Backup\MHP\GetClientInfo\GetClientInfo\Release\CL.read.1.tlog
F:\thoung\Server 6.4.0 - Backup\MHP\GetClientInfo\GetClientInfo\Release\CL.write.1.tlog
F:\THOUNG\SERVER 6.4.0 - BACKUP\MHP\GETCLIENTINFO\GETCLIENTINFO\RELEASE\GETCLIENTINFO.EXE.INTERMEDIATE.MANIFEST
F:\THOUNG\SERVER 6.4.0 - BACKUP\MHP\GETCLIENTINFO\GETCLIENTINFO\RELEASE\GETCLIENTINFO.OBJ
F:\THOUNG\SERVER 6.4.0 - BACKUP\MHP\GETCLIENTINFO\GETCLIENTINFO\RELEASE\GETCLIENTINFO.PCH
F:\THOUNG\SERVER 6.4.0 - BACKUP\MHP\GETCLIENTINFO\GETCLIENTINFO\RELEASE\GETMAININFO.RES
F:\thoung\Server 6.4.0 - Backup\MHP\GetClientInfo\GetClientInfo\Release\link.command.1.tlog
F:\thoung\Server 6.4.0 - Backup\MHP\GetClientInfo\GetClientInfo\Release\link.read.1.tlog
F:\thoung\Server 6.4.0 - Backup\MHP\GetClientInfo\GetClientInfo\Release\link.write.1.tlog
F:\thoung\Server 6.4.0 - Backup\MHP\GetClientInfo\GetClientInfo\Release\link-cvtres.read.1.tlog
F:\thoung\Server 6.4.0 - Backup\MHP\GetClientInfo\GetClientInfo\Release\link-cvtres.write.1.tlog
F:\THOUNG\SERVER 6.4.0 - BACKUP\MHP\GETCLIENTINFO\GETCLIENTINFO\RELEASE\MEMSCRIPT.OBJ
F:\THOUNG\SERVER 6.4.0 - BACKUP\MHP\GETCLIENTINFO\GETCLIENTINFO\RELEASE\MESSAGE.OBJ
F:\thoung\Server 6.4.0 - Backup\MHP\GetClientInfo\GetClientInfo\Release\mt.command.1.tlog
F:\thoung\Server 6.4.0 - Backup\MHP\GetClientInfo\GetClientInfo\Release\mt.read.1.tlog
F:\thoung\Server 6.4.0 - Backup\MHP\GetClientInfo\GetClientInfo\Release\mt.write.1.tlog
F:\thoung\Server 6.4.0 - Backup\MHP\GetClientInfo\GetClientInfo\Release\rc.command.1.tlog
F:\thoung\Server 6.4.0 - Backup\MHP\GetClientInfo\GetClientInfo\Release\rc.read.1.tlog
F:\thoung\Server 6.4.0 - Backup\MHP\GetClientInfo\GetClientInfo\Release\rc.write.1.tlog
F:\THOUNG\SERVER 6.4.0 - BACKUP\MHP\GETCLIENTINFO\GETCLIENTINFO\RELEASE\STDAFX.OBJ
F:\THOUNG\SERVER 6.4.0 - BACKUP\MHP\GETCLIENTINFO\GETCLIENTINFO\RELEASE\VC100.PDB
F:\THOUNG\SERVER 6.4.0 - BACKUP\MHP\GETCLIENTINFO\RELEASE\GETCLIENTINFO.EXE
F:\THOUNG\SERVER 6.4.0 - BACKUP\MHP\GETCLIENTINFO\RELEASE\GETCLIENTINFO.PDB
