Build started 25/02/2015 16:03:33.
     1>Project "C:\X-Team Studio\SOURCE\Bridge\AntiHack\AntiHack.vcxproj" on node 2 (rebuild target(s)).
     1>_PrepareForClean:
         Deleting file "Debug\AntiHack.lastbuildstate".
       InitializeBuildStatus:
         Creating "Debug\AntiHack.unsuccessfulbuild" because "AlwaysCreate" was specified.
       ClCompile:
         C:\Program Files (x86)\Microsoft Visual Studio 10.0\VC\bin\CL.exe /c /ZI /nologo /W3 /WX- /Od /Oy- /D WIN32 /D _DEBUG /D _WINDOWS /D _USRDLL /D ANTIHACK_EXPORTS /D _WINDLL /D _MBCS /Gm /EHsc /RTC1 /MDd /GS /fp:precise /Zc:wchar_t /Zc:forScope /Yc"StdAfx.h" /Fp"Debug\AntiHack.pch" /Fo"Debug\\" /Fd"Debug\vc100.pdb" /Gd /TP /analyze- /errorReport:prompt stdafx.cpp
         stdafx.cpp
         C:\Program Files (x86)\Microsoft Visual Studio 10.0\VC\bin\CL.exe /c /ZI /nologo /W3 /WX- /Od /Oy- /D WIN32 /D _DEBUG /D _WINDOWS /D _USRDLL /D ANTIHACK_EXPORTS /D _WINDLL /D _MBCS /Gm /EHsc /RTC1 /MDd /GS /fp:precise /Zc:wchar_t /Zc:forScope /Yu"StdAfx.h" /Fp"Debug\AntiHack.pch" /Fo"Debug\\" /Fd"Debug\vc100.pdb" /Gd /TP /analyze- /errorReport:prompt AntiHack.cpp
         AntiHack.cpp
       ManifestResourceCompile:
         C:\Program Files (x86)\Microsoft SDKs\Windows\v7.0A\bin\rc.exe /nologo /fo"Debug\AntiHack.dll.embed.manifest.res" Debug\AntiHack_manifest.rc 
       Link:
         C:\Program Files (x86)\Microsoft Visual Studio 10.0\VC\bin\link.exe /ERRORREPORT:PROMPT /OUT:"C:\X-Team Studio\SOURCE\Bridge\Debug\AntiHack.dll" /INCREMENTAL /NOLOGO kernel32.lib user32.lib gdi32.lib winspool.lib comdlg32.lib advapi32.lib shell32.lib ole32.lib oleaut32.lib uuid.lib odbc32.lib odbccp32.lib /MANIFEST /ManifestFile:"Debug\AntiHack.dll.intermediate.manifest" /MANIFESTUAC:"level='asInvoker' uiAccess='false'" /DEBUG /PDB:"C:\X-Team Studio\SOURCE\Bridge\Debug\AntiHack.pdb" /SUBSYSTEM:WINDOWS /TLBID:1 /DYNAMICBASE /NXCOMPAT /IMPLIB:"C:\X-Team Studio\SOURCE\Bridge\Debug\AntiHack.lib" /MACHINE:X86 /DLL Debug\AntiHack.dll.embed.manifest.res
         Debug\AntiHack.obj
         Debug\stdafx.obj
            Creating library C:\X-Team Studio\SOURCE\Bridge\Debug\AntiHack.lib and object C:\X-Team Studio\SOURCE\Bridge\Debug\AntiHack.exp
       Manifest:
         Deleting file "Debug\AntiHack.dll.embed.manifest".
         C:\Program Files (x86)\Microsoft SDKs\Windows\v7.0A\bin\mt.exe /nologo /verbose /out:"Debug\AntiHack.dll.embed.manifest" /manifest Debug\AntiHack.dll.intermediate.manifest
         C:\Program Files (x86)\Microsoft SDKs\Windows\v7.0A\bin\rc.exe /nologo /fo"Debug\AntiHack.dll.embed.manifest.res" Debug\AntiHack_manifest.rc 
       LinkEmbedManifest:
         C:\Program Files (x86)\Microsoft Visual Studio 10.0\VC\bin\link.exe /ERRORREPORT:PROMPT /OUT:"C:\X-Team Studio\SOURCE\Bridge\Debug\AntiHack.dll" /INCREMENTAL /NOLOGO kernel32.lib user32.lib gdi32.lib winspool.lib comdlg32.lib advapi32.lib shell32.lib ole32.lib oleaut32.lib uuid.lib odbc32.lib odbccp32.lib /MANIFEST /ManifestFile:"Debug\AntiHack.dll.intermediate.manifest" /MANIFESTUAC:"level='asInvoker' uiAccess='false'" /DEBUG /PDB:"C:\X-Team Studio\SOURCE\Bridge\Debug\AntiHack.pdb" /SUBSYSTEM:WINDOWS /TLBID:1 /DYNAMICBASE /NXCOMPAT /IMPLIB:"C:\X-Team Studio\SOURCE\Bridge\Debug\AntiHack.lib" /MACHINE:X86 /DLL Debug\AntiHack.dll.embed.manifest.res
         Debug\AntiHack.obj
         Debug\stdafx.obj
            Creating library C:\X-Team Studio\SOURCE\Bridge\Debug\AntiHack.lib and object C:\X-Team Studio\SOURCE\Bridge\Debug\AntiHack.exp
         AntiHack.vcxproj -> C:\X-Team Studio\SOURCE\Bridge\Debug\AntiHack.dll
       FinalizeBuildStatus:
         Deleting file "Debug\AntiHack.unsuccessfulbuild".
         Touching "Debug\AntiHack.lastbuildstate".
     1>Done Building Project "C:\X-Team Studio\SOURCE\Bridge\AntiHack\AntiHack.vcxproj" (rebuild target(s)).

Build succeeded.

Time Elapsed 00:00:00.91
