C:\X-TEAM STUDIO\SOURCE\BRIDGE\ANTIHACK\DEBUG\ANTIHACK.DLL.EMBED.MANIFEST
C:\X-TEAM STUDIO\SOURCE\BRIDGE\ANTIHACK\DEBUG\ANTIHACK.DLL.EMBED.MANIFEST.RES
C:\X-TEAM STUDIO\SOURCE\BRIDGE\ANTIHACK\DEBUG\ANTIHACK.DLL.INTERMEDIATE.MANIFEST
C:\X-TEAM STUDIO\SOURCE\BRIDGE\ANTIHACK\DEBUG\ANTIHACK.OBJ
C:\X-TEAM STUDIO\SOURCE\BRIDGE\ANTIHACK\DEBUG\ANTIHACK.PCH
C:\X-Team Studio\SOURCE\Bridge\AntiHack\Debug\AntiHack.write.1.tlog
C:\X-Team Studio\SOURCE\Bridge\AntiHack\Debug\AntiHack_manifest.rc
C:\X-Team Studio\SOURCE\Bridge\AntiHack\Debug\cl.command.1.tlog
C:\X-Team Studio\SOURCE\Bridge\AntiHack\Debug\CL.read.1.tlog
C:\X-Team Studio\SOURCE\Bridge\AntiHack\Debug\CL.write.1.tlog
C:\X-Team Studio\SOURCE\Bridge\AntiHack\Debug\link.10448.read.1.tlog
C:\X-Team Studio\SOURCE\Bridge\AntiHack\Debug\link.10448.write.1.tlog
C:\X-Team Studio\SOURCE\Bridge\AntiHack\Debug\link.10448-cvtres.read.1.tlog
C:\X-Team Studio\SOURCE\Bridge\AntiHack\Debug\link.10448-cvtres.write.1.tlog
C:\X-Team Studio\SOURCE\Bridge\AntiHack\Debug\link.command.1.tlog
C:\X-Team Studio\SOURCE\Bridge\AntiHack\Debug\link.read.1.tlog
C:\X-Team Studio\SOURCE\Bridge\AntiHack\Debug\link.write.1.tlog
C:\X-Team Studio\SOURCE\Bridge\AntiHack\Debug\link-cvtres.read.1.tlog
C:\X-Team Studio\SOURCE\Bridge\AntiHack\Debug\link-cvtres.write.1.tlog
C:\X-Team Studio\SOURCE\Bridge\AntiHack\Debug\mt.command.1.tlog
C:\X-Team Studio\SOURCE\Bridge\AntiHack\Debug\mt.read.1.tlog
C:\X-Team Studio\SOURCE\Bridge\AntiHack\Debug\mt.write.1.tlog
C:\X-Team Studio\SOURCE\Bridge\AntiHack\Debug\rc.command.1.tlog
C:\X-Team Studio\SOURCE\Bridge\AntiHack\Debug\rc.read.1.tlog
C:\X-Team Studio\SOURCE\Bridge\AntiHack\Debug\rc.write.1.tlog
C:\X-TEAM STUDIO\SOURCE\BRIDGE\ANTIHACK\DEBUG\STDAFX.OBJ
C:\X-Team Studio\SOURCE\Bridge\AntiHack\Debug\vc100.idb
C:\X-TEAM STUDIO\SOURCE\BRIDGE\ANTIHACK\DEBUG\VC100.PDB
C:\X-TEAM STUDIO\SOURCE\BRIDGE\DEBUG\ANTIHACK.DLL
C:\X-TEAM STUDIO\SOURCE\BRIDGE\DEBUG\ANTIHACK.ILK
C:\X-TEAM STUDIO\SOURCE\BRIDGE\DEBUG\ANTIHACK.PDB
