Build started 9/20/2018 12:37:03 PM.
     1>Project "D:\MU\Dev\MuEmu\603\MHP\HackVerify\HackVerify\HackVerify.vcxproj" on node 2 (build target(s)).
     1>InitializeBuildStatus:
         Touching "Release\HackVerify.unsuccessfulbuild".
       ClCompile:
         c:\Program Files (x86)\Microsoft Visual Studio 10.0\VC\bin\CL.exe /c /nologo /W3 /WX- /O2 /Oi /Oy- /GL /D WIN32 /D NDEBUG /D _WINDOWS /D _USRDLL /D HACKVERIFY_EXPORTS /D _WINDLL /D _MBCS /Gm- /EHsc /MT /GS /Gy /fp:precise /Zc:wchar_t /Zc:forScope /Yc"StdAfx.h" /Fp"Release\MHPVerify.pch" /Fo"Release\\" /Fd"Release\vc100.pdb" /Gd /TP /analyze- /errorReport:prompt stdafx.cpp
         stdafx.cpp
         c:\Program Files (x86)\Microsoft Visual Studio 10.0\VC\bin\CL.exe /c /nologo /W3 /WX- /O2 /Oi /Oy- /GL /D WIN32 /D NDEBUG /D _WINDOWS /D _USRDLL /D HACKVERIFY_EXPORTS /D _WINDLL /D _MBCS /Gm- /EHsc /MT /GS /Gy /fp:precise /Zc:wchar_t /Zc:forScope /Yu"StdAfx.h" /Fp"Release\MHPVerify.pch" /Fo"Release\\" /Fd"Release\vc100.pdb" /Gd /TP /analyze- /errorReport:prompt HackVerify.cpp
         HackVerify.cpp
       ResourceCompile:
         c:\Program Files (x86)\Microsoft SDKs\Windows\v7.0A\bin\rc.exe /l"0x0409" /nologo /fo"Release\HackVerify.res" HackVerify.rc 
       Link:
         c:\Program Files (x86)\Microsoft Visual Studio 10.0\VC\bin\link.exe /ERRORREPORT:PROMPT /OUT:"D:\MU\Dev\MuEmu\603\MHP\HackVerify\Release\MHPVerify.dll" /INCREMENTAL:NO /NOLOGO kernel32.lib user32.lib gdi32.lib winspool.lib comdlg32.lib advapi32.lib shell32.lib ole32.lib oleaut32.lib uuid.lib odbc32.lib odbccp32.lib /MANIFEST /ManifestFile:"Release\MHPVerify.dll.intermediate.manifest" /MANIFESTUAC:"level='asInvoker' uiAccess='false'" /DEBUG /PDB:"D:\MU\Dev\MuEmu\603\MHP\HackVerify\Release\MHPVerify.pdb" /SUBSYSTEM:WINDOWS /OPT:REF /OPT:ICF /LTCG /TLBID:1 /DYNAMICBASE /NXCOMPAT /IMPLIB:"D:\MU\Dev\MuEmu\603\MHP\HackVerify\Release\MHPVerify.lib" /MACHINE:X86 /DLL Release\HackVerify.res
         Release\HackVerify.obj
         Release\stdafx.obj
         Generating code
         Finished generating code
     1>detours.lib(detours.obj) : warning LNK4099: PDB 'detours.pdb' was not found with 'detours.lib(detours.obj)' or at 'D:\MU\Dev\MuEmu\603\MHP\HackVerify\Release\detours.pdb'; linking object as if no debug info
     1>detours.lib(disasm.obj) : warning LNK4099: PDB 'detours.pdb' was not found with 'detours.lib(disasm.obj)' or at 'D:\MU\Dev\MuEmu\603\MHP\HackVerify\Release\detours.pdb'; linking object as if no debug info
         HackVerify.vcxproj -> D:\MU\Dev\MuEmu\603\MHP\HackVerify\Release\MHPVerify.dll
       Manifest:
         c:\Program Files (x86)\Microsoft SDKs\Windows\v7.0A\bin\mt.exe /nologo /verbose /outputresource:"D:\MU\Dev\MuEmu\603\MHP\HackVerify\Release\MHPVerify.dll;#2" /manifest Release\MHPVerify.dll.intermediate.manifest
       FinalizeBuildStatus:
         Deleting file "Release\HackVerify.unsuccessfulbuild".
         Touching "Release\HackVerify.lastbuildstate".
     1>Done Building Project "D:\MU\Dev\MuEmu\603\MHP\HackVerify\HackVerify\HackVerify.vcxproj" (build target(s)).

Build succeeded.

Time Elapsed 00:00:02.36
