E:\THOUNG\SERVER 6.4.0 - BACKUP\EMU\CONNECTSERVER\CONNECTSERVER\DEBUG\ANTIFLOODSYSTEM.OBJ
E:\thoung\Server 6.4.0 - Backup\eMU\ConnectServer\ConnectServer\Debug\cl.command.1.tlog
E:\thoung\Server 6.4.0 - Backup\eMU\ConnectServer\ConnectServer\Debug\CL.read.1.tlog
E:\thoung\Server 6.4.0 - Backup\eMU\ConnectServer\ConnectServer\Debug\CL.write.1.tlog
E:\THOUNG\SERVER 6.4.0 - BACKUP\EMU\CONNECTSERVER\CONNECTSERVER\DEBUG\CLIENTMANAGER.OBJ
E:\THOUNG\SERVER 6.4.0 - BACKUP\EMU\CONNECTSERVER\CONNECTSERVER\DEBUG\CONNECTSERVER.EXE.EMBED.MANIFEST
E:\THOUNG\SERVER 6.4.0 - BACKUP\EMU\CONNECTSERVER\CONNECTSERVER\DEBUG\CONNECTSERVER.EXE.EMBED.MANIFEST.RES
E:\THOUNG\SERVER 6.4.0 - BACKUP\EMU\CONNECTSERVER\CONNECTSERVER\DEBUG\CONNECTSERVER.EXE.INTERMEDIATE.MANIFEST
E:\THOUNG\SERVER 6.4.0 - BACKUP\EMU\CONNECTSERVER\CONNECTSERVER\DEBUG\CONNECTSERVER.OBJ
E:\THOUNG\SERVER 6.4.0 - BACKUP\EMU\CONNECTSERVER\CONNECTSERVER\DEBUG\CONNECTSERVER.PCH
E:\THOUNG\SERVER 6.4.0 - BACKUP\EMU\CONNECTSERVER\CONNECTSERVER\DEBUG\CONNECTSERVER.RES
E:\thoung\Server 6.4.0 - Backup\eMU\ConnectServer\ConnectServer\Debug\ConnectServer_manifest.rc
E:\THOUNG\SERVER 6.4.0 - BACKUP\EMU\CONNECTSERVER\CONNECTSERVER\DEBUG\CONNECTSERVERPROTOCOL.OBJ
E:\THOUNG\SERVER 6.4.0 - BACKUP\EMU\CONNECTSERVER\CONNECTSERVER\DEBUG\CRITICALSECTION.OBJ
E:\THOUNG\SERVER 6.4.0 - BACKUP\EMU\CONNECTSERVER\CONNECTSERVER\DEBUG\IPMANAGER.OBJ
E:\thoung\Server 6.4.0 - Backup\eMU\ConnectServer\ConnectServer\Debug\link.command.1.tlog
E:\thoung\Server 6.4.0 - Backup\eMU\ConnectServer\ConnectServer\Debug\link.read.1.tlog
E:\thoung\Server 6.4.0 - Backup\eMU\ConnectServer\ConnectServer\Debug\link.write.1.tlog
E:\thoung\Server 6.4.0 - Backup\eMU\ConnectServer\ConnectServer\Debug\link-cvtres.read.1.tlog
E:\thoung\Server 6.4.0 - Backup\eMU\ConnectServer\ConnectServer\Debug\link-cvtres.write.1.tlog
E:\THOUNG\SERVER 6.4.0 - BACKUP\EMU\CONNECTSERVER\CONNECTSERVER\DEBUG\LOG.OBJ
E:\THOUNG\SERVER 6.4.0 - BACKUP\EMU\CONNECTSERVER\CONNECTSERVER\DEBUG\MEMSCRIPT.OBJ
E:\THOUNG\SERVER 6.4.0 - BACKUP\EMU\CONNECTSERVER\CONNECTSERVER\DEBUG\MINIDUMP.OBJ
E:\thoung\Server 6.4.0 - Backup\eMU\ConnectServer\ConnectServer\Debug\mt.command.1.tlog
E:\thoung\Server 6.4.0 - Backup\eMU\ConnectServer\ConnectServer\Debug\mt.read.1.tlog
E:\thoung\Server 6.4.0 - Backup\eMU\ConnectServer\ConnectServer\Debug\mt.write.1.tlog
E:\THOUNG\SERVER 6.4.0 - BACKUP\EMU\CONNECTSERVER\CONNECTSERVER\DEBUG\PROTECT.OBJ
E:\THOUNG\SERVER 6.4.0 - BACKUP\EMU\CONNECTSERVER\CONNECTSERVER\DEBUG\QUEUE.OBJ
E:\thoung\Server 6.4.0 - Backup\eMU\ConnectServer\ConnectServer\Debug\rc.command.1.tlog
E:\thoung\Server 6.4.0 - Backup\eMU\ConnectServer\ConnectServer\Debug\rc.read.1.tlog
E:\thoung\Server 6.4.0 - Backup\eMU\ConnectServer\ConnectServer\Debug\rc.write.1.tlog
E:\THOUNG\SERVER 6.4.0 - BACKUP\EMU\CONNECTSERVER\CONNECTSERVER\DEBUG\SERVERDISPLAYER.OBJ
E:\THOUNG\SERVER 6.4.0 - BACKUP\EMU\CONNECTSERVER\CONNECTSERVER\DEBUG\SERVERLIST.OBJ
E:\THOUNG\SERVER 6.4.0 - BACKUP\EMU\CONNECTSERVER\CONNECTSERVER\DEBUG\SOCKETMANAGER.OBJ
E:\THOUNG\SERVER 6.4.0 - BACKUP\EMU\CONNECTSERVER\CONNECTSERVER\DEBUG\SOCKETMANAGERUDP.OBJ
E:\THOUNG\SERVER 6.4.0 - BACKUP\EMU\CONNECTSERVER\CONNECTSERVER\DEBUG\STDAFX.OBJ
E:\THOUNG\SERVER 6.4.0 - BACKUP\EMU\CONNECTSERVER\CONNECTSERVER\DEBUG\UTIL.OBJ
E:\thoung\Server 6.4.0 - Backup\eMU\ConnectServer\ConnectServer\Debug\vc100.idb
E:\THOUNG\SERVER 6.4.0 - BACKUP\EMU\CONNECTSERVER\CONNECTSERVER\DEBUG\VC100.PDB
E:\THOUNG\SERVER 6.4.0 - BACKUP\EMU\CONNECTSERVER\DEBUG\CONNECTSERVER.EXE
E:\THOUNG\SERVER 6.4.0 - BACKUP\EMU\CONNECTSERVER\DEBUG\CONNECTSERVER.ILK
E:\THOUNG\SERVER 6.4.0 - BACKUP\EMU\CONNECTSERVER\DEBUG\CONNECTSERVER.PDB
