Build started 2015-11-10 22:50:50.
     1>Project "D:\MuDokumenty\x-team\pliki\SOURCE EDIT\MHP\GetInternalList\GetInternalList\GetInternalList.vcxproj" on node 2 (build target(s)).
     1>PrepareForBuild:
         Creating directory "D:\MuDokumenty\x-team\pliki\SOURCE EDIT\MHP\GetInternalList\Release\".
       InitializeBuildStatus:
         Creating "Release\GetInternalList.unsuccessfulbuild" because "AlwaysCreate" was specified.
       ClCompile:
         C:\Program Files (x86)\Microsoft Visual Studio 10.0\VC\bin\CL.exe /c /Zi /nologo /W3 /WX- /O2 /Oi /Oy- /GL /D WIN32 /D NDEBUG /D _CONSOLE /D _UNICODE /D UNICODE /Gm- /EHsc /MD /GS /Gy /fp:precise /Zc:wchar_t /Zc:forScope /Yc"StdAfx.h" /Fp"Release\GetInternalList.pch" /Fo"Release\\" /Fd"Release\vc100.pdb" /Gd /TP /analyze- /errorReport:prompt stdafx.cpp
         stdafx.cpp
         C:\Program Files (x86)\Microsoft Visual Studio 10.0\VC\bin\CL.exe /c /Zi /nologo /W3 /WX- /O2 /Oi /Oy- /GL /D WIN32 /D NDEBUG /D _CONSOLE /D _UNICODE /D UNICODE /Gm- /EHsc /MD /GS /Gy /fp:precise /Zc:wchar_t /Zc:forScope /Yu"StdAfx.h" /Fp"Release\GetInternalList.pch" /Fo"Release\\" /Fd"Release\vc100.pdb" /Gd /TP /analyze- /errorReport:prompt GetInternalList.cpp
         GetInternalList.cpp
       Link:
         C:\Program Files (x86)\Microsoft Visual Studio 10.0\VC\bin\link.exe /ERRORREPORT:PROMPT /OUT:"D:\MuDokumenty\x-team\pliki\SOURCE EDIT\MHP\GetInternalList\Release\GetInternalList.exe" /INCREMENTAL:NO /NOLOGO kernel32.lib user32.lib gdi32.lib winspool.lib comdlg32.lib advapi32.lib shell32.lib ole32.lib oleaut32.lib uuid.lib odbc32.lib odbccp32.lib /MANIFEST /ManifestFile:"Release\GetInternalList.exe.intermediate.manifest" /MANIFESTUAC:"level='asInvoker' uiAccess='false'" /DEBUG /PDB:"D:\MuDokumenty\x-team\pliki\SOURCE EDIT\MHP\GetInternalList\Release\GetInternalList.pdb" /SUBSYSTEM:CONSOLE /OPT:REF /OPT:ICF /LTCG /TLBID:1 /DYNAMICBASE /NXCOMPAT /IMPLIB:"D:\MuDokumenty\x-team\pliki\SOURCE EDIT\MHP\GetInternalList\Release\GetInternalList.lib" /MACHINE:X86 Release\GetInternalList.obj
         Release\stdafx.obj
         Generating code
         Finished generating code
         GetInternalList.vcxproj -> D:\MuDokumenty\x-team\pliki\SOURCE EDIT\MHP\GetInternalList\Release\GetInternalList.exe
       Manifest:
         C:\Program Files (x86)\Microsoft SDKs\Windows\v7.0A\bin\mt.exe /nologo /verbose /outputresource:"D:\MuDokumenty\x-team\pliki\SOURCE EDIT\MHP\GetInternalList\Release\GetInternalList.exe;#1" /manifest Release\GetInternalList.exe.intermediate.manifest
       FinalizeBuildStatus:
         Deleting file "Release\GetInternalList.unsuccessfulbuild".
         Touching "Release\GetInternalList.lastbuildstate".
     1>Done Building Project "D:\MuDokumenty\x-team\pliki\SOURCE EDIT\MHP\GetInternalList\GetInternalList\GetInternalList.vcxproj" (build target(s)).

Build succeeded.

Time Elapsed 00:00:00.85
