Build started 20/04/2015 18:23:58.
     1>Project "C:\X-Team Studio\SOURCE\MHP\Bridge\AntiHack\AntiHack.vcxproj" on node 2 (rebuild target(s)).
     1>_PrepareForClean:
         Deleting file "Release\AntiHack.lastbuildstate".
       InitializeBuildStatus:
         Creating "Release\AntiHack.unsuccessfulbuild" because "AlwaysCreate" was specified.
       ClCompile:
         C:\Program Files (x86)\Microsoft Visual Studio 10.0\VC\bin\CL.exe /c /Zi /nologo /W3 /WX- /O2 /Oi /Oy- /GL /D WIN32 /D NDEBUG /D _WINDOWS /D _USRDLL /D ANTIHACK_EXPORTS /D _WINDLL /D _MBCS /Gm- /EHsc /MT /GS /Gy /fp:precise /Zc:wchar_t /Zc:forScope /Yc"StdAfx.h" /Fp"Release\MHPBridge.pch" /Fo"Release\\" /Fd"Release\vc100.pdb" /Gd /TP /analyze- /errorReport:prompt stdafx.cpp
         stdafx.cpp
         C:\Program Files (x86)\Microsoft Visual Studio 10.0\VC\bin\CL.exe /c /Zi /nologo /W3 /WX- /O2 /Oi /Oy- /GL /D WIN32 /D NDEBUG /D _WINDOWS /D _USRDLL /D ANTIHACK_EXPORTS /D _WINDLL /D _MBCS /Gm- /EHsc /MT /GS /Gy /fp:precise /Zc:wchar_t /Zc:forScope /Yu"StdAfx.h" /Fp"Release\MHPBridge.pch" /Fo"Release\\" /Fd"Release\vc100.pdb" /Gd /TP /analyze- /errorReport:prompt AntiHack.cpp
         AntiHack.cpp
       Link:
         C:\Program Files (x86)\Microsoft Visual Studio 10.0\VC\bin\link.exe /ERRORREPORT:PROMPT /OUT:"C:\X-Team Studio\SOURCE\MHP\Bridge\Release\MHPBridge.dll" /INCREMENTAL:NO /NOLOGO kernel32.lib user32.lib gdi32.lib winspool.lib comdlg32.lib advapi32.lib shell32.lib ole32.lib oleaut32.lib uuid.lib odbc32.lib odbccp32.lib /MANIFEST /ManifestFile:"Release\MHPBridge.dll.intermediate.manifest" /MANIFESTUAC:"level='asInvoker' uiAccess='false'" /DEBUG /PDB:"C:\X-Team Studio\SOURCE\MHP\Bridge\Release\MHPBridge.pdb" /SUBSYSTEM:WINDOWS /OPT:REF /OPT:ICF /LTCG /TLBID:1 /DYNAMICBASE /NXCOMPAT /IMPLIB:"C:\X-Team Studio\SOURCE\MHP\Bridge\Release\MHPBridge.lib" /MACHINE:X86 /DLL Release\AntiHack.obj
         Release\stdafx.obj
         Generating code
         Finished generating code
         AntiHack.vcxproj -> C:\X-Team Studio\SOURCE\MHP\Bridge\Release\MHPBridge.dll
       Manifest:
         C:\Program Files (x86)\Microsoft SDKs\Windows\v7.0A\bin\mt.exe /nologo /verbose /outputresource:"C:\X-Team Studio\SOURCE\MHP\Bridge\Release\MHPBridge.dll;#2" /manifest Release\MHPBridge.dll.intermediate.manifest
       FinalizeBuildStatus:
         Deleting file "Release\AntiHack.unsuccessfulbuild".
         Touching "Release\AntiHack.lastbuildstate".
     1>Done Building Project "C:\X-Team Studio\SOURCE\MHP\Bridge\AntiHack\AntiHack.vcxproj" (rebuild target(s)).

Build succeeded.

Time Elapsed 00:00:00.78
