C:\X-TEAM STUDIO\SOURCE\BRIDGE\ANTIHACK\RELEASE\ANTIHACK.OBJ
C:\X-Team Studio\SOURCE\Bridge\AntiHack\Release\AntiHack.vcxprojResolveAssemblyReference.cache
C:\X-Team Studio\SOURCE\Bridge\AntiHack\Release\AntiHack.write.1.tlog
C:\X-Team Studio\SOURCE\Bridge\AntiHack\Release\cl.command.1.tlog
C:\X-Team Studio\SOURCE\Bridge\AntiHack\Release\CL.read.1.tlog
C:\X-Team Studio\SOURCE\Bridge\AntiHack\Release\CL.write.1.tlog
C:\X-Team Studio\SOURCE\Bridge\AntiHack\Release\link.command.1.tlog
C:\X-Team Studio\SOURCE\Bridge\AntiHack\Release\link.read.1.tlog
C:\X-Team Studio\SOURCE\Bridge\AntiHack\Release\link.write.1.tlog
C:\X-TEAM STUDIO\SOURCE\BRIDGE\ANTIHACK\RELEASE\MHPUTILITY.DLL.INTERMEDIATE.MANIFEST
C:\X-TEAM STUDIO\SOURCE\BRIDGE\ANTIHACK\RELEASE\MHPUTILITY.PCH
C:\X-Team Studio\SOURCE\Bridge\AntiHack\Release\mt.command.1.tlog
C:\X-Team Studio\SOURCE\Bridge\AntiHack\Release\mt.read.1.tlog
C:\X-Team Studio\SOURCE\Bridge\AntiHack\Release\mt.write.1.tlog
C:\X-TEAM STUDIO\SOURCE\BRIDGE\ANTIHACK\RELEASE\STDAFX.OBJ
C:\X-TEAM STUDIO\SOURCE\BRIDGE\ANTIHACK\RELEASE\VC100.PDB
C:\X-TEAM STUDIO\SOURCE\BRIDGE\RELEASE\MHPUTILITY.DLL
C:\X-Team Studio\SOURCE\Bridge\Release\MHPUtility.exp
C:\X-Team Studio\SOURCE\Bridge\Release\MHPUtility.lib
C:\X-TEAM STUDIO\SOURCE\BRIDGE\RELEASE\MHPUTILITY.PDB
