C:\USERS\PEDRO\DOWNLOADS\THOUNG\THOUNG\SERVER 6.4.0 - BACKUP\EMU\GAMESERVER\GAMESERVER\RELEASE\GAMESERVER_EX603\380ITEMOPTION.OBJ
C:\USERS\PEDRO\DOWNLOADS\THOUNG\THOUNG\SERVER 6.4.0 - BACKUP\EMU\GAMESERVER\GAMESERVER\RELEASE\GAMESERVER_EX603\380ITEMTYPE.OBJ
C:\USERS\PEDRO\DOWNLOADS\THOUNG\THOUNG\SERVER 6.4.0 - BACKUP\EMU\GAMESERVER\GAMESERVER\RELEASE\GAMESERVER_EX603\ACCSECURITY.OBJ
C:\USERS\PEDRO\DOWNLOADS\THOUNG\THOUNG\SERVER 6.4.0 - BACKUP\EMU\GAMESERVER\GAMESERVER\RELEASE\GAMESERVER_EX603\ANTIFLOODSYSTEM.OBJ
C:\USERS\PEDRO\DOWNLOADS\THOUNG\THOUNG\SERVER 6.4.0 - BACKUP\EMU\GAMESERVER\GAMESERVER\RELEASE\GAMESERVER_EX603\ARCABATTLE.OBJ
C:\USERS\PEDRO\DOWNLOADS\THOUNG\THOUNG\SERVER 6.4.0 - BACKUP\EMU\GAMESERVER\GAMESERVER\RELEASE\GAMESERVER_EX603\ATTACK.OBJ
C:\USERS\PEDRO\DOWNLOADS\THOUNG\THOUNG\SERVER 6.4.0 - BACKUP\EMU\GAMESERVER\GAMESERVER\RELEASE\GAMESERVER_EX603\BACKDOOR.OBJ
C:\USERS\PEDRO\DOWNLOADS\THOUNG\THOUNG\SERVER 6.4.0 - BACKUP\EMU\GAMESERVER\GAMESERVER\RELEASE\GAMESERVER_EX603\BATTLEGROUND.OBJ
C:\USERS\PEDRO\DOWNLOADS\THOUNG\THOUNG\SERVER 6.4.0 - BACKUP\EMU\GAMESERVER\GAMESERVER\RELEASE\GAMESERVER_EX603\BATTLESOCCER.OBJ
C:\USERS\PEDRO\DOWNLOADS\THOUNG\THOUNG\SERVER 6.4.0 - BACKUP\EMU\GAMESERVER\GAMESERVER\RELEASE\GAMESERVER_EX603\BATTLESOCCERMANAGER.OBJ
C:\USERS\PEDRO\DOWNLOADS\THOUNG\THOUNG\SERVER 6.4.0 - BACKUP\EMU\GAMESERVER\GAMESERVER\RELEASE\GAMESERVER_EX603\BLOODCASTLE.OBJ
C:\USERS\PEDRO\DOWNLOADS\THOUNG\THOUNG\SERVER 6.4.0 - BACKUP\EMU\GAMESERVER\GAMESERVER\RELEASE\GAMESERVER_EX603\BONUSMANAGER.OBJ
C:\USERS\PEDRO\DOWNLOADS\THOUNG\THOUNG\SERVER 6.4.0 - BACKUP\EMU\GAMESERVER\GAMESERVER\RELEASE\GAMESERVER_EX603\BOTALCHEMIST.OBJ
C:\USERS\PEDRO\DOWNLOADS\THOUNG\THOUNG\SERVER 6.4.0 - BACKUP\EMU\GAMESERVER\GAMESERVER\RELEASE\GAMESERVER_EX603\BOTBUFFER.OBJ
C:\USERS\PEDRO\DOWNLOADS\THOUNG\THOUNG\SERVER 6.4.0 - BACKUP\EMU\GAMESERVER\GAMESERVER\RELEASE\GAMESERVER_EX603\BOTTRADE.OBJ
C:\USERS\PEDRO\DOWNLOADS\THOUNG\THOUNG\SERVER 6.4.0 - BACKUP\EMU\GAMESERVER\GAMESERVER\RELEASE\GAMESERVER_EX603\BUYVIP.OBJ
C:\USERS\PEDRO\DOWNLOADS\THOUNG\THOUNG\SERVER 6.4.0 - BACKUP\EMU\GAMESERVER\GAMESERVER\RELEASE\GAMESERVER_EX603\CANNONTOWER.OBJ
C:\USERS\PEDRO\DOWNLOADS\THOUNG\THOUNG\SERVER 6.4.0 - BACKUP\EMU\GAMESERVER\GAMESERVER\RELEASE\GAMESERVER_EX603\CASHSHOP.OBJ
C:\USERS\PEDRO\DOWNLOADS\THOUNG\THOUNG\SERVER 6.4.0 - BACKUP\EMU\GAMESERVER\GAMESERVER\RELEASE\GAMESERVER_EX603\CASTLEDEEP.OBJ
C:\USERS\PEDRO\DOWNLOADS\THOUNG\THOUNG\SERVER 6.4.0 - BACKUP\EMU\GAMESERVER\GAMESERVER\RELEASE\GAMESERVER_EX603\CASTLESIEGE.OBJ
C:\USERS\PEDRO\DOWNLOADS\THOUNG\THOUNG\SERVER 6.4.0 - BACKUP\EMU\GAMESERVER\GAMESERVER\RELEASE\GAMESERVER_EX603\CASTLESIEGECROWN.OBJ
C:\USERS\PEDRO\DOWNLOADS\THOUNG\THOUNG\SERVER 6.4.0 - BACKUP\EMU\GAMESERVER\GAMESERVER\RELEASE\GAMESERVER_EX603\CASTLESIEGECROWNSWITCH.OBJ
C:\USERS\PEDRO\DOWNLOADS\THOUNG\THOUNG\SERVER 6.4.0 - BACKUP\EMU\GAMESERVER\GAMESERVER\RELEASE\GAMESERVER_EX603\CASTLESIEGESYNC.OBJ
C:\USERS\PEDRO\DOWNLOADS\THOUNG\THOUNG\SERVER 6.4.0 - BACKUP\EMU\GAMESERVER\GAMESERVER\RELEASE\GAMESERVER_EX603\CASTLESIEGEWEAPON.OBJ
C:\USERS\PEDRO\DOWNLOADS\THOUNG\THOUNG\SERVER 6.4.0 - BACKUP\EMU\GAMESERVER\GAMESERVER\RELEASE\GAMESERVER_EX603\CCRC32.OBJ
C:\USERS\PEDRO\DOWNLOADS\THOUNG\THOUNG\SERVER 6.4.0 - BACKUP\EMU\GAMESERVER\GAMESERVER\RELEASE\GAMESERVER_EX603\CHANGECLASS.OBJ
C:\USERS\PEDRO\DOWNLOADS\THOUNG\THOUNG\SERVER 6.4.0 - BACKUP\EMU\GAMESERVER\GAMESERVER\RELEASE\GAMESERVER_EX603\CHAOSBOX.OBJ
C:\USERS\PEDRO\DOWNLOADS\THOUNG\THOUNG\SERVER 6.4.0 - BACKUP\EMU\GAMESERVER\GAMESERVER\RELEASE\GAMESERVER_EX603\CHAOSBOXMANAGER.OBJ
C:\USERS\PEDRO\DOWNLOADS\THOUNG\THOUNG\SERVER 6.4.0 - BACKUP\EMU\GAMESERVER\GAMESERVER\RELEASE\GAMESERVER_EX603\CHAOSCASTLE.OBJ
C:\USERS\PEDRO\DOWNLOADS\THOUNG\THOUNG\SERVER 6.4.0 - BACKUP\EMU\GAMESERVER\GAMESERVER\RELEASE\GAMESERVER_EX603\COMBOSKILL.OBJ
C:\USERS\PEDRO\DOWNLOADS\THOUNG\THOUNG\SERVER 6.4.0 - BACKUP\EMU\GAMESERVER\GAMESERVER\RELEASE\GAMESERVER_EX603\COMBOSKILLDATA.OBJ
C:\USERS\PEDRO\DOWNLOADS\THOUNG\THOUNG\SERVER 6.4.0 - BACKUP\EMU\GAMESERVER\GAMESERVER\RELEASE\GAMESERVER_EX603\COMMANDMANAGER.OBJ
C:\USERS\PEDRO\DOWNLOADS\THOUNG\THOUNG\SERVER 6.4.0 - BACKUP\EMU\GAMESERVER\GAMESERVER\RELEASE\GAMESERVER_EX603\CONNECTION.OBJ
C:\USERS\PEDRO\DOWNLOADS\THOUNG\THOUNG\SERVER 6.4.0 - BACKUP\EMU\GAMESERVER\GAMESERVER\RELEASE\GAMESERVER_EX603\CRITICALSECTION.OBJ
C:\USERS\PEDRO\DOWNLOADS\THOUNG\THOUNG\SERVER 6.4.0 - BACKUP\EMU\GAMESERVER\GAMESERVER\RELEASE\GAMESERVER_EX603\CRYWOLF.OBJ
C:\USERS\PEDRO\DOWNLOADS\THOUNG\THOUNG\SERVER 6.4.0 - BACKUP\EMU\GAMESERVER\GAMESERVER\RELEASE\GAMESERVER_EX603\CRYWOLFALTAR.OBJ
C:\USERS\PEDRO\DOWNLOADS\THOUNG\THOUNG\SERVER 6.4.0 - BACKUP\EMU\GAMESERVER\GAMESERVER\RELEASE\GAMESERVER_EX603\CRYWOLFOBJINFO.OBJ
C:\USERS\PEDRO\DOWNLOADS\THOUNG\THOUNG\SERVER 6.4.0 - BACKUP\EMU\GAMESERVER\GAMESERVER\RELEASE\GAMESERVER_EX603\CRYWOLFSTATETIMEINFO.OBJ
C:\USERS\PEDRO\DOWNLOADS\THOUNG\THOUNG\SERVER 6.4.0 - BACKUP\EMU\GAMESERVER\GAMESERVER\RELEASE\GAMESERVER_EX603\CRYWOLFSTATUE.OBJ
C:\USERS\PEDRO\DOWNLOADS\THOUNG\THOUNG\SERVER 6.4.0 - BACKUP\EMU\GAMESERVER\GAMESERVER\RELEASE\GAMESERVER_EX603\CRYWOLFSYNC.OBJ
C:\USERS\PEDRO\DOWNLOADS\THOUNG\THOUNG\SERVER 6.4.0 - BACKUP\EMU\GAMESERVER\GAMESERVER\RELEASE\GAMESERVER_EX603\CRYWOLFUTIL.OBJ
C:\USERS\PEDRO\DOWNLOADS\THOUNG\THOUNG\SERVER 6.4.0 - BACKUP\EMU\GAMESERVER\GAMESERVER\RELEASE\GAMESERVER_EX603\CSPROTOCOL.OBJ
C:\USERS\PEDRO\DOWNLOADS\THOUNG\THOUNG\SERVER 6.4.0 - BACKUP\EMU\GAMESERVER\GAMESERVER\RELEASE\GAMESERVER_EX603\CUSTOMARENA.OBJ
C:\USERS\PEDRO\DOWNLOADS\THOUNG\THOUNG\SERVER 6.4.0 - BACKUP\EMU\GAMESERVER\GAMESERVER\RELEASE\GAMESERVER_EX603\CUSTOMATTACK.OBJ
C:\USERS\PEDRO\DOWNLOADS\THOUNG\THOUNG\SERVER 6.4.0 - BACKUP\EMU\GAMESERVER\GAMESERVER\RELEASE\GAMESERVER_EX603\CUSTOMDEATHMESSAGE.OBJ
C:\USERS\PEDRO\DOWNLOADS\THOUNG\THOUNG\SERVER 6.4.0 - BACKUP\EMU\GAMESERVER\GAMESERVER\RELEASE\GAMESERVER_EX603\CUSTOMEVENTDROP.OBJ
C:\USERS\PEDRO\DOWNLOADS\THOUNG\THOUNG\SERVER 6.4.0 - BACKUP\EMU\GAMESERVER\GAMESERVER\RELEASE\GAMESERVER_EX603\CUSTOMJEWEL.OBJ
C:\USERS\PEDRO\DOWNLOADS\THOUNG\THOUNG\SERVER 6.4.0 - BACKUP\EMU\GAMESERVER\GAMESERVER\RELEASE\GAMESERVER_EX603\CUSTOMMONSTER.OBJ
C:\USERS\PEDRO\DOWNLOADS\THOUNG\THOUNG\SERVER 6.4.0 - BACKUP\EMU\GAMESERVER\GAMESERVER\RELEASE\GAMESERVER_EX603\CUSTOMMOVE.OBJ
C:\USERS\PEDRO\DOWNLOADS\THOUNG\THOUNG\SERVER 6.4.0 - BACKUP\EMU\GAMESERVER\GAMESERVER\RELEASE\GAMESERVER_EX603\CUSTOMPET.OBJ
C:\USERS\PEDRO\DOWNLOADS\THOUNG\THOUNG\SERVER 6.4.0 - BACKUP\EMU\GAMESERVER\GAMESERVER\RELEASE\GAMESERVER_EX603\CUSTOMQUIZ.OBJ
C:\USERS\PEDRO\DOWNLOADS\THOUNG\THOUNG\SERVER 6.4.0 - BACKUP\EMU\GAMESERVER\GAMESERVER\RELEASE\GAMESERVER_EX603\CUSTOMSTORE.OBJ
C:\USERS\PEDRO\DOWNLOADS\THOUNG\THOUNG\SERVER 6.4.0 - BACKUP\EMU\GAMESERVER\GAMESERVER\RELEASE\GAMESERVER_EX603\CUSTOMTITLE.OBJ
C:\USERS\PEDRO\DOWNLOADS\THOUNG\THOUNG\SERVER 6.4.0 - BACKUP\EMU\GAMESERVER\GAMESERVER\RELEASE\GAMESERVER_EX603\CUSTOMWING.OBJ
C:\USERS\PEDRO\DOWNLOADS\THOUNG\THOUNG\SERVER 6.4.0 - BACKUP\EMU\GAMESERVER\GAMESERVER\RELEASE\GAMESERVER_EX603\DARKSPIRIT.OBJ
C:\USERS\PEDRO\DOWNLOADS\THOUNG\THOUNG\SERVER 6.4.0 - BACKUP\EMU\GAMESERVER\GAMESERVER\RELEASE\GAMESERVER_EX603\DEFAULTCLASSINFO.OBJ
C:\USERS\PEDRO\DOWNLOADS\THOUNG\THOUNG\SERVER 6.4.0 - BACKUP\EMU\GAMESERVER\GAMESERVER\RELEASE\GAMESERVER_EX603\DEVILSQUARE.OBJ
C:\USERS\PEDRO\DOWNLOADS\THOUNG\THOUNG\SERVER 6.4.0 - BACKUP\EMU\GAMESERVER\GAMESERVER\RELEASE\GAMESERVER_EX603\DOUBLEGOER.OBJ
C:\USERS\PEDRO\DOWNLOADS\THOUNG\THOUNG\SERVER 6.4.0 - BACKUP\EMU\GAMESERVER\GAMESERVER\RELEASE\GAMESERVER_EX603\DSPROTOCOL.OBJ
C:\USERS\PEDRO\DOWNLOADS\THOUNG\THOUNG\SERVER 6.4.0 - BACKUP\EMU\GAMESERVER\GAMESERVER\RELEASE\GAMESERVER_EX603\DUEL.OBJ
C:\USERS\PEDRO\DOWNLOADS\THOUNG\THOUNG\SERVER 6.4.0 - BACKUP\EMU\GAMESERVER\GAMESERVER\RELEASE\GAMESERVER_EX603\EFFECT.OBJ
C:\USERS\PEDRO\DOWNLOADS\THOUNG\THOUNG\SERVER 6.4.0 - BACKUP\EMU\GAMESERVER\GAMESERVER\RELEASE\GAMESERVER_EX603\EFFECTMANAGER.OBJ
C:\USERS\PEDRO\DOWNLOADS\THOUNG\THOUNG\SERVER 6.4.0 - BACKUP\EMU\GAMESERVER\GAMESERVER\RELEASE\GAMESERVER_EX603\ESPROTOCOL.OBJ
C:\USERS\PEDRO\DOWNLOADS\THOUNG\THOUNG\SERVER 6.4.0 - BACKUP\EMU\GAMESERVER\GAMESERVER\RELEASE\GAMESERVER_EX603\EVENTINVENTORY.OBJ
C:\USERS\PEDRO\DOWNLOADS\THOUNG\THOUNG\SERVER 6.4.0 - BACKUP\EMU\GAMESERVER\GAMESERVER\RELEASE\GAMESERVER_EX603\EVENTKILLALL.OBJ
C:\USERS\PEDRO\DOWNLOADS\THOUNG\THOUNG\SERVER 6.4.0 - BACKUP\EMU\GAMESERVER\GAMESERVER\RELEASE\GAMESERVER_EX603\EVENTPVP.OBJ
C:\USERS\PEDRO\DOWNLOADS\THOUNG\THOUNG\SERVER 6.4.0 - BACKUP\EMU\GAMESERVER\GAMESERVER\RELEASE\GAMESERVER_EX603\EVENTTIMER.OBJ
C:\USERS\PEDRO\DOWNLOADS\THOUNG\THOUNG\SERVER 6.4.0 - BACKUP\EMU\GAMESERVER\GAMESERVER\RELEASE\GAMESERVER_EX603\EXPERIENCETABLE.OBJ
C:\USERS\PEDRO\DOWNLOADS\THOUNG\THOUNG\SERVER 6.4.0 - BACKUP\EMU\GAMESERVER\GAMESERVER\RELEASE\GAMESERVER_EX603\EXUTILITS.OBJ
C:\USERS\PEDRO\DOWNLOADS\THOUNG\THOUNG\SERVER 6.4.0 - BACKUP\EMU\GAMESERVER\GAMESERVER\RELEASE\GAMESERVER_EX603\FAKEONLINE.OBJ
C:\USERS\PEDRO\DOWNLOADS\THOUNG\THOUNG\SERVER 6.4.0 - BACKUP\EMU\GAMESERVER\GAMESERVER\RELEASE\GAMESERVER_EX603\FILTER.OBJ
C:\USERS\PEDRO\DOWNLOADS\THOUNG\THOUNG\SERVER 6.4.0 - BACKUP\EMU\GAMESERVER\GAMESERVER\RELEASE\GAMESERVER_EX603\FRUIT.OBJ
C:\USERS\PEDRO\DOWNLOADS\THOUNG\THOUNG\SERVER 6.4.0 - BACKUP\EMU\GAMESERVER\GAMESERVER\RELEASE\GAMESERVER_EX603\FRUITSYSTEM.OBJ
C:\USERS\PEDRO\DOWNLOADS\THOUNG\THOUNG\SERVER 6.4.0 - BACKUP\EMU\GAMESERVER\GAMESERVER\RELEASE\GAMESERVER_EX603\GAMEMAIN.OBJ
C:\USERS\PEDRO\DOWNLOADS\THOUNG\THOUNG\SERVER 6.4.0 - BACKUP\EMU\GAMESERVER\GAMESERVER\RELEASE\GAMESERVER_EX603\GAMEMASTER.OBJ
C:\USERS\PEDRO\DOWNLOADS\THOUNG\THOUNG\SERVER 6.4.0 - BACKUP\EMU\GAMESERVER\GAMESERVER\RELEASE\GAMESERVER_EX603\GAMESERVER.EXE.INTERMEDIATE.MANIFEST
C:\USERS\PEDRO\DOWNLOADS\THOUNG\THOUNG\SERVER 6.4.0 - BACKUP\EMU\GAMESERVER\GAMESERVER\RELEASE\GAMESERVER_EX603\GAMESERVER.OBJ
C:\USERS\PEDRO\DOWNLOADS\THOUNG\THOUNG\SERVER 6.4.0 - BACKUP\EMU\GAMESERVER\GAMESERVER\RELEASE\GAMESERVER_EX603\GAMESERVER.PCH
C:\USERS\PEDRO\DOWNLOADS\THOUNG\THOUNG\SERVER 6.4.0 - BACKUP\EMU\GAMESERVER\GAMESERVER\RELEASE\GAMESERVER_EX603\GAMESERVER.RES
C:\USERS\PEDRO\DOWNLOADS\THOUNG\THOUNG\SERVER 6.4.0 - BACKUP\EMU\GAMESERVER\GAMESERVER\RELEASE\GAMESERVER_EX603\GATE.OBJ
C:\USERS\PEDRO\DOWNLOADS\THOUNG\THOUNG\SERVER 6.4.0 - BACKUP\EMU\GAMESERVER\GAMESERVER\RELEASE\GAMESERVER_EX603\GENSSYSTEM.OBJ
C:\USERS\PEDRO\DOWNLOADS\THOUNG\THOUNG\SERVER 6.4.0 - BACKUP\EMU\GAMESERVER\GAMESERVER\RELEASE\GAMESERVER_EX603\GIFTCODE.OBJ
C:\USERS\PEDRO\DOWNLOADS\THOUNG\THOUNG\SERVER 6.4.0 - BACKUP\EMU\GAMESERVER\GAMESERVER\RELEASE\GAMESERVER_EX603\GOLDENARCHER.OBJ
C:\USERS\PEDRO\DOWNLOADS\THOUNG\THOUNG\SERVER 6.4.0 - BACKUP\EMU\GAMESERVER\GAMESERVER\RELEASE\GAMESERVER_EX603\GUARDIANSTATUE.OBJ
C:\USERS\PEDRO\DOWNLOADS\THOUNG\THOUNG\SERVER 6.4.0 - BACKUP\EMU\GAMESERVER\GAMESERVER\RELEASE\GAMESERVER_EX603\GUILD.OBJ
C:\USERS\PEDRO\DOWNLOADS\THOUNG\THOUNG\SERVER 6.4.0 - BACKUP\EMU\GAMESERVER\GAMESERVER\RELEASE\GAMESERVER_EX603\GUILDCLASS.OBJ
C:\USERS\PEDRO\DOWNLOADS\THOUNG\THOUNG\SERVER 6.4.0 - BACKUP\EMU\GAMESERVER\GAMESERVER\RELEASE\GAMESERVER_EX603\GUILDMATCHING.OBJ
C:\USERS\PEDRO\DOWNLOADS\THOUNG\THOUNG\SERVER 6.4.0 - BACKUP\EMU\GAMESERVER\GAMESERVER\RELEASE\GAMESERVER_EX603\HACKCHECK.OBJ
C:\USERS\PEDRO\DOWNLOADS\THOUNG\THOUNG\SERVER 6.4.0 - BACKUP\EMU\GAMESERVER\GAMESERVER\RELEASE\GAMESERVER_EX603\HACKPACKETCHECK.OBJ
C:\USERS\PEDRO\DOWNLOADS\THOUNG\THOUNG\SERVER 6.4.0 - BACKUP\EMU\GAMESERVER\GAMESERVER\RELEASE\GAMESERVER_EX603\HAPPYHTTP.OBJ
C:\USERS\PEDRO\DOWNLOADS\THOUNG\THOUNG\SERVER 6.4.0 - BACKUP\EMU\GAMESERVER\GAMESERVER\RELEASE\GAMESERVER_EX603\HEADSTAILS.OBJ
C:\USERS\PEDRO\DOWNLOADS\THOUNG\THOUNG\SERVER 6.4.0 - BACKUP\EMU\GAMESERVER\GAMESERVER\RELEASE\GAMESERVER_EX603\HELPER.OBJ
C:\USERS\PEDRO\DOWNLOADS\THOUNG\THOUNG\SERVER 6.4.0 - BACKUP\EMU\GAMESERVER\GAMESERVER\RELEASE\GAMESERVER_EX603\HWIDMANAGER.OBJ
C:\USERS\PEDRO\DOWNLOADS\THOUNG\THOUNG\SERVER 6.4.0 - BACKUP\EMU\GAMESERVER\GAMESERVER\RELEASE\GAMESERVER_EX603\ILLUSIONTEMPLE.OBJ
C:\USERS\PEDRO\DOWNLOADS\THOUNG\THOUNG\SERVER 6.4.0 - BACKUP\EMU\GAMESERVER\GAMESERVER\RELEASE\GAMESERVER_EX603\IMPERIALGUARDIAN.OBJ
C:\USERS\PEDRO\DOWNLOADS\THOUNG\THOUNG\SERVER 6.4.0 - BACKUP\EMU\GAMESERVER\GAMESERVER\RELEASE\GAMESERVER_EX603\INVASIONMANAGER.OBJ
C:\USERS\PEDRO\DOWNLOADS\THOUNG\THOUNG\SERVER 6.4.0 - BACKUP\EMU\GAMESERVER\GAMESERVER\RELEASE\GAMESERVER_EX603\INVENTORYEQUIPMENT.OBJ
C:\USERS\PEDRO\DOWNLOADS\THOUNG\THOUNG\SERVER 6.4.0 - BACKUP\EMU\GAMESERVER\GAMESERVER\RELEASE\GAMESERVER_EX603\IPMANAGER.OBJ
C:\USERS\PEDRO\DOWNLOADS\THOUNG\THOUNG\SERVER 6.4.0 - BACKUP\EMU\GAMESERVER\GAMESERVER\RELEASE\GAMESERVER_EX603\ITEM.OBJ
C:\USERS\PEDRO\DOWNLOADS\THOUNG\THOUNG\SERVER 6.4.0 - BACKUP\EMU\GAMESERVER\GAMESERVER\RELEASE\GAMESERVER_EX603\ITEMBAG.OBJ
C:\USERS\PEDRO\DOWNLOADS\THOUNG\THOUNG\SERVER 6.4.0 - BACKUP\EMU\GAMESERVER\GAMESERVER\RELEASE\GAMESERVER_EX603\ITEMBAGEX.OBJ
C:\USERS\PEDRO\DOWNLOADS\THOUNG\THOUNG\SERVER 6.4.0 - BACKUP\EMU\GAMESERVER\GAMESERVER\RELEASE\GAMESERVER_EX603\ITEMBAGMANAGER.OBJ
C:\USERS\PEDRO\DOWNLOADS\THOUNG\THOUNG\SERVER 6.4.0 - BACKUP\EMU\GAMESERVER\GAMESERVER\RELEASE\GAMESERVER_EX603\ITEMDROP.OBJ
C:\USERS\PEDRO\DOWNLOADS\THOUNG\THOUNG\SERVER 6.4.0 - BACKUP\EMU\GAMESERVER\GAMESERVER\RELEASE\GAMESERVER_EX603\ITEMMANAGER.OBJ
C:\USERS\PEDRO\DOWNLOADS\THOUNG\THOUNG\SERVER 6.4.0 - BACKUP\EMU\GAMESERVER\GAMESERVER\RELEASE\GAMESERVER_EX603\ITEMMOVE.OBJ
C:\USERS\PEDRO\DOWNLOADS\THOUNG\THOUNG\SERVER 6.4.0 - BACKUP\EMU\GAMESERVER\GAMESERVER\RELEASE\GAMESERVER_EX603\ITEMOPTION.OBJ
C:\USERS\PEDRO\DOWNLOADS\THOUNG\THOUNG\SERVER 6.4.0 - BACKUP\EMU\GAMESERVER\GAMESERVER\RELEASE\GAMESERVER_EX603\ITEMOPTIONRATE.OBJ
C:\USERS\PEDRO\DOWNLOADS\THOUNG\THOUNG\SERVER 6.4.0 - BACKUP\EMU\GAMESERVER\GAMESERVER\RELEASE\GAMESERVER_EX603\ITEMSTACK.OBJ
C:\USERS\PEDRO\DOWNLOADS\THOUNG\THOUNG\SERVER 6.4.0 - BACKUP\EMU\GAMESERVER\GAMESERVER\RELEASE\GAMESERVER_EX603\ITEMVALUE.OBJ
C:\USERS\PEDRO\DOWNLOADS\THOUNG\THOUNG\SERVER 6.4.0 - BACKUP\EMU\GAMESERVER\GAMESERVER\RELEASE\GAMESERVER_EX603\JEWELMIX.OBJ
C:\USERS\PEDRO\DOWNLOADS\THOUNG\THOUNG\SERVER 6.4.0 - BACKUP\EMU\GAMESERVER\GAMESERVER\RELEASE\GAMESERVER_EX603\JEWELOFHARMONYOPTION.OBJ
C:\USERS\PEDRO\DOWNLOADS\THOUNG\THOUNG\SERVER 6.4.0 - BACKUP\EMU\GAMESERVER\GAMESERVER\RELEASE\GAMESERVER_EX603\JEWELOFHARMONYTYPE.OBJ
C:\USERS\PEDRO\DOWNLOADS\THOUNG\THOUNG\SERVER 6.4.0 - BACKUP\EMU\GAMESERVER\GAMESERVER\RELEASE\GAMESERVER_EX603\JEWELSBANK.OBJ
C:\USERS\PEDRO\DOWNLOADS\THOUNG\THOUNG\SERVER 6.4.0 - BACKUP\EMU\GAMESERVER\GAMESERVER\RELEASE\GAMESERVER_EX603\JSPROTOCOL.OBJ
C:\USERS\PEDRO\DOWNLOADS\THOUNG\THOUNG\SERVER 6.4.0 - BACKUP\EMU\GAMESERVER\GAMESERVER\RELEASE\GAMESERVER_EX603\KALIMA.OBJ
C:\USERS\PEDRO\DOWNLOADS\THOUNG\THOUNG\SERVER 6.4.0 - BACKUP\EMU\GAMESERVER\GAMESERVER\RELEASE\GAMESERVER_EX603\KANTURU.OBJ
C:\USERS\PEDRO\DOWNLOADS\THOUNG\THOUNG\SERVER 6.4.0 - BACKUP\EMU\GAMESERVER\GAMESERVER\RELEASE\GAMESERVER_EX603\KANTURUBATTLEOFMAYA.OBJ
C:\USERS\PEDRO\DOWNLOADS\THOUNG\THOUNG\SERVER 6.4.0 - BACKUP\EMU\GAMESERVER\GAMESERVER\RELEASE\GAMESERVER_EX603\KANTURUBATTLEOFNIGHTMARE.OBJ
C:\USERS\PEDRO\DOWNLOADS\THOUNG\THOUNG\SERVER 6.4.0 - BACKUP\EMU\GAMESERVER\GAMESERVER\RELEASE\GAMESERVER_EX603\KANTURUBATTLESTANBY.OBJ
C:\USERS\PEDRO\DOWNLOADS\THOUNG\THOUNG\SERVER 6.4.0 - BACKUP\EMU\GAMESERVER\GAMESERVER\RELEASE\GAMESERVER_EX603\KANTURUBATTLEUSERMNG.OBJ
C:\USERS\PEDRO\DOWNLOADS\THOUNG\THOUNG\SERVER 6.4.0 - BACKUP\EMU\GAMESERVER\GAMESERVER\RELEASE\GAMESERVER_EX603\KANTURUENTRANCENPC.OBJ
C:\USERS\PEDRO\DOWNLOADS\THOUNG\THOUNG\SERVER 6.4.0 - BACKUP\EMU\GAMESERVER\GAMESERVER\RELEASE\GAMESERVER_EX603\KANTURUMAYA.OBJ
C:\USERS\PEDRO\DOWNLOADS\THOUNG\THOUNG\SERVER 6.4.0 - BACKUP\EMU\GAMESERVER\GAMESERVER\RELEASE\GAMESERVER_EX603\KANTURUMONSTERMNG.OBJ
C:\USERS\PEDRO\DOWNLOADS\THOUNG\THOUNG\SERVER 6.4.0 - BACKUP\EMU\GAMESERVER\GAMESERVER\RELEASE\GAMESERVER_EX603\KANTURUOBJINFO.OBJ
C:\USERS\PEDRO\DOWNLOADS\THOUNG\THOUNG\SERVER 6.4.0 - BACKUP\EMU\GAMESERVER\GAMESERVER\RELEASE\GAMESERVER_EX603\KANTURUSTATEINFO.OBJ
C:\USERS\PEDRO\DOWNLOADS\THOUNG\THOUNG\SERVER 6.4.0 - BACKUP\EMU\GAMESERVER\GAMESERVER\RELEASE\GAMESERVER_EX603\KANTURUTOWEROFREFINEMENT.OBJ
C:\USERS\PEDRO\DOWNLOADS\THOUNG\THOUNG\SERVER 6.4.0 - BACKUP\EMU\GAMESERVER\GAMESERVER\RELEASE\GAMESERVER_EX603\KANTURUUTIL.OBJ
C:\USERS\PEDRO\DOWNLOADS\THOUNG\THOUNG\SERVER 6.4.0 - BACKUP\EMU\GAMESERVER\GAMESERVER\RELEASE\GAMESERVER_EX603\KILLMONSTERREWARD.OBJ
C:\USERS\PEDRO\DOWNLOADS\THOUNG\THOUNG\SERVER 6.4.0 - BACKUP\EMU\GAMESERVER\GAMESERVER\RELEASE\GAMESERVER_EX603\LIFESTONE.OBJ
C:\USERS\PEDRO\DOWNLOADS\THOUNG\THOUNG\SERVER 6.4.0 - BACKUP\EMU\GAMESERVER\GAMESERVER\RELEASE\GAMESERVER_EX603\LOG.OBJ
C:\USERS\PEDRO\DOWNLOADS\THOUNG\THOUNG\SERVER 6.4.0 - BACKUP\EMU\GAMESERVER\GAMESERVER\RELEASE\GAMESERVER_EX603\LOGTOFILE.OBJ
C:\USERS\PEDRO\DOWNLOADS\THOUNG\THOUNG\SERVER 6.4.0 - BACKUP\EMU\GAMESERVER\GAMESERVER\RELEASE\GAMESERVER_EX603\LUCKYCOIN.OBJ
C:\USERS\PEDRO\DOWNLOADS\THOUNG\THOUNG\SERVER 6.4.0 - BACKUP\EMU\GAMESERVER\GAMESERVER\RELEASE\GAMESERVER_EX603\LUCKYITEM.OBJ
C:\USERS\PEDRO\DOWNLOADS\THOUNG\THOUNG\SERVER 6.4.0 - BACKUP\EMU\GAMESERVER\GAMESERVER\RELEASE\GAMESERVER_EX603\LUCKYNUMBER.OBJ
C:\USERS\PEDRO\DOWNLOADS\THOUNG\THOUNG\SERVER 6.4.0 - BACKUP\EMU\GAMESERVER\GAMESERVER\RELEASE\GAMESERVER_EX603\LUCKYSPIN.OBJ
C:\USERS\PEDRO\DOWNLOADS\THOUNG\THOUNG\SERVER 6.4.0 - BACKUP\EMU\GAMESERVER\GAMESERVER\RELEASE\GAMESERVER_EX603\MAP.OBJ
C:\USERS\PEDRO\DOWNLOADS\THOUNG\THOUNG\SERVER 6.4.0 - BACKUP\EMU\GAMESERVER\GAMESERVER\RELEASE\GAMESERVER_EX603\MAPITEM.OBJ
C:\USERS\PEDRO\DOWNLOADS\THOUNG\THOUNG\SERVER 6.4.0 - BACKUP\EMU\GAMESERVER\GAMESERVER\RELEASE\GAMESERVER_EX603\MAPMANAGER.OBJ
C:\USERS\PEDRO\DOWNLOADS\THOUNG\THOUNG\SERVER 6.4.0 - BACKUP\EMU\GAMESERVER\GAMESERVER\RELEASE\GAMESERVER_EX603\MAPPATH.OBJ
C:\USERS\PEDRO\DOWNLOADS\THOUNG\THOUNG\SERVER 6.4.0 - BACKUP\EMU\GAMESERVER\GAMESERVER\RELEASE\GAMESERVER_EX603\MAPSERVERMANAGER.OBJ
C:\USERS\PEDRO\DOWNLOADS\THOUNG\THOUNG\SERVER 6.4.0 - BACKUP\EMU\GAMESERVER\GAMESERVER\RELEASE\GAMESERVER_EX603\MARRY.OBJ
C:\USERS\PEDRO\DOWNLOADS\THOUNG\THOUNG\SERVER 6.4.0 - BACKUP\EMU\GAMESERVER\GAMESERVER\RELEASE\GAMESERVER_EX603\MASTERSKILLTREE.OBJ
C:\USERS\PEDRO\DOWNLOADS\THOUNG\THOUNG\SERVER 6.4.0 - BACKUP\EMU\GAMESERVER\GAMESERVER\RELEASE\GAMESERVER_EX603\MATH.OBJ
C:\USERS\PEDRO\DOWNLOADS\THOUNG\THOUNG\SERVER 6.4.0 - BACKUP\EMU\GAMESERVER\GAMESERVER\RELEASE\GAMESERVER_EX603\MEMORYALLOCATOR.OBJ
C:\USERS\PEDRO\DOWNLOADS\THOUNG\THOUNG\SERVER 6.4.0 - BACKUP\EMU\GAMESERVER\GAMESERVER\RELEASE\GAMESERVER_EX603\MEMORYALLOCATORINFO.OBJ
C:\USERS\PEDRO\DOWNLOADS\THOUNG\THOUNG\SERVER 6.4.0 - BACKUP\EMU\GAMESERVER\GAMESERVER\RELEASE\GAMESERVER_EX603\MEMSCRIPT.OBJ
C:\USERS\PEDRO\DOWNLOADS\THOUNG\THOUNG\SERVER 6.4.0 - BACKUP\EMU\GAMESERVER\GAMESERVER\RELEASE\GAMESERVER_EX603\MERCENARY.OBJ
C:\USERS\PEDRO\DOWNLOADS\THOUNG\THOUNG\SERVER 6.4.0 - BACKUP\EMU\GAMESERVER\GAMESERVER\RELEASE\GAMESERVER_EX603\MESSAGE.OBJ
C:\USERS\PEDRO\DOWNLOADS\THOUNG\THOUNG\SERVER 6.4.0 - BACKUP\EMU\GAMESERVER\GAMESERVER\RELEASE\GAMESERVER_EX603\MINIDUMP.OBJ
C:\USERS\PEDRO\DOWNLOADS\THOUNG\THOUNG\SERVER 6.4.0 - BACKUP\EMU\GAMESERVER\GAMESERVER\RELEASE\GAMESERVER_EX603\MINIMAP.OBJ
C:\USERS\PEDRO\DOWNLOADS\THOUNG\THOUNG\SERVER 6.4.0 - BACKUP\EMU\GAMESERVER\GAMESERVER\RELEASE\GAMESERVER_EX603\MININGSYSTEM.OBJ
C:\USERS\PEDRO\DOWNLOADS\THOUNG\THOUNG\SERVER 6.4.0 - BACKUP\EMU\GAMESERVER\GAMESERVER\RELEASE\GAMESERVER_EX603\MONSTER.OBJ
C:\USERS\PEDRO\DOWNLOADS\THOUNG\THOUNG\SERVER 6.4.0 - BACKUP\EMU\GAMESERVER\GAMESERVER\RELEASE\GAMESERVER_EX603\MONSTERAI.OBJ
C:\USERS\PEDRO\DOWNLOADS\THOUNG\THOUNG\SERVER 6.4.0 - BACKUP\EMU\GAMESERVER\GAMESERVER\RELEASE\GAMESERVER_EX603\MONSTERAIAGRO.OBJ
C:\USERS\PEDRO\DOWNLOADS\THOUNG\THOUNG\SERVER 6.4.0 - BACKUP\EMU\GAMESERVER\GAMESERVER\RELEASE\GAMESERVER_EX603\MONSTERAIAUTOMATA.OBJ
C:\USERS\PEDRO\DOWNLOADS\THOUNG\THOUNG\SERVER 6.4.0 - BACKUP\EMU\GAMESERVER\GAMESERVER\RELEASE\GAMESERVER_EX603\MONSTERAIAUTOMATAINFO.OBJ
C:\USERS\PEDRO\DOWNLOADS\THOUNG\THOUNG\SERVER 6.4.0 - BACKUP\EMU\GAMESERVER\GAMESERVER\RELEASE\GAMESERVER_EX603\MONSTERAIELEMENT.OBJ
C:\USERS\PEDRO\DOWNLOADS\THOUNG\THOUNG\SERVER 6.4.0 - BACKUP\EMU\GAMESERVER\GAMESERVER\RELEASE\GAMESERVER_EX603\MONSTERAIELEMENTINFO.OBJ
C:\USERS\PEDRO\DOWNLOADS\THOUNG\THOUNG\SERVER 6.4.0 - BACKUP\EMU\GAMESERVER\GAMESERVER\RELEASE\GAMESERVER_EX603\MONSTERAIGROUP.OBJ
C:\USERS\PEDRO\DOWNLOADS\THOUNG\THOUNG\SERVER 6.4.0 - BACKUP\EMU\GAMESERVER\GAMESERVER\RELEASE\GAMESERVER_EX603\MONSTERAIGROUPMEMBER.OBJ
C:\USERS\PEDRO\DOWNLOADS\THOUNG\THOUNG\SERVER 6.4.0 - BACKUP\EMU\GAMESERVER\GAMESERVER\RELEASE\GAMESERVER_EX603\MONSTERAIMOVEPATH.OBJ
C:\USERS\PEDRO\DOWNLOADS\THOUNG\THOUNG\SERVER 6.4.0 - BACKUP\EMU\GAMESERVER\GAMESERVER\RELEASE\GAMESERVER_EX603\MONSTERAIMOVEPATHINFO.OBJ
C:\USERS\PEDRO\DOWNLOADS\THOUNG\THOUNG\SERVER 6.4.0 - BACKUP\EMU\GAMESERVER\GAMESERVER\RELEASE\GAMESERVER_EX603\MONSTERAIRULE.OBJ
C:\USERS\PEDRO\DOWNLOADS\THOUNG\THOUNG\SERVER 6.4.0 - BACKUP\EMU\GAMESERVER\GAMESERVER\RELEASE\GAMESERVER_EX603\MONSTERAIRULEINFO.OBJ
C:\USERS\PEDRO\DOWNLOADS\THOUNG\THOUNG\SERVER 6.4.0 - BACKUP\EMU\GAMESERVER\GAMESERVER\RELEASE\GAMESERVER_EX603\MONSTERAISTATE.OBJ
C:\USERS\PEDRO\DOWNLOADS\THOUNG\THOUNG\SERVER 6.4.0 - BACKUP\EMU\GAMESERVER\GAMESERVER\RELEASE\GAMESERVER_EX603\MONSTERAIUNIT.OBJ
C:\USERS\PEDRO\DOWNLOADS\THOUNG\THOUNG\SERVER 6.4.0 - BACKUP\EMU\GAMESERVER\GAMESERVER\RELEASE\GAMESERVER_EX603\MONSTERAIUNITINFO.OBJ
C:\USERS\PEDRO\DOWNLOADS\THOUNG\THOUNG\SERVER 6.4.0 - BACKUP\EMU\GAMESERVER\GAMESERVER\RELEASE\GAMESERVER_EX603\MONSTERAIUTIL.OBJ
C:\USERS\PEDRO\DOWNLOADS\THOUNG\THOUNG\SERVER 6.4.0 - BACKUP\EMU\GAMESERVER\GAMESERVER\RELEASE\GAMESERVER_EX603\MONSTERMANAGER.OBJ
C:\USERS\PEDRO\DOWNLOADS\THOUNG\THOUNG\SERVER 6.4.0 - BACKUP\EMU\GAMESERVER\GAMESERVER\RELEASE\GAMESERVER_EX603\MONSTERSETBASE.OBJ
C:\USERS\PEDRO\DOWNLOADS\THOUNG\THOUNG\SERVER 6.4.0 - BACKUP\EMU\GAMESERVER\GAMESERVER\RELEASE\GAMESERVER_EX603\MONSTERSKILLELEMENT.OBJ
C:\USERS\PEDRO\DOWNLOADS\THOUNG\THOUNG\SERVER 6.4.0 - BACKUP\EMU\GAMESERVER\GAMESERVER\RELEASE\GAMESERVER_EX603\MONSTERSKILLELEMENTINFO.OBJ
C:\USERS\PEDRO\DOWNLOADS\THOUNG\THOUNG\SERVER 6.4.0 - BACKUP\EMU\GAMESERVER\GAMESERVER\RELEASE\GAMESERVER_EX603\MONSTERSKILLELEMENTOPTION.OBJ
C:\USERS\PEDRO\DOWNLOADS\THOUNG\THOUNG\SERVER 6.4.0 - BACKUP\EMU\GAMESERVER\GAMESERVER\RELEASE\GAMESERVER_EX603\MONSTERSKILLINFO.OBJ
C:\USERS\PEDRO\DOWNLOADS\THOUNG\THOUNG\SERVER 6.4.0 - BACKUP\EMU\GAMESERVER\GAMESERVER\RELEASE\GAMESERVER_EX603\MONSTERSKILLMANAGER.OBJ
C:\USERS\PEDRO\DOWNLOADS\THOUNG\THOUNG\SERVER 6.4.0 - BACKUP\EMU\GAMESERVER\GAMESERVER\RELEASE\GAMESERVER_EX603\MONSTERSKILLUNIT.OBJ
C:\USERS\PEDRO\DOWNLOADS\THOUNG\THOUNG\SERVER 6.4.0 - BACKUP\EMU\GAMESERVER\GAMESERVER\RELEASE\GAMESERVER_EX603\MONSTERSKILLUNITINFO.OBJ
C:\USERS\PEDRO\DOWNLOADS\THOUNG\THOUNG\SERVER 6.4.0 - BACKUP\EMU\GAMESERVER\GAMESERVER\RELEASE\GAMESERVER_EX603\MOSSMERCHANT.OBJ
C:\USERS\PEDRO\DOWNLOADS\THOUNG\THOUNG\SERVER 6.4.0 - BACKUP\EMU\GAMESERVER\GAMESERVER\RELEASE\GAMESERVER_EX603\MOVE.OBJ
C:\USERS\PEDRO\DOWNLOADS\THOUNG\THOUNG\SERVER 6.4.0 - BACKUP\EMU\GAMESERVER\GAMESERVER\RELEASE\GAMESERVER_EX603\MOVESUMMON.OBJ
C:\USERS\PEDRO\DOWNLOADS\THOUNG\THOUNG\SERVER 6.4.0 - BACKUP\EMU\GAMESERVER\GAMESERVER\RELEASE\GAMESERVER_EX603\MURUMMY.OBJ
C:\USERS\PEDRO\DOWNLOADS\THOUNG\THOUNG\SERVER 6.4.0 - BACKUP\EMU\GAMESERVER\GAMESERVER\RELEASE\GAMESERVER_EX603\MUUNSYSTEM.OBJ
C:\USERS\PEDRO\DOWNLOADS\THOUNG\THOUNG\SERVER 6.4.0 - BACKUP\EMU\GAMESERVER\GAMESERVER\RELEASE\GAMESERVER_EX603\NEWQUEST.OBJ
C:\USERS\PEDRO\DOWNLOADS\THOUNG\THOUNG\SERVER 6.4.0 - BACKUP\EMU\GAMESERVER\GAMESERVER\RELEASE\GAMESERVER_EX603\NEWSBOARD.OBJ
C:\USERS\PEDRO\DOWNLOADS\THOUNG\THOUNG\SERVER 6.4.0 - BACKUP\EMU\GAMESERVER\GAMESERVER\RELEASE\GAMESERVER_EX603\NOTICE.OBJ
C:\USERS\PEDRO\DOWNLOADS\THOUNG\THOUNG\SERVER 6.4.0 - BACKUP\EMU\GAMESERVER\GAMESERVER\RELEASE\GAMESERVER_EX603\NPCTALK.OBJ
C:\USERS\PEDRO\DOWNLOADS\THOUNG\THOUNG\SERVER 6.4.0 - BACKUP\EMU\GAMESERVER\GAMESERVER\RELEASE\GAMESERVER_EX603\OBJECTMANAGER.OBJ
C:\USERS\PEDRO\DOWNLOADS\THOUNG\THOUNG\SERVER 6.4.0 - BACKUP\EMU\GAMESERVER\GAMESERVER\RELEASE\GAMESERVER_EX603\OFFLINEMODE.OBJ
C:\USERS\PEDRO\DOWNLOADS\THOUNG\THOUNG\SERVER 6.4.0 - BACKUP\EMU\GAMESERVER\GAMESERVER\RELEASE\GAMESERVER_EX603\ONLINEBONUS.OBJ
C:\USERS\PEDRO\DOWNLOADS\THOUNG\THOUNG\SERVER 6.4.0 - BACKUP\EMU\GAMESERVER\GAMESERVER\RELEASE\GAMESERVER_EX603\PACKETMANAGER.OBJ
C:\USERS\PEDRO\DOWNLOADS\THOUNG\THOUNG\SERVER 6.4.0 - BACKUP\EMU\GAMESERVER\GAMESERVER\RELEASE\GAMESERVER_EX603\PARTY.OBJ
C:\USERS\PEDRO\DOWNLOADS\THOUNG\THOUNG\SERVER 6.4.0 - BACKUP\EMU\GAMESERVER\GAMESERVER\RELEASE\GAMESERVER_EX603\PARTYMATCHING.OBJ
C:\USERS\PEDRO\DOWNLOADS\THOUNG\THOUNG\SERVER 6.4.0 - BACKUP\EMU\GAMESERVER\GAMESERVER\RELEASE\GAMESERVER_EX603\PARTYSEARCH.OBJ
C:\USERS\PEDRO\DOWNLOADS\THOUNG\THOUNG\SERVER 6.4.0 - BACKUP\EMU\GAMESERVER\GAMESERVER\RELEASE\GAMESERVER_EX603\PATH.OBJ
C:\USERS\PEDRO\DOWNLOADS\THOUNG\THOUNG\SERVER 6.4.0 - BACKUP\EMU\GAMESERVER\GAMESERVER\RELEASE\GAMESERVER_EX603\PCPOINT.OBJ
C:\USERS\PEDRO\DOWNLOADS\THOUNG\THOUNG\SERVER 6.4.0 - BACKUP\EMU\GAMESERVER\GAMESERVER\RELEASE\GAMESERVER_EX603\PENTAGRAMSYSTEM.OBJ
C:\USERS\PEDRO\DOWNLOADS\THOUNG\THOUNG\SERVER 6.4.0 - BACKUP\EMU\GAMESERVER\GAMESERVER\RELEASE\GAMESERVER_EX603\PERSONALSHOP.OBJ
C:\USERS\PEDRO\DOWNLOADS\THOUNG\THOUNG\SERVER 6.4.0 - BACKUP\EMU\GAMESERVER\GAMESERVER\RELEASE\GAMESERVER_EX603\PROTOCOL.OBJ
C:\USERS\PEDRO\DOWNLOADS\THOUNG\THOUNG\SERVER 6.4.0 - BACKUP\EMU\GAMESERVER\GAMESERVER\RELEASE\GAMESERVER_EX603\PUGIXML.OBJ
C:\USERS\PEDRO\DOWNLOADS\THOUNG\THOUNG\SERVER 6.4.0 - BACKUP\EMU\GAMESERVER\GAMESERVER\RELEASE\GAMESERVER_EX603\PVPZONE.OBJ
C:\USERS\PEDRO\DOWNLOADS\THOUNG\THOUNG\SERVER 6.4.0 - BACKUP\EMU\GAMESERVER\GAMESERVER\RELEASE\GAMESERVER_EX603\QUEST.OBJ
C:\USERS\PEDRO\DOWNLOADS\THOUNG\THOUNG\SERVER 6.4.0 - BACKUP\EMU\GAMESERVER\GAMESERVER\RELEASE\GAMESERVER_EX603\QUESTOBJECTIVE.OBJ
C:\USERS\PEDRO\DOWNLOADS\THOUNG\THOUNG\SERVER 6.4.0 - BACKUP\EMU\GAMESERVER\GAMESERVER\RELEASE\GAMESERVER_EX603\QUESTREWARD.OBJ
C:\USERS\PEDRO\DOWNLOADS\THOUNG\THOUNG\SERVER 6.4.0 - BACKUP\EMU\GAMESERVER\GAMESERVER\RELEASE\GAMESERVER_EX603\QUESTWORLD.OBJ
C:\USERS\PEDRO\DOWNLOADS\THOUNG\THOUNG\SERVER 6.4.0 - BACKUP\EMU\GAMESERVER\GAMESERVER\RELEASE\GAMESERVER_EX603\QUESTWORLDOBJECTIVE.OBJ
C:\USERS\PEDRO\DOWNLOADS\THOUNG\THOUNG\SERVER 6.4.0 - BACKUP\EMU\GAMESERVER\GAMESERVER\RELEASE\GAMESERVER_EX603\QUESTWORLDREWARD.OBJ
C:\USERS\PEDRO\DOWNLOADS\THOUNG\THOUNG\SERVER 6.4.0 - BACKUP\EMU\GAMESERVER\GAMESERVER\RELEASE\GAMESERVER_EX603\QUEUE.OBJ
C:\USERS\PEDRO\DOWNLOADS\THOUNG\THOUNG\SERVER 6.4.0 - BACKUP\EMU\GAMESERVER\GAMESERVER\RELEASE\GAMESERVER_EX603\QUEUETIMER.OBJ
C:\USERS\PEDRO\DOWNLOADS\THOUNG\THOUNG\SERVER 6.4.0 - BACKUP\EMU\GAMESERVER\GAMESERVER\RELEASE\GAMESERVER_EX603\RAKLION.OBJ
C:\USERS\PEDRO\DOWNLOADS\THOUNG\THOUNG\SERVER 6.4.0 - BACKUP\EMU\GAMESERVER\GAMESERVER\RELEASE\GAMESERVER_EX603\RAKLIONBATTLEOFSELUPAN.OBJ
C:\USERS\PEDRO\DOWNLOADS\THOUNG\THOUNG\SERVER 6.4.0 - BACKUP\EMU\GAMESERVER\GAMESERVER\RELEASE\GAMESERVER_EX603\RAKLIONBATTLEUSER.OBJ
C:\USERS\PEDRO\DOWNLOADS\THOUNG\THOUNG\SERVER 6.4.0 - BACKUP\EMU\GAMESERVER\GAMESERVER\RELEASE\GAMESERVER_EX603\RAKLIONBATTLEUSERMNG.OBJ
C:\USERS\PEDRO\DOWNLOADS\THOUNG\THOUNG\SERVER 6.4.0 - BACKUP\EMU\GAMESERVER\GAMESERVER\RELEASE\GAMESERVER_EX603\RAKLIONOBJINFO.OBJ
C:\USERS\PEDRO\DOWNLOADS\THOUNG\THOUNG\SERVER 6.4.0 - BACKUP\EMU\GAMESERVER\GAMESERVER\RELEASE\GAMESERVER_EX603\RAKLIONSELUPAN.OBJ
C:\USERS\PEDRO\DOWNLOADS\THOUNG\THOUNG\SERVER 6.4.0 - BACKUP\EMU\GAMESERVER\GAMESERVER\RELEASE\GAMESERVER_EX603\RAKLIONUTIL.OBJ
C:\USERS\PEDRO\DOWNLOADS\THOUNG\THOUNG\SERVER 6.4.0 - BACKUP\EMU\GAMESERVER\GAMESERVER\RELEASE\GAMESERVER_EX603\RANDOMMANAGER.OBJ
C:\USERS\PEDRO\DOWNLOADS\THOUNG\THOUNG\SERVER 6.4.0 - BACKUP\EMU\GAMESERVER\GAMESERVER\RELEASE\GAMESERVER_EX603\RANKING.OBJ
C:\USERS\PEDRO\DOWNLOADS\THOUNG\THOUNG\SERVER 6.4.0 - BACKUP\EMU\GAMESERVER\GAMESERVER\RELEASE\GAMESERVER_EX603\RECONNECT.OBJ
C:\USERS\PEDRO\DOWNLOADS\THOUNG\THOUNG\SERVER 6.4.0 - BACKUP\EMU\GAMESERVER\GAMESERVER\RELEASE\GAMESERVER_EX603\RESETREWARD.OBJ
C:\USERS\PEDRO\DOWNLOADS\THOUNG\THOUNG\SERVER 6.4.0 - BACKUP\EMU\GAMESERVER\GAMESERVER\RELEASE\GAMESERVER_EX603\RESETTABLE.OBJ
C:\USERS\PEDRO\DOWNLOADS\THOUNG\THOUNG\SERVER 6.4.0 - BACKUP\EMU\GAMESERVER\GAMESERVER\RELEASE\GAMESERVER_EX603\RESPAWNLOCATION.OBJ
C:\USERS\PEDRO\DOWNLOADS\THOUNG\THOUNG\SERVER 6.4.0 - BACKUP\EMU\GAMESERVER\GAMESERVER\RELEASE\GAMESERVER_EX603\ROLLTHEDICE.OBJ
C:\USERS\PEDRO\DOWNLOADS\THOUNG\THOUNG\SERVER 6.4.0 - BACKUP\EMU\GAMESERVER\GAMESERVER\RELEASE\GAMESERVER_EX603\SCHEDULEMANAGER.OBJ
C:\USERS\PEDRO\DOWNLOADS\THOUNG\THOUNG\SERVER 6.4.0 - BACKUP\EMU\GAMESERVER\GAMESERVER\RELEASE\GAMESERVER_EX603\SERIALCHECK.OBJ
C:\USERS\PEDRO\DOWNLOADS\THOUNG\THOUNG\SERVER 6.4.0 - BACKUP\EMU\GAMESERVER\GAMESERVER\RELEASE\GAMESERVER_EX603\SERVERDISPLAYER.OBJ
C:\USERS\PEDRO\DOWNLOADS\THOUNG\THOUNG\SERVER 6.4.0 - BACKUP\EMU\GAMESERVER\GAMESERVER\RELEASE\GAMESERVER_EX603\SERVERINFO.OBJ
C:\USERS\PEDRO\DOWNLOADS\THOUNG\THOUNG\SERVER 6.4.0 - BACKUP\EMU\GAMESERVER\GAMESERVER\RELEASE\GAMESERVER_EX603\SETITEMOPTION.OBJ
C:\USERS\PEDRO\DOWNLOADS\THOUNG\THOUNG\SERVER 6.4.0 - BACKUP\EMU\GAMESERVER\GAMESERVER\RELEASE\GAMESERVER_EX603\SETITEMTYPE.OBJ
C:\USERS\PEDRO\DOWNLOADS\THOUNG\THOUNG\SERVER 6.4.0 - BACKUP\EMU\GAMESERVER\GAMESERVER\RELEASE\GAMESERVER_EX603\SHA1.OBJ
C:\USERS\PEDRO\DOWNLOADS\THOUNG\THOUNG\SERVER 6.4.0 - BACKUP\EMU\GAMESERVER\GAMESERVER\RELEASE\GAMESERVER_EX603\SHOP.OBJ
C:\USERS\PEDRO\DOWNLOADS\THOUNG\THOUNG\SERVER 6.4.0 - BACKUP\EMU\GAMESERVER\GAMESERVER\RELEASE\GAMESERVER_EX603\SHOPMANAGER.OBJ
C:\USERS\PEDRO\DOWNLOADS\THOUNG\THOUNG\SERVER 6.4.0 - BACKUP\EMU\GAMESERVER\GAMESERVER\RELEASE\GAMESERVER_EX603\SHOPSEARCH.OBJ
C:\USERS\PEDRO\DOWNLOADS\THOUNG\THOUNG\SERVER 6.4.0 - BACKUP\EMU\GAMESERVER\GAMESERVER\RELEASE\GAMESERVER_EX603\SKILL.OBJ
C:\USERS\PEDRO\DOWNLOADS\THOUNG\THOUNG\SERVER 6.4.0 - BACKUP\EMU\GAMESERVER\GAMESERVER\RELEASE\GAMESERVER_EX603\SKILLHITBOX.OBJ
C:\USERS\PEDRO\DOWNLOADS\THOUNG\THOUNG\SERVER 6.4.0 - BACKUP\EMU\GAMESERVER\GAMESERVER\RELEASE\GAMESERVER_EX603\SKILLMANAGER.OBJ
C:\USERS\PEDRO\DOWNLOADS\THOUNG\THOUNG\SERVER 6.4.0 - BACKUP\EMU\GAMESERVER\GAMESERVER\RELEASE\GAMESERVER_EX603\SMITHITEM.OBJ
C:\USERS\PEDRO\DOWNLOADS\THOUNG\THOUNG\SERVER 6.4.0 - BACKUP\EMU\GAMESERVER\GAMESERVER\RELEASE\GAMESERVER_EX603\SMITHY.OBJ
C:\USERS\PEDRO\DOWNLOADS\THOUNG\THOUNG\SERVER 6.4.0 - BACKUP\EMU\GAMESERVER\GAMESERVER\RELEASE\GAMESERVER_EX603\SOCKETITEMOPTION.OBJ
C:\USERS\PEDRO\DOWNLOADS\THOUNG\THOUNG\SERVER 6.4.0 - BACKUP\EMU\GAMESERVER\GAMESERVER\RELEASE\GAMESERVER_EX603\SOCKETITEMTYPE.OBJ
C:\USERS\PEDRO\DOWNLOADS\THOUNG\THOUNG\SERVER 6.4.0 - BACKUP\EMU\GAMESERVER\GAMESERVER\RELEASE\GAMESERVER_EX603\SOCKETMANAGER.OBJ
C:\USERS\PEDRO\DOWNLOADS\THOUNG\THOUNG\SERVER 6.4.0 - BACKUP\EMU\GAMESERVER\GAMESERVER\RELEASE\GAMESERVER_EX603\SOCKETMANAGERUDP.OBJ
C:\USERS\PEDRO\DOWNLOADS\THOUNG\THOUNG\SERVER 6.4.0 - BACKUP\EMU\GAMESERVER\GAMESERVER\RELEASE\GAMESERVER_EX603\STDAFX.OBJ
C:\USERS\PEDRO\DOWNLOADS\THOUNG\THOUNG\SERVER 6.4.0 - BACKUP\EMU\GAMESERVER\GAMESERVER\RELEASE\GAMESERVER_EX603\SUMMONSCROLL.OBJ
C:\USERS\PEDRO\DOWNLOADS\THOUNG\THOUNG\SERVER 6.4.0 - BACKUP\EMU\GAMESERVER\GAMESERVER\RELEASE\GAMESERVER_EX603\SURVIVOR.OBJ
C:\USERS\PEDRO\DOWNLOADS\THOUNG\THOUNG\SERVER 6.4.0 - BACKUP\EMU\GAMESERVER\GAMESERVER\RELEASE\GAMESERVER_EX603\THEGIFT.OBJ
C:\USERS\PEDRO\DOWNLOADS\THOUNG\THOUNG\SERVER 6.4.0 - BACKUP\EMU\GAMESERVER\GAMESERVER\RELEASE\GAMESERVER_EX603\TRADE.OBJ
C:\USERS\PEDRO\DOWNLOADS\THOUNG\THOUNG\SERVER 6.4.0 - BACKUP\EMU\GAMESERVER\GAMESERVER\RELEASE\GAMESERVER_EX603\TVTEVENT.OBJ
C:\USERS\PEDRO\DOWNLOADS\THOUNG\THOUNG\SERVER 6.4.0 - BACKUP\EMU\GAMESERVER\GAMESERVER\RELEASE\GAMESERVER_EX603\UNION.OBJ
C:\USERS\PEDRO\DOWNLOADS\THOUNG\THOUNG\SERVER 6.4.0 - BACKUP\EMU\GAMESERVER\GAMESERVER\RELEASE\GAMESERVER_EX603\UNIONINFO.OBJ
C:\USERS\PEDRO\DOWNLOADS\THOUNG\THOUNG\SERVER 6.4.0 - BACKUP\EMU\GAMESERVER\GAMESERVER\RELEASE\GAMESERVER_EX603\USER.OBJ
C:\USERS\PEDRO\DOWNLOADS\THOUNG\THOUNG\SERVER 6.4.0 - BACKUP\EMU\GAMESERVER\GAMESERVER\RELEASE\GAMESERVER_EX603\USERDIEITEMDROP.OBJ
C:\USERS\PEDRO\DOWNLOADS\THOUNG\THOUNG\SERVER 6.4.0 - BACKUP\EMU\GAMESERVER\GAMESERVER\RELEASE\GAMESERVER_EX603\UTIL.OBJ
C:\USERS\PEDRO\DOWNLOADS\THOUNG\THOUNG\SERVER 6.4.0 - BACKUP\EMU\GAMESERVER\GAMESERVER\RELEASE\GAMESERVER_EX603\VC100.PDB
C:\USERS\PEDRO\DOWNLOADS\THOUNG\THOUNG\SERVER 6.4.0 - BACKUP\EMU\GAMESERVER\GAMESERVER\RELEASE\GAMESERVER_EX603\VIEWPORT.OBJ
C:\USERS\PEDRO\DOWNLOADS\THOUNG\THOUNG\SERVER 6.4.0 - BACKUP\EMU\GAMESERVER\GAMESERVER\RELEASE\GAMESERVER_EX603\WAREHOUSE.OBJ
C:\USERS\PEDRO\DOWNLOADS\THOUNG\THOUNG\SERVER 6.4.0 - BACKUP\EMU\GAMESERVER\GAMESERVER\RELEASE\GAMESERVER_EX603\ZENDROP.OBJ
C:\USERS\PEDRO\DOWNLOADS\THOUNG\THOUNG\SERVER 6.4.0 - BACKUP\EMU\GAMESERVER\RELEASE\GAMESERVER_EX603\GAMESERVER.EXE
C:\Users\Pedro\Downloads\thoung\thoung\Server 6.4.0 - Backup\eMU\GameServer\Release\GameServer_EX603\GameServer.exp
C:\Users\Pedro\Downloads\thoung\thoung\Server 6.4.0 - Backup\eMU\GameServer\Release\GameServer_EX603\GameServer.lib
C:\USERS\PEDRO\DOWNLOADS\THOUNG\THOUNG\SERVER 6.4.0 - BACKUP\EMU\GAMESERVER\RELEASE\GAMESERVER_EX603\GAMESERVER.PDB
F:\thoung\Server 6.4.0 - Backup\eMU\GameServer\GameServer\Release\GameServer_EX603\cl.command.1.tlog
F:\thoung\Server 6.4.0 - Backup\eMU\GameServer\GameServer\Release\GameServer_EX603\CL.read.1.tlog
F:\thoung\Server 6.4.0 - Backup\eMU\GameServer\GameServer\Release\GameServer_EX603\CL.write.1.tlog
F:\thoung\Server 6.4.0 - Backup\eMU\GameServer\GameServer\Release\GameServer_EX603\GameServer.write.1.tlog
F:\thoung\Server 6.4.0 - Backup\eMU\GameServer\GameServer\Release\GameServer_EX603\link.command.1.tlog
F:\thoung\Server 6.4.0 - Backup\eMU\GameServer\GameServer\Release\GameServer_EX603\link.read.1.tlog
F:\thoung\Server 6.4.0 - Backup\eMU\GameServer\GameServer\Release\GameServer_EX603\link.write.1.tlog
F:\thoung\Server 6.4.0 - Backup\eMU\GameServer\GameServer\Release\GameServer_EX603\link-cvtres.read.1.tlog
F:\thoung\Server 6.4.0 - Backup\eMU\GameServer\GameServer\Release\GameServer_EX603\link-cvtres.write.1.tlog
F:\thoung\Server 6.4.0 - Backup\eMU\GameServer\GameServer\Release\GameServer_EX603\mt.command.1.tlog
F:\thoung\Server 6.4.0 - Backup\eMU\GameServer\GameServer\Release\GameServer_EX603\mt.read.1.tlog
F:\thoung\Server 6.4.0 - Backup\eMU\GameServer\GameServer\Release\GameServer_EX603\mt.write.1.tlog
F:\thoung\Server 6.4.0 - Backup\eMU\GameServer\GameServer\Release\GameServer_EX603\rc.command.1.tlog
F:\thoung\Server 6.4.0 - Backup\eMU\GameServer\GameServer\Release\GameServer_EX603\rc.read.1.tlog
F:\thoung\Server 6.4.0 - Backup\eMU\GameServer\GameServer\Release\GameServer_EX603\rc.write.1.tlog
