E:\THOUNG\SERVER 6.4.0 - BACKUP\EMU\JOINSERVER\JOINSERVER\RELEASE\JOINSERVER_EX603\ACCOUNTMANAGER.OBJ
E:\THOUNG\SERVER 6.4.0 - BACKUP\EMU\JOINSERVER\JOINSERVER\RELEASE\JOINSERVER_EX603\ALLOWABLEIPLIST.OBJ
E:\thoung\Server 6.4.0 - Backup\eMU\JoinServer\JoinServer\Release\JoinServer_EX603\cl.command.1.tlog
E:\thoung\Server 6.4.0 - Backup\eMU\JoinServer\JoinServer\Release\JoinServer_EX603\CL.read.1.tlog
E:\thoung\Server 6.4.0 - Backup\eMU\JoinServer\JoinServer\Release\JoinServer_EX603\CL.write.1.tlog
E:\THOUNG\SERVER 6.4.0 - BACKUP\EMU\JOINSERVER\JOINSERVER\RELEASE\JOINSERVER_EX603\CRITICALSECTION.OBJ
E:\THOUNG\SERVER 6.4.0 - BACKUP\EMU\JOINSERVER\JOINSERVER\RELEASE\JOINSERVER_EX603\JOINSERVER.EXE.INTERMEDIATE.MANIFEST
E:\THOUNG\SERVER 6.4.0 - BACKUP\EMU\JOINSERVER\JOINSERVER\RELEASE\JOINSERVER_EX603\JOINSERVER.OBJ
E:\THOUNG\SERVER 6.4.0 - BACKUP\EMU\JOINSERVER\JOINSERVER\RELEASE\JOINSERVER_EX603\JOINSERVER.PCH
E:\THOUNG\SERVER 6.4.0 - BACKUP\EMU\JOINSERVER\JOINSERVER\RELEASE\JOINSERVER_EX603\JOINSERVER.RES
E:\THOUNG\SERVER 6.4.0 - BACKUP\EMU\JOINSERVER\JOINSERVER\RELEASE\JOINSERVER_EX603\JOINSERVERPROTOCOL.OBJ
E:\thoung\Server 6.4.0 - Backup\eMU\JoinServer\JoinServer\Release\JoinServer_EX603\link.command.1.tlog
E:\thoung\Server 6.4.0 - Backup\eMU\JoinServer\JoinServer\Release\JoinServer_EX603\link.read.1.tlog
E:\thoung\Server 6.4.0 - Backup\eMU\JoinServer\JoinServer\Release\JoinServer_EX603\link.write.1.tlog
E:\thoung\Server 6.4.0 - Backup\eMU\JoinServer\JoinServer\Release\JoinServer_EX603\link-cvtres.read.1.tlog
E:\thoung\Server 6.4.0 - Backup\eMU\JoinServer\JoinServer\Release\JoinServer_EX603\link-cvtres.write.1.tlog
E:\THOUNG\SERVER 6.4.0 - BACKUP\EMU\JOINSERVER\JOINSERVER\RELEASE\JOINSERVER_EX603\LOG.OBJ
E:\THOUNG\SERVER 6.4.0 - BACKUP\EMU\JOINSERVER\JOINSERVER\RELEASE\JOINSERVER_EX603\MD5.OBJ
E:\THOUNG\SERVER 6.4.0 - BACKUP\EMU\JOINSERVER\JOINSERVER\RELEASE\JOINSERVER_EX603\MEMSCRIPT.OBJ
E:\THOUNG\SERVER 6.4.0 - BACKUP\EMU\JOINSERVER\JOINSERVER\RELEASE\JOINSERVER_EX603\MINIDUMP.OBJ
E:\thoung\Server 6.4.0 - Backup\eMU\JoinServer\JoinServer\Release\JoinServer_EX603\mt.command.1.tlog
E:\thoung\Server 6.4.0 - Backup\eMU\JoinServer\JoinServer\Release\JoinServer_EX603\mt.read.1.tlog
E:\thoung\Server 6.4.0 - Backup\eMU\JoinServer\JoinServer\Release\JoinServer_EX603\mt.write.1.tlog
E:\THOUNG\SERVER 6.4.0 - BACKUP\EMU\JOINSERVER\JOINSERVER\RELEASE\JOINSERVER_EX603\PROTECT.OBJ
E:\THOUNG\SERVER 6.4.0 - BACKUP\EMU\JOINSERVER\JOINSERVER\RELEASE\JOINSERVER_EX603\QUERYMANAGER.OBJ
E:\THOUNG\SERVER 6.4.0 - BACKUP\EMU\JOINSERVER\JOINSERVER\RELEASE\JOINSERVER_EX603\QUEUE.OBJ
E:\thoung\Server 6.4.0 - Backup\eMU\JoinServer\JoinServer\Release\JoinServer_EX603\rc.command.1.tlog
E:\thoung\Server 6.4.0 - Backup\eMU\JoinServer\JoinServer\Release\JoinServer_EX603\rc.read.1.tlog
E:\thoung\Server 6.4.0 - Backup\eMU\JoinServer\JoinServer\Release\JoinServer_EX603\rc.write.1.tlog
E:\THOUNG\SERVER 6.4.0 - BACKUP\EMU\JOINSERVER\JOINSERVER\RELEASE\JOINSERVER_EX603\SERVERDISPLAYER.OBJ
E:\THOUNG\SERVER 6.4.0 - BACKUP\EMU\JOINSERVER\JOINSERVER\RELEASE\JOINSERVER_EX603\SERVERMANAGER.OBJ
E:\THOUNG\SERVER 6.4.0 - BACKUP\EMU\JOINSERVER\JOINSERVER\RELEASE\JOINSERVER_EX603\SOCKETMANAGER.OBJ
E:\THOUNG\SERVER 6.4.0 - BACKUP\EMU\JOINSERVER\JOINSERVER\RELEASE\JOINSERVER_EX603\SOCKETMANAGERUDP.OBJ
E:\THOUNG\SERVER 6.4.0 - BACKUP\EMU\JOINSERVER\JOINSERVER\RELEASE\JOINSERVER_EX603\STDAFX.OBJ
E:\THOUNG\SERVER 6.4.0 - BACKUP\EMU\JOINSERVER\JOINSERVER\RELEASE\JOINSERVER_EX603\UTIL.OBJ
E:\THOUNG\SERVER 6.4.0 - BACKUP\EMU\JOINSERVER\JOINSERVER\RELEASE\JOINSERVER_EX603\VC100.PDB
E:\THOUNG\SERVER 6.4.0 - BACKUP\EMU\JOINSERVER\RELEASE\JOINSERVER_EX603\JOINSERVER.EXE
E:\THOUNG\SERVER 6.4.0 - BACKUP\EMU\JOINSERVER\RELEASE\JOINSERVER_EX603\JOINSERVER.PDB
