F:\THOUNG\SERVER 6.4.0 - BACKUP\MAININFO\GETMAININFO\RELEASE\CCRC32.OBJ
F:\thoung\Server 6.4.0 - Backup\MainInfo\GetMainInfo\Release\cl.command.1.tlog
F:\thoung\Server 6.4.0 - Backup\MainInfo\GetMainInfo\Release\CL.read.1.tlog
F:\thoung\Server 6.4.0 - Backup\MainInfo\GetMainInfo\Release\CL.write.1.tlog
F:\THOUNG\SERVER 6.4.0 - BACKUP\MAININFO\GETMAININFO\RELEASE\CSMITHITEM.OBJ
F:\THOUNG\SERVER 6.4.0 - BACKUP\MAININFO\GETMAININFO\RELEASE\CUSTOMFOG.OBJ
F:\THOUNG\SERVER 6.4.0 - BACKUP\MAININFO\GETMAININFO\RELEASE\CUSTOMITEM.OBJ
F:\THOUNG\SERVER 6.4.0 - BACKUP\MAININFO\GETMAININFO\RELEASE\CUSTOMJEWEL.OBJ
F:\THOUNG\SERVER 6.4.0 - BACKUP\MAININFO\GETMAININFO\RELEASE\CUSTOMMESSAGE.OBJ
F:\THOUNG\SERVER 6.4.0 - BACKUP\MAININFO\GETMAININFO\RELEASE\CUSTOMMONSTER.OBJ
F:\THOUNG\SERVER 6.4.0 - BACKUP\MAININFO\GETMAININFO\RELEASE\CUSTOMPET.OBJ
F:\THOUNG\SERVER 6.4.0 - BACKUP\MAININFO\GETMAININFO\RELEASE\CUSTOMRFGLOVES.OBJ
F:\THOUNG\SERVER 6.4.0 - BACKUP\MAININFO\GETMAININFO\RELEASE\CUSTOMSMOKE.OBJ
F:\THOUNG\SERVER 6.4.0 - BACKUP\MAININFO\GETMAININFO\RELEASE\CUSTOMSOCKET.OBJ
F:\THOUNG\SERVER 6.4.0 - BACKUP\MAININFO\GETMAININFO\RELEASE\CUSTOMTITLE.OBJ
F:\THOUNG\SERVER 6.4.0 - BACKUP\MAININFO\GETMAININFO\RELEASE\CUSTOMWEAPONS.OBJ
F:\THOUNG\SERVER 6.4.0 - BACKUP\MAININFO\GETMAININFO\RELEASE\CUSTOMWING.OBJ
F:\THOUNG\SERVER 6.4.0 - BACKUP\MAININFO\GETMAININFO\RELEASE\CUSTOMWINGEFFECT.OBJ
F:\THOUNG\SERVER 6.4.0 - BACKUP\MAININFO\GETMAININFO\RELEASE\DYNAMICEFFECT.OBJ
F:\THOUNG\SERVER 6.4.0 - BACKUP\MAININFO\GETMAININFO\RELEASE\EVENTTIMERTEXT.OBJ
F:\THOUNG\SERVER 6.4.0 - BACKUP\MAININFO\GETMAININFO\RELEASE\GETMAININFO.EXE.INTERMEDIATE.MANIFEST
F:\THOUNG\SERVER 6.4.0 - BACKUP\MAININFO\GETMAININFO\RELEASE\GETMAININFO.OBJ
F:\THOUNG\SERVER 6.4.0 - BACKUP\MAININFO\GETMAININFO\RELEASE\GETMAININFO.PCH
F:\THOUNG\SERVER 6.4.0 - BACKUP\MAININFO\GETMAININFO\RELEASE\GETMAININFO.RES
F:\THOUNG\SERVER 6.4.0 - BACKUP\MAININFO\GETMAININFO\RELEASE\ITEMOPTION.OBJ
F:\THOUNG\SERVER 6.4.0 - BACKUP\MAININFO\GETMAININFO\RELEASE\ITEMPRICE.OBJ
F:\thoung\Server 6.4.0 - Backup\MainInfo\GetMainInfo\Release\link.command.1.tlog
F:\thoung\Server 6.4.0 - Backup\MainInfo\GetMainInfo\Release\link.read.1.tlog
F:\thoung\Server 6.4.0 - Backup\MainInfo\GetMainInfo\Release\link.write.1.tlog
F:\thoung\Server 6.4.0 - Backup\MainInfo\GetMainInfo\Release\link-cvtres.read.1.tlog
F:\thoung\Server 6.4.0 - Backup\MainInfo\GetMainInfo\Release\link-cvtres.write.1.tlog
F:\THOUNG\SERVER 6.4.0 - BACKUP\MAININFO\GETMAININFO\RELEASE\MEMSCRIPT.OBJ
F:\THOUNG\SERVER 6.4.0 - BACKUP\MAININFO\GETMAININFO\RELEASE\MODELEFFECT.OBJ
F:\THOUNG\SERVER 6.4.0 - BACKUP\MAININFO\GETMAININFO\RELEASE\MONSTERNAMECOLOR.OBJ
F:\thoung\Server 6.4.0 - Backup\MainInfo\GetMainInfo\Release\mt.command.1.tlog
F:\thoung\Server 6.4.0 - Backup\MainInfo\GetMainInfo\Release\mt.read.1.tlog
F:\thoung\Server 6.4.0 - Backup\MainInfo\GetMainInfo\Release\mt.write.1.tlog
F:\thoung\Server 6.4.0 - Backup\MainInfo\GetMainInfo\Release\rc.command.1.tlog
F:\thoung\Server 6.4.0 - Backup\MainInfo\GetMainInfo\Release\rc.read.1.tlog
F:\thoung\Server 6.4.0 - Backup\MainInfo\GetMainInfo\Release\rc.write.1.tlog
F:\THOUNG\SERVER 6.4.0 - BACKUP\MAININFO\GETMAININFO\RELEASE\STDAFX.OBJ
F:\THOUNG\SERVER 6.4.0 - BACKUP\MAININFO\GETMAININFO\RELEASE\VC100.PDB
F:\THOUNG\SERVER 6.4.0 - BACKUP\MAININFO\RELEASE\GETMAININFO.EXE
F:\THOUNG\SERVER 6.4.0 - BACKUP\MAININFO\RELEASE\GETMAININFO.PDB
