F:\THOUNG\SERVER 6.4.0 - BACKUP\MHP\HACKCLIENT\HACKCLIENT\RELEASE\CCRC32.OBJ
F:\thoung\Server 6.4.0 - Backup\MHP\HackClient\HackClient\Release\cl.command.1.tlog
F:\thoung\Server 6.4.0 - Backup\MHP\HackClient\HackClient\Release\CL.read.1.tlog
F:\thoung\Server 6.4.0 - Backup\MHP\HackClient\HackClient\Release\CL.write.1.tlog
F:\THOUNG\SERVER 6.4.0 - BACKUP\MHP\HACKCLIENT\HACKCLIENT\RELEASE\CONNECTION.OBJ
F:\THOUNG\SERVER 6.4.0 - BACKUP\MHP\HACKCLIENT\HACKCLIENT\RELEASE\CRITICALSECTION.OBJ
F:\THOUNG\SERVER 6.4.0 - BACKUP\MHP\HACKCLIENT\HACKCLIENT\RELEASE\DUMPCHECK.OBJ
F:\THOUNG\SERVER 6.4.0 - BACKUP\MHP\HACKCLIENT\HACKCLIENT\RELEASE\EXECUTABLECHECK.OBJ
F:\THOUNG\SERVER 6.4.0 - BACKUP\MHP\HACKCLIENT\HACKCLIENT\RELEASE\FILECHECK.OBJ
F:\THOUNG\SERVER 6.4.0 - BACKUP\MHP\HACKCLIENT\HACKCLIENT\RELEASE\FILEMAPPINGCHECK.OBJ
F:\THOUNG\SERVER 6.4.0 - BACKUP\MHP\HACKCLIENT\HACKCLIENT\RELEASE\FILEPROTECT.OBJ
F:\THOUNG\SERVER 6.4.0 - BACKUP\MHP\HACKCLIENT\HACKCLIENT\RELEASE\HACKCHECK.OBJ
F:\THOUNG\SERVER 6.4.0 - BACKUP\MHP\HACKCLIENT\HACKCLIENT\RELEASE\HACKCLIENT.OBJ
F:\thoung\Server 6.4.0 - Backup\MHP\HackClient\HackClient\Release\HackClient.write.1.tlog
F:\THOUNG\SERVER 6.4.0 - BACKUP\MHP\HACKCLIENT\HACKCLIENT\RELEASE\HACKCLIENT1.RES
F:\THOUNG\SERVER 6.4.0 - BACKUP\MHP\HACKCLIENT\HACKCLIENT\RELEASE\HACKSERVERPROTOCOL.OBJ
F:\THOUNG\SERVER 6.4.0 - BACKUP\MHP\HACKCLIENT\HACKCLIENT\RELEASE\LIBRARYCHECK.OBJ
F:\thoung\Server 6.4.0 - Backup\MHP\HackClient\HackClient\Release\link.command.1.tlog
F:\thoung\Server 6.4.0 - Backup\MHP\HackClient\HackClient\Release\link.read.1.tlog
F:\thoung\Server 6.4.0 - Backup\MHP\HackClient\HackClient\Release\link.write.1.tlog
F:\thoung\Server 6.4.0 - Backup\MHP\HackClient\HackClient\Release\link-cvtres.read.1.tlog
F:\thoung\Server 6.4.0 - Backup\MHP\HackClient\HackClient\Release\link-cvtres.write.1.tlog
F:\THOUNG\SERVER 6.4.0 - BACKUP\MHP\HACKCLIENT\HACKCLIENT\RELEASE\LISTMANAGER.OBJ
F:\THOUNG\SERVER 6.4.0 - BACKUP\MHP\HACKCLIENT\HACKCLIENT\RELEASE\LOG.OBJ
F:\THOUNG\SERVER 6.4.0 - BACKUP\MHP\HACKCLIENT\HACKCLIENT\RELEASE\MACROCHECK.OBJ
F:\THOUNG\SERVER 6.4.0 - BACKUP\MHP\HACKCLIENT\HACKCLIENT\RELEASE\MESSAGE.OBJ
F:\THOUNG\SERVER 6.4.0 - BACKUP\MHP\HACKCLIENT\HACKCLIENT\RELEASE\MHPCLIENT.DLL.INTERMEDIATE.MANIFEST
F:\THOUNG\SERVER 6.4.0 - BACKUP\MHP\HACKCLIENT\HACKCLIENT\RELEASE\MHPCLIENT.PCH
F:\thoung\Server 6.4.0 - Backup\MHP\HackClient\HackClient\Release\mt.command.1.tlog
F:\thoung\Server 6.4.0 - Backup\MHP\HackClient\HackClient\Release\mt.read.1.tlog
F:\thoung\Server 6.4.0 - Backup\MHP\HackClient\HackClient\Release\mt.write.1.tlog
F:\THOUNG\SERVER 6.4.0 - BACKUP\MHP\HACKCLIENT\HACKCLIENT\RELEASE\PROCESSCHECK.OBJ
F:\THOUNG\SERVER 6.4.0 - BACKUP\MHP\HACKCLIENT\HACKCLIENT\RELEASE\PROCESSMANAGER.OBJ
F:\THOUNG\SERVER 6.4.0 - BACKUP\MHP\HACKCLIENT\HACKCLIENT\RELEASE\PROCESSQUERY.OBJ
F:\THOUNG\SERVER 6.4.0 - BACKUP\MHP\HACKCLIENT\HACKCLIENT\RELEASE\PROTECT.OBJ
F:\thoung\Server 6.4.0 - Backup\MHP\HackClient\HackClient\Release\rc.command.1.tlog
F:\thoung\Server 6.4.0 - Backup\MHP\HackClient\HackClient\Release\rc.read.1.tlog
F:\thoung\Server 6.4.0 - Backup\MHP\HackClient\HackClient\Release\rc.write.1.tlog
F:\THOUNG\SERVER 6.4.0 - BACKUP\MHP\HACKCLIENT\HACKCLIENT\RELEASE\REGISTRYCHECK.OBJ
F:\THOUNG\SERVER 6.4.0 - BACKUP\MHP\HACKCLIENT\HACKCLIENT\RELEASE\SIMPLEMODULES.OBJ
F:\THOUNG\SERVER 6.4.0 - BACKUP\MHP\HACKCLIENT\HACKCLIENT\RELEASE\SPLASHSCREEN.OBJ
F:\THOUNG\SERVER 6.4.0 - BACKUP\MHP\HACKCLIENT\HACKCLIENT\RELEASE\STDAFX.OBJ
F:\THOUNG\SERVER 6.4.0 - BACKUP\MHP\HACKCLIENT\HACKCLIENT\RELEASE\THREADCHECK.OBJ
F:\THOUNG\SERVER 6.4.0 - BACKUP\MHP\HACKCLIENT\HACKCLIENT\RELEASE\UTIL.OBJ
F:\THOUNG\SERVER 6.4.0 - BACKUP\MHP\HACKCLIENT\HACKCLIENT\RELEASE\VC100.PDB
F:\THOUNG\SERVER 6.4.0 - BACKUP\MHP\HACKCLIENT\HACKCLIENT\RELEASE\WINDOWCHECK.OBJ
F:\THOUNG\SERVER 6.4.0 - BACKUP\MHP\HACKCLIENT\RELEASE\MHPCLIENT.DLL
F:\thoung\Server 6.4.0 - Backup\MHP\HackClient\Release\MHPClient.exp
F:\thoung\Server 6.4.0 - Backup\MHP\HackClient\Release\MHPClient.lib
F:\THOUNG\SERVER 6.4.0 - BACKUP\MHP\HACKCLIENT\RELEASE\MHPCLIENT.MAP
F:\THOUNG\SERVER 6.4.0 - BACKUP\MHP\HACKCLIENT\RELEASE\MHPCLIENT.PDB
