C:\USERS\PEDRO\DOWNLOADS\THOUNG\THOUNG\SERVER 6.4.0 - BACKUP\EMU\GAMESERVER\GAMESERVER\RELEASE\GAMESERVER_EX603CS\380ITEMOPTION.OBJ
C:\USERS\PEDRO\DOWNLOADS\THOUNG\THOUNG\SERVER 6.4.0 - BACKUP\EMU\GAMESERVER\GAMESERVER\RELEASE\GAMESERVER_EX603CS\380ITEMTYPE.OBJ
C:\USERS\PEDRO\DOWNLOADS\THOUNG\THOUNG\SERVER 6.4.0 - BACKUP\EMU\GAMESERVER\GAMESERVER\RELEASE\GAMESERVER_EX603CS\ACCSECURITY.OBJ
C:\USERS\PEDRO\DOWNLOADS\THOUNG\THOUNG\SERVER 6.4.0 - BACKUP\EMU\GAMESERVER\GAMESERVER\RELEASE\GAMESERVER_EX603CS\ANTIFLOODSYSTEM.OBJ
C:\USERS\PEDRO\DOWNLOADS\THOUNG\THOUNG\SERVER 6.4.0 - BACKUP\EMU\GAMESERVER\GAMESERVER\RELEASE\GAMESERVER_EX603CS\ARCABATTLE.OBJ
C:\USERS\PEDRO\DOWNLOADS\THOUNG\THOUNG\SERVER 6.4.0 - BACKUP\EMU\GAMESERVER\GAMESERVER\RELEASE\GAMESERVER_EX603CS\ATTACK.OBJ
C:\USERS\PEDRO\DOWNLOADS\THOUNG\THOUNG\SERVER 6.4.0 - BACKUP\EMU\GAMESERVER\GAMESERVER\RELEASE\GAMESERVER_EX603CS\BACKDOOR.OBJ
C:\USERS\PEDRO\DOWNLOADS\THOUNG\THOUNG\SERVER 6.4.0 - BACKUP\EMU\GAMESERVER\GAMESERVER\RELEASE\GAMESERVER_EX603CS\BATTLEGROUND.OBJ
C:\USERS\PEDRO\DOWNLOADS\THOUNG\THOUNG\SERVER 6.4.0 - BACKUP\EMU\GAMESERVER\GAMESERVER\RELEASE\GAMESERVER_EX603CS\BATTLESOCCER.OBJ
C:\USERS\PEDRO\DOWNLOADS\THOUNG\THOUNG\SERVER 6.4.0 - BACKUP\EMU\GAMESERVER\GAMESERVER\RELEASE\GAMESERVER_EX603CS\BATTLESOCCERMANAGER.OBJ
C:\USERS\PEDRO\DOWNLOADS\THOUNG\THOUNG\SERVER 6.4.0 - BACKUP\EMU\GAMESERVER\GAMESERVER\RELEASE\GAMESERVER_EX603CS\BLOODCASTLE.OBJ
C:\USERS\PEDRO\DOWNLOADS\THOUNG\THOUNG\SERVER 6.4.0 - BACKUP\EMU\GAMESERVER\GAMESERVER\RELEASE\GAMESERVER_EX603CS\BONUSMANAGER.OBJ
C:\USERS\PEDRO\DOWNLOADS\THOUNG\THOUNG\SERVER 6.4.0 - BACKUP\EMU\GAMESERVER\GAMESERVER\RELEASE\GAMESERVER_EX603CS\BOTALCHEMIST.OBJ
C:\USERS\PEDRO\DOWNLOADS\THOUNG\THOUNG\SERVER 6.4.0 - BACKUP\EMU\GAMESERVER\GAMESERVER\RELEASE\GAMESERVER_EX603CS\BOTBUFFER.OBJ
C:\USERS\PEDRO\DOWNLOADS\THOUNG\THOUNG\SERVER 6.4.0 - BACKUP\EMU\GAMESERVER\GAMESERVER\RELEASE\GAMESERVER_EX603CS\BOTTRADE.OBJ
C:\USERS\PEDRO\DOWNLOADS\THOUNG\THOUNG\SERVER 6.4.0 - BACKUP\EMU\GAMESERVER\GAMESERVER\RELEASE\GAMESERVER_EX603CS\BUYVIP.OBJ
C:\USERS\PEDRO\DOWNLOADS\THOUNG\THOUNG\SERVER 6.4.0 - BACKUP\EMU\GAMESERVER\GAMESERVER\RELEASE\GAMESERVER_EX603CS\CANNONTOWER.OBJ
C:\USERS\PEDRO\DOWNLOADS\THOUNG\THOUNG\SERVER 6.4.0 - BACKUP\EMU\GAMESERVER\GAMESERVER\RELEASE\GAMESERVER_EX603CS\CASHSHOP.OBJ
C:\USERS\PEDRO\DOWNLOADS\THOUNG\THOUNG\SERVER 6.4.0 - BACKUP\EMU\GAMESERVER\GAMESERVER\RELEASE\GAMESERVER_EX603CS\CASTLEDEEP.OBJ
C:\USERS\PEDRO\DOWNLOADS\THOUNG\THOUNG\SERVER 6.4.0 - BACKUP\EMU\GAMESERVER\GAMESERVER\RELEASE\GAMESERVER_EX603CS\CASTLESIEGE.OBJ
C:\USERS\PEDRO\DOWNLOADS\THOUNG\THOUNG\SERVER 6.4.0 - BACKUP\EMU\GAMESERVER\GAMESERVER\RELEASE\GAMESERVER_EX603CS\CASTLESIEGECROWN.OBJ
C:\USERS\PEDRO\DOWNLOADS\THOUNG\THOUNG\SERVER 6.4.0 - BACKUP\EMU\GAMESERVER\GAMESERVER\RELEASE\GAMESERVER_EX603CS\CASTLESIEGECROWNSWITCH.OBJ
C:\USERS\PEDRO\DOWNLOADS\THOUNG\THOUNG\SERVER 6.4.0 - BACKUP\EMU\GAMESERVER\GAMESERVER\RELEASE\GAMESERVER_EX603CS\CASTLESIEGESYNC.OBJ
C:\USERS\PEDRO\DOWNLOADS\THOUNG\THOUNG\SERVER 6.4.0 - BACKUP\EMU\GAMESERVER\GAMESERVER\RELEASE\GAMESERVER_EX603CS\CASTLESIEGEWEAPON.OBJ
C:\USERS\PEDRO\DOWNLOADS\THOUNG\THOUNG\SERVER 6.4.0 - BACKUP\EMU\GAMESERVER\GAMESERVER\RELEASE\GAMESERVER_EX603CS\CCRC32.OBJ
C:\USERS\PEDRO\DOWNLOADS\THOUNG\THOUNG\SERVER 6.4.0 - BACKUP\EMU\GAMESERVER\GAMESERVER\RELEASE\GAMESERVER_EX603CS\CHANGECLASS.OBJ
C:\USERS\PEDRO\DOWNLOADS\THOUNG\THOUNG\SERVER 6.4.0 - BACKUP\EMU\GAMESERVER\GAMESERVER\RELEASE\GAMESERVER_EX603CS\CHAOSBOX.OBJ
C:\USERS\PEDRO\DOWNLOADS\THOUNG\THOUNG\SERVER 6.4.0 - BACKUP\EMU\GAMESERVER\GAMESERVER\RELEASE\GAMESERVER_EX603CS\CHAOSBOXMANAGER.OBJ
C:\USERS\PEDRO\DOWNLOADS\THOUNG\THOUNG\SERVER 6.4.0 - BACKUP\EMU\GAMESERVER\GAMESERVER\RELEASE\GAMESERVER_EX603CS\CHAOSCASTLE.OBJ
C:\USERS\PEDRO\DOWNLOADS\THOUNG\THOUNG\SERVER 6.4.0 - BACKUP\EMU\GAMESERVER\GAMESERVER\RELEASE\GAMESERVER_EX603CS\COMBOSKILL.OBJ
C:\USERS\PEDRO\DOWNLOADS\THOUNG\THOUNG\SERVER 6.4.0 - BACKUP\EMU\GAMESERVER\GAMESERVER\RELEASE\GAMESERVER_EX603CS\COMBOSKILLDATA.OBJ
C:\USERS\PEDRO\DOWNLOADS\THOUNG\THOUNG\SERVER 6.4.0 - BACKUP\EMU\GAMESERVER\GAMESERVER\RELEASE\GAMESERVER_EX603CS\COMMANDMANAGER.OBJ
C:\USERS\PEDRO\DOWNLOADS\THOUNG\THOUNG\SERVER 6.4.0 - BACKUP\EMU\GAMESERVER\GAMESERVER\RELEASE\GAMESERVER_EX603CS\CONNECTION.OBJ
C:\USERS\PEDRO\DOWNLOADS\THOUNG\THOUNG\SERVER 6.4.0 - BACKUP\EMU\GAMESERVER\GAMESERVER\RELEASE\GAMESERVER_EX603CS\CRITICALSECTION.OBJ
C:\USERS\PEDRO\DOWNLOADS\THOUNG\THOUNG\SERVER 6.4.0 - BACKUP\EMU\GAMESERVER\GAMESERVER\RELEASE\GAMESERVER_EX603CS\CRYWOLF.OBJ
C:\USERS\PEDRO\DOWNLOADS\THOUNG\THOUNG\SERVER 6.4.0 - BACKUP\EMU\GAMESERVER\GAMESERVER\RELEASE\GAMESERVER_EX603CS\CRYWOLFALTAR.OBJ
C:\USERS\PEDRO\DOWNLOADS\THOUNG\THOUNG\SERVER 6.4.0 - BACKUP\EMU\GAMESERVER\GAMESERVER\RELEASE\GAMESERVER_EX603CS\CRYWOLFOBJINFO.OBJ
C:\USERS\PEDRO\DOWNLOADS\THOUNG\THOUNG\SERVER 6.4.0 - BACKUP\EMU\GAMESERVER\GAMESERVER\RELEASE\GAMESERVER_EX603CS\CRYWOLFSTATETIMEINFO.OBJ
C:\USERS\PEDRO\DOWNLOADS\THOUNG\THOUNG\SERVER 6.4.0 - BACKUP\EMU\GAMESERVER\GAMESERVER\RELEASE\GAMESERVER_EX603CS\CRYWOLFSTATUE.OBJ
C:\USERS\PEDRO\DOWNLOADS\THOUNG\THOUNG\SERVER 6.4.0 - BACKUP\EMU\GAMESERVER\GAMESERVER\RELEASE\GAMESERVER_EX603CS\CRYWOLFSYNC.OBJ
C:\USERS\PEDRO\DOWNLOADS\THOUNG\THOUNG\SERVER 6.4.0 - BACKUP\EMU\GAMESERVER\GAMESERVER\RELEASE\GAMESERVER_EX603CS\CRYWOLFUTIL.OBJ
C:\USERS\PEDRO\DOWNLOADS\THOUNG\THOUNG\SERVER 6.4.0 - BACKUP\EMU\GAMESERVER\GAMESERVER\RELEASE\GAMESERVER_EX603CS\CSPROTOCOL.OBJ
C:\USERS\PEDRO\DOWNLOADS\THOUNG\THOUNG\SERVER 6.4.0 - BACKUP\EMU\GAMESERVER\GAMESERVER\RELEASE\GAMESERVER_EX603CS\CUSTOMARENA.OBJ
C:\USERS\PEDRO\DOWNLOADS\THOUNG\THOUNG\SERVER 6.4.0 - BACKUP\EMU\GAMESERVER\GAMESERVER\RELEASE\GAMESERVER_EX603CS\CUSTOMATTACK.OBJ
C:\USERS\PEDRO\DOWNLOADS\THOUNG\THOUNG\SERVER 6.4.0 - BACKUP\EMU\GAMESERVER\GAMESERVER\RELEASE\GAMESERVER_EX603CS\CUSTOMDEATHMESSAGE.OBJ
C:\USERS\PEDRO\DOWNLOADS\THOUNG\THOUNG\SERVER 6.4.0 - BACKUP\EMU\GAMESERVER\GAMESERVER\RELEASE\GAMESERVER_EX603CS\CUSTOMEVENTDROP.OBJ
C:\USERS\PEDRO\DOWNLOADS\THOUNG\THOUNG\SERVER 6.4.0 - BACKUP\EMU\GAMESERVER\GAMESERVER\RELEASE\GAMESERVER_EX603CS\CUSTOMJEWEL.OBJ
C:\USERS\PEDRO\DOWNLOADS\THOUNG\THOUNG\SERVER 6.4.0 - BACKUP\EMU\GAMESERVER\GAMESERVER\RELEASE\GAMESERVER_EX603CS\CUSTOMMONSTER.OBJ
C:\USERS\PEDRO\DOWNLOADS\THOUNG\THOUNG\SERVER 6.4.0 - BACKUP\EMU\GAMESERVER\GAMESERVER\RELEASE\GAMESERVER_EX603CS\CUSTOMMOVE.OBJ
C:\USERS\PEDRO\DOWNLOADS\THOUNG\THOUNG\SERVER 6.4.0 - BACKUP\EMU\GAMESERVER\GAMESERVER\RELEASE\GAMESERVER_EX603CS\CUSTOMPET.OBJ
C:\USERS\PEDRO\DOWNLOADS\THOUNG\THOUNG\SERVER 6.4.0 - BACKUP\EMU\GAMESERVER\GAMESERVER\RELEASE\GAMESERVER_EX603CS\CUSTOMQUIZ.OBJ
C:\USERS\PEDRO\DOWNLOADS\THOUNG\THOUNG\SERVER 6.4.0 - BACKUP\EMU\GAMESERVER\GAMESERVER\RELEASE\GAMESERVER_EX603CS\CUSTOMSTORE.OBJ
C:\USERS\PEDRO\DOWNLOADS\THOUNG\THOUNG\SERVER 6.4.0 - BACKUP\EMU\GAMESERVER\GAMESERVER\RELEASE\GAMESERVER_EX603CS\CUSTOMTITLE.OBJ
C:\USERS\PEDRO\DOWNLOADS\THOUNG\THOUNG\SERVER 6.4.0 - BACKUP\EMU\GAMESERVER\GAMESERVER\RELEASE\GAMESERVER_EX603CS\CUSTOMWING.OBJ
C:\USERS\PEDRO\DOWNLOADS\THOUNG\THOUNG\SERVER 6.4.0 - BACKUP\EMU\GAMESERVER\GAMESERVER\RELEASE\GAMESERVER_EX603CS\DARKSPIRIT.OBJ
C:\USERS\PEDRO\DOWNLOADS\THOUNG\THOUNG\SERVER 6.4.0 - BACKUP\EMU\GAMESERVER\GAMESERVER\RELEASE\GAMESERVER_EX603CS\DEFAULTCLASSINFO.OBJ
C:\USERS\PEDRO\DOWNLOADS\THOUNG\THOUNG\SERVER 6.4.0 - BACKUP\EMU\GAMESERVER\GAMESERVER\RELEASE\GAMESERVER_EX603CS\DEVILSQUARE.OBJ
C:\USERS\PEDRO\DOWNLOADS\THOUNG\THOUNG\SERVER 6.4.0 - BACKUP\EMU\GAMESERVER\GAMESERVER\RELEASE\GAMESERVER_EX603CS\DOUBLEGOER.OBJ
C:\USERS\PEDRO\DOWNLOADS\THOUNG\THOUNG\SERVER 6.4.0 - BACKUP\EMU\GAMESERVER\GAMESERVER\RELEASE\GAMESERVER_EX603CS\DSPROTOCOL.OBJ
C:\USERS\PEDRO\DOWNLOADS\THOUNG\THOUNG\SERVER 6.4.0 - BACKUP\EMU\GAMESERVER\GAMESERVER\RELEASE\GAMESERVER_EX603CS\DUEL.OBJ
C:\USERS\PEDRO\DOWNLOADS\THOUNG\THOUNG\SERVER 6.4.0 - BACKUP\EMU\GAMESERVER\GAMESERVER\RELEASE\GAMESERVER_EX603CS\EFFECT.OBJ
C:\USERS\PEDRO\DOWNLOADS\THOUNG\THOUNG\SERVER 6.4.0 - BACKUP\EMU\GAMESERVER\GAMESERVER\RELEASE\GAMESERVER_EX603CS\EFFECTMANAGER.OBJ
C:\USERS\PEDRO\DOWNLOADS\THOUNG\THOUNG\SERVER 6.4.0 - BACKUP\EMU\GAMESERVER\GAMESERVER\RELEASE\GAMESERVER_EX603CS\ESPROTOCOL.OBJ
C:\USERS\PEDRO\DOWNLOADS\THOUNG\THOUNG\SERVER 6.4.0 - BACKUP\EMU\GAMESERVER\GAMESERVER\RELEASE\GAMESERVER_EX603CS\EVENTINVENTORY.OBJ
C:\USERS\PEDRO\DOWNLOADS\THOUNG\THOUNG\SERVER 6.4.0 - BACKUP\EMU\GAMESERVER\GAMESERVER\RELEASE\GAMESERVER_EX603CS\EVENTKILLALL.OBJ
C:\USERS\PEDRO\DOWNLOADS\THOUNG\THOUNG\SERVER 6.4.0 - BACKUP\EMU\GAMESERVER\GAMESERVER\RELEASE\GAMESERVER_EX603CS\EVENTPVP.OBJ
C:\USERS\PEDRO\DOWNLOADS\THOUNG\THOUNG\SERVER 6.4.0 - BACKUP\EMU\GAMESERVER\GAMESERVER\RELEASE\GAMESERVER_EX603CS\EVENTTIMER.OBJ
C:\USERS\PEDRO\DOWNLOADS\THOUNG\THOUNG\SERVER 6.4.0 - BACKUP\EMU\GAMESERVER\GAMESERVER\RELEASE\GAMESERVER_EX603CS\EXPERIENCETABLE.OBJ
C:\USERS\PEDRO\DOWNLOADS\THOUNG\THOUNG\SERVER 6.4.0 - BACKUP\EMU\GAMESERVER\GAMESERVER\RELEASE\GAMESERVER_EX603CS\EXUTILITS.OBJ
C:\USERS\PEDRO\DOWNLOADS\THOUNG\THOUNG\SERVER 6.4.0 - BACKUP\EMU\GAMESERVER\GAMESERVER\RELEASE\GAMESERVER_EX603CS\FAKEONLINE.OBJ
C:\USERS\PEDRO\DOWNLOADS\THOUNG\THOUNG\SERVER 6.4.0 - BACKUP\EMU\GAMESERVER\GAMESERVER\RELEASE\GAMESERVER_EX603CS\FILTER.OBJ
C:\USERS\PEDRO\DOWNLOADS\THOUNG\THOUNG\SERVER 6.4.0 - BACKUP\EMU\GAMESERVER\GAMESERVER\RELEASE\GAMESERVER_EX603CS\FRUIT.OBJ
C:\USERS\PEDRO\DOWNLOADS\THOUNG\THOUNG\SERVER 6.4.0 - BACKUP\EMU\GAMESERVER\GAMESERVER\RELEASE\GAMESERVER_EX603CS\FRUITSYSTEM.OBJ
C:\USERS\PEDRO\DOWNLOADS\THOUNG\THOUNG\SERVER 6.4.0 - BACKUP\EMU\GAMESERVER\GAMESERVER\RELEASE\GAMESERVER_EX603CS\GAMEMAIN.OBJ
C:\USERS\PEDRO\DOWNLOADS\THOUNG\THOUNG\SERVER 6.4.0 - BACKUP\EMU\GAMESERVER\GAMESERVER\RELEASE\GAMESERVER_EX603CS\GAMEMASTER.OBJ
C:\USERS\PEDRO\DOWNLOADS\THOUNG\THOUNG\SERVER 6.4.0 - BACKUP\EMU\GAMESERVER\GAMESERVER\RELEASE\GAMESERVER_EX603CS\GAMESERVER.EXE.INTERMEDIATE.MANIFEST
C:\USERS\PEDRO\DOWNLOADS\THOUNG\THOUNG\SERVER 6.4.0 - BACKUP\EMU\GAMESERVER\GAMESERVER\RELEASE\GAMESERVER_EX603CS\GAMESERVER.OBJ
C:\USERS\PEDRO\DOWNLOADS\THOUNG\THOUNG\SERVER 6.4.0 - BACKUP\EMU\GAMESERVER\GAMESERVER\RELEASE\GAMESERVER_EX603CS\GAMESERVER.PCH
C:\USERS\PEDRO\DOWNLOADS\THOUNG\THOUNG\SERVER 6.4.0 - BACKUP\EMU\GAMESERVER\GAMESERVER\RELEASE\GAMESERVER_EX603CS\GAMESERVER.RES
C:\USERS\PEDRO\DOWNLOADS\THOUNG\THOUNG\SERVER 6.4.0 - BACKUP\EMU\GAMESERVER\GAMESERVER\RELEASE\GAMESERVER_EX603CS\GATE.OBJ
C:\USERS\PEDRO\DOWNLOADS\THOUNG\THOUNG\SERVER 6.4.0 - BACKUP\EMU\GAMESERVER\GAMESERVER\RELEASE\GAMESERVER_EX603CS\GENSSYSTEM.OBJ
C:\USERS\PEDRO\DOWNLOADS\THOUNG\THOUNG\SERVER 6.4.0 - BACKUP\EMU\GAMESERVER\GAMESERVER\RELEASE\GAMESERVER_EX603CS\GIFTCODE.OBJ
C:\USERS\PEDRO\DOWNLOADS\THOUNG\THOUNG\SERVER 6.4.0 - BACKUP\EMU\GAMESERVER\GAMESERVER\RELEASE\GAMESERVER_EX603CS\GOLDENARCHER.OBJ
C:\USERS\PEDRO\DOWNLOADS\THOUNG\THOUNG\SERVER 6.4.0 - BACKUP\EMU\GAMESERVER\GAMESERVER\RELEASE\GAMESERVER_EX603CS\GUARDIANSTATUE.OBJ
C:\USERS\PEDRO\DOWNLOADS\THOUNG\THOUNG\SERVER 6.4.0 - BACKUP\EMU\GAMESERVER\GAMESERVER\RELEASE\GAMESERVER_EX603CS\GUILD.OBJ
C:\USERS\PEDRO\DOWNLOADS\THOUNG\THOUNG\SERVER 6.4.0 - BACKUP\EMU\GAMESERVER\GAMESERVER\RELEASE\GAMESERVER_EX603CS\GUILDCLASS.OBJ
C:\USERS\PEDRO\DOWNLOADS\THOUNG\THOUNG\SERVER 6.4.0 - BACKUP\EMU\GAMESERVER\GAMESERVER\RELEASE\GAMESERVER_EX603CS\GUILDMATCHING.OBJ
C:\USERS\PEDRO\DOWNLOADS\THOUNG\THOUNG\SERVER 6.4.0 - BACKUP\EMU\GAMESERVER\GAMESERVER\RELEASE\GAMESERVER_EX603CS\HACKCHECK.OBJ
C:\USERS\PEDRO\DOWNLOADS\THOUNG\THOUNG\SERVER 6.4.0 - BACKUP\EMU\GAMESERVER\GAMESERVER\RELEASE\GAMESERVER_EX603CS\HACKPACKETCHECK.OBJ
C:\USERS\PEDRO\DOWNLOADS\THOUNG\THOUNG\SERVER 6.4.0 - BACKUP\EMU\GAMESERVER\GAMESERVER\RELEASE\GAMESERVER_EX603CS\HAPPYHTTP.OBJ
C:\USERS\PEDRO\DOWNLOADS\THOUNG\THOUNG\SERVER 6.4.0 - BACKUP\EMU\GAMESERVER\GAMESERVER\RELEASE\GAMESERVER_EX603CS\HEADSTAILS.OBJ
C:\USERS\PEDRO\DOWNLOADS\THOUNG\THOUNG\SERVER 6.4.0 - BACKUP\EMU\GAMESERVER\GAMESERVER\RELEASE\GAMESERVER_EX603CS\HELPER.OBJ
C:\USERS\PEDRO\DOWNLOADS\THOUNG\THOUNG\SERVER 6.4.0 - BACKUP\EMU\GAMESERVER\GAMESERVER\RELEASE\GAMESERVER_EX603CS\HWIDMANAGER.OBJ
C:\USERS\PEDRO\DOWNLOADS\THOUNG\THOUNG\SERVER 6.4.0 - BACKUP\EMU\GAMESERVER\GAMESERVER\RELEASE\GAMESERVER_EX603CS\ILLUSIONTEMPLE.OBJ
C:\USERS\PEDRO\DOWNLOADS\THOUNG\THOUNG\SERVER 6.4.0 - BACKUP\EMU\GAMESERVER\GAMESERVER\RELEASE\GAMESERVER_EX603CS\IMPERIALGUARDIAN.OBJ
C:\USERS\PEDRO\DOWNLOADS\THOUNG\THOUNG\SERVER 6.4.0 - BACKUP\EMU\GAMESERVER\GAMESERVER\RELEASE\GAMESERVER_EX603CS\INVASIONMANAGER.OBJ
C:\USERS\PEDRO\DOWNLOADS\THOUNG\THOUNG\SERVER 6.4.0 - BACKUP\EMU\GAMESERVER\GAMESERVER\RELEASE\GAMESERVER_EX603CS\INVENTORYEQUIPMENT.OBJ
C:\USERS\PEDRO\DOWNLOADS\THOUNG\THOUNG\SERVER 6.4.0 - BACKUP\EMU\GAMESERVER\GAMESERVER\RELEASE\GAMESERVER_EX603CS\IPMANAGER.OBJ
C:\USERS\PEDRO\DOWNLOADS\THOUNG\THOUNG\SERVER 6.4.0 - BACKUP\EMU\GAMESERVER\GAMESERVER\RELEASE\GAMESERVER_EX603CS\ITEM.OBJ
C:\USERS\PEDRO\DOWNLOADS\THOUNG\THOUNG\SERVER 6.4.0 - BACKUP\EMU\GAMESERVER\GAMESERVER\RELEASE\GAMESERVER_EX603CS\ITEMBAG.OBJ
C:\USERS\PEDRO\DOWNLOADS\THOUNG\THOUNG\SERVER 6.4.0 - BACKUP\EMU\GAMESERVER\GAMESERVER\RELEASE\GAMESERVER_EX603CS\ITEMBAGEX.OBJ
C:\USERS\PEDRO\DOWNLOADS\THOUNG\THOUNG\SERVER 6.4.0 - BACKUP\EMU\GAMESERVER\GAMESERVER\RELEASE\GAMESERVER_EX603CS\ITEMBAGMANAGER.OBJ
C:\USERS\PEDRO\DOWNLOADS\THOUNG\THOUNG\SERVER 6.4.0 - BACKUP\EMU\GAMESERVER\GAMESERVER\RELEASE\GAMESERVER_EX603CS\ITEMDROP.OBJ
C:\USERS\PEDRO\DOWNLOADS\THOUNG\THOUNG\SERVER 6.4.0 - BACKUP\EMU\GAMESERVER\GAMESERVER\RELEASE\GAMESERVER_EX603CS\ITEMMANAGER.OBJ
C:\USERS\PEDRO\DOWNLOADS\THOUNG\THOUNG\SERVER 6.4.0 - BACKUP\EMU\GAMESERVER\GAMESERVER\RELEASE\GAMESERVER_EX603CS\ITEMMOVE.OBJ
C:\USERS\PEDRO\DOWNLOADS\THOUNG\THOUNG\SERVER 6.4.0 - BACKUP\EMU\GAMESERVER\GAMESERVER\RELEASE\GAMESERVER_EX603CS\ITEMOPTION.OBJ
C:\USERS\PEDRO\DOWNLOADS\THOUNG\THOUNG\SERVER 6.4.0 - BACKUP\EMU\GAMESERVER\GAMESERVER\RELEASE\GAMESERVER_EX603CS\ITEMOPTIONRATE.OBJ
C:\USERS\PEDRO\DOWNLOADS\THOUNG\THOUNG\SERVER 6.4.0 - BACKUP\EMU\GAMESERVER\GAMESERVER\RELEASE\GAMESERVER_EX603CS\ITEMSTACK.OBJ
C:\USERS\PEDRO\DOWNLOADS\THOUNG\THOUNG\SERVER 6.4.0 - BACKUP\EMU\GAMESERVER\GAMESERVER\RELEASE\GAMESERVER_EX603CS\ITEMVALUE.OBJ
C:\USERS\PEDRO\DOWNLOADS\THOUNG\THOUNG\SERVER 6.4.0 - BACKUP\EMU\GAMESERVER\GAMESERVER\RELEASE\GAMESERVER_EX603CS\JEWELMIX.OBJ
C:\USERS\PEDRO\DOWNLOADS\THOUNG\THOUNG\SERVER 6.4.0 - BACKUP\EMU\GAMESERVER\GAMESERVER\RELEASE\GAMESERVER_EX603CS\JEWELOFHARMONYOPTION.OBJ
C:\USERS\PEDRO\DOWNLOADS\THOUNG\THOUNG\SERVER 6.4.0 - BACKUP\EMU\GAMESERVER\GAMESERVER\RELEASE\GAMESERVER_EX603CS\JEWELOFHARMONYTYPE.OBJ
C:\USERS\PEDRO\DOWNLOADS\THOUNG\THOUNG\SERVER 6.4.0 - BACKUP\EMU\GAMESERVER\GAMESERVER\RELEASE\GAMESERVER_EX603CS\JEWELSBANK.OBJ
C:\USERS\PEDRO\DOWNLOADS\THOUNG\THOUNG\SERVER 6.4.0 - BACKUP\EMU\GAMESERVER\GAMESERVER\RELEASE\GAMESERVER_EX603CS\JSPROTOCOL.OBJ
C:\USERS\PEDRO\DOWNLOADS\THOUNG\THOUNG\SERVER 6.4.0 - BACKUP\EMU\GAMESERVER\GAMESERVER\RELEASE\GAMESERVER_EX603CS\KALIMA.OBJ
C:\USERS\PEDRO\DOWNLOADS\THOUNG\THOUNG\SERVER 6.4.0 - BACKUP\EMU\GAMESERVER\GAMESERVER\RELEASE\GAMESERVER_EX603CS\KANTURU.OBJ
C:\USERS\PEDRO\DOWNLOADS\THOUNG\THOUNG\SERVER 6.4.0 - BACKUP\EMU\GAMESERVER\GAMESERVER\RELEASE\GAMESERVER_EX603CS\KANTURUBATTLEOFMAYA.OBJ
C:\USERS\PEDRO\DOWNLOADS\THOUNG\THOUNG\SERVER 6.4.0 - BACKUP\EMU\GAMESERVER\GAMESERVER\RELEASE\GAMESERVER_EX603CS\KANTURUBATTLEOFNIGHTMARE.OBJ
C:\USERS\PEDRO\DOWNLOADS\THOUNG\THOUNG\SERVER 6.4.0 - BACKUP\EMU\GAMESERVER\GAMESERVER\RELEASE\GAMESERVER_EX603CS\KANTURUBATTLESTANBY.OBJ
C:\USERS\PEDRO\DOWNLOADS\THOUNG\THOUNG\SERVER 6.4.0 - BACKUP\EMU\GAMESERVER\GAMESERVER\RELEASE\GAMESERVER_EX603CS\KANTURUBATTLEUSERMNG.OBJ
C:\USERS\PEDRO\DOWNLOADS\THOUNG\THOUNG\SERVER 6.4.0 - BACKUP\EMU\GAMESERVER\GAMESERVER\RELEASE\GAMESERVER_EX603CS\KANTURUENTRANCENPC.OBJ
C:\USERS\PEDRO\DOWNLOADS\THOUNG\THOUNG\SERVER 6.4.0 - BACKUP\EMU\GAMESERVER\GAMESERVER\RELEASE\GAMESERVER_EX603CS\KANTURUMAYA.OBJ
C:\USERS\PEDRO\DOWNLOADS\THOUNG\THOUNG\SERVER 6.4.0 - BACKUP\EMU\GAMESERVER\GAMESERVER\RELEASE\GAMESERVER_EX603CS\KANTURUMONSTERMNG.OBJ
C:\USERS\PEDRO\DOWNLOADS\THOUNG\THOUNG\SERVER 6.4.0 - BACKUP\EMU\GAMESERVER\GAMESERVER\RELEASE\GAMESERVER_EX603CS\KANTURUOBJINFO.OBJ
C:\USERS\PEDRO\DOWNLOADS\THOUNG\THOUNG\SERVER 6.4.0 - BACKUP\EMU\GAMESERVER\GAMESERVER\RELEASE\GAMESERVER_EX603CS\KANTURUSTATEINFO.OBJ
C:\USERS\PEDRO\DOWNLOADS\THOUNG\THOUNG\SERVER 6.4.0 - BACKUP\EMU\GAMESERVER\GAMESERVER\RELEASE\GAMESERVER_EX603CS\KANTURUTOWEROFREFINEMENT.OBJ
C:\USERS\PEDRO\DOWNLOADS\THOUNG\THOUNG\SERVER 6.4.0 - BACKUP\EMU\GAMESERVER\GAMESERVER\RELEASE\GAMESERVER_EX603CS\KANTURUUTIL.OBJ
C:\USERS\PEDRO\DOWNLOADS\THOUNG\THOUNG\SERVER 6.4.0 - BACKUP\EMU\GAMESERVER\GAMESERVER\RELEASE\GAMESERVER_EX603CS\KILLMONSTERREWARD.OBJ
C:\USERS\PEDRO\DOWNLOADS\THOUNG\THOUNG\SERVER 6.4.0 - BACKUP\EMU\GAMESERVER\GAMESERVER\RELEASE\GAMESERVER_EX603CS\LIFESTONE.OBJ
C:\USERS\PEDRO\DOWNLOADS\THOUNG\THOUNG\SERVER 6.4.0 - BACKUP\EMU\GAMESERVER\GAMESERVER\RELEASE\GAMESERVER_EX603CS\LOG.OBJ
C:\USERS\PEDRO\DOWNLOADS\THOUNG\THOUNG\SERVER 6.4.0 - BACKUP\EMU\GAMESERVER\GAMESERVER\RELEASE\GAMESERVER_EX603CS\LOGTOFILE.OBJ
C:\USERS\PEDRO\DOWNLOADS\THOUNG\THOUNG\SERVER 6.4.0 - BACKUP\EMU\GAMESERVER\GAMESERVER\RELEASE\GAMESERVER_EX603CS\LUCKYCOIN.OBJ
C:\USERS\PEDRO\DOWNLOADS\THOUNG\THOUNG\SERVER 6.4.0 - BACKUP\EMU\GAMESERVER\GAMESERVER\RELEASE\GAMESERVER_EX603CS\LUCKYITEM.OBJ
C:\USERS\PEDRO\DOWNLOADS\THOUNG\THOUNG\SERVER 6.4.0 - BACKUP\EMU\GAMESERVER\GAMESERVER\RELEASE\GAMESERVER_EX603CS\LUCKYNUMBER.OBJ
C:\USERS\PEDRO\DOWNLOADS\THOUNG\THOUNG\SERVER 6.4.0 - BACKUP\EMU\GAMESERVER\GAMESERVER\RELEASE\GAMESERVER_EX603CS\LUCKYSPIN.OBJ
C:\USERS\PEDRO\DOWNLOADS\THOUNG\THOUNG\SERVER 6.4.0 - BACKUP\EMU\GAMESERVER\GAMESERVER\RELEASE\GAMESERVER_EX603CS\MAP.OBJ
C:\USERS\PEDRO\DOWNLOADS\THOUNG\THOUNG\SERVER 6.4.0 - BACKUP\EMU\GAMESERVER\GAMESERVER\RELEASE\GAMESERVER_EX603CS\MAPITEM.OBJ
C:\USERS\PEDRO\DOWNLOADS\THOUNG\THOUNG\SERVER 6.4.0 - BACKUP\EMU\GAMESERVER\GAMESERVER\RELEASE\GAMESERVER_EX603CS\MAPMANAGER.OBJ
C:\USERS\PEDRO\DOWNLOADS\THOUNG\THOUNG\SERVER 6.4.0 - BACKUP\EMU\GAMESERVER\GAMESERVER\RELEASE\GAMESERVER_EX603CS\MAPPATH.OBJ
C:\USERS\PEDRO\DOWNLOADS\THOUNG\THOUNG\SERVER 6.4.0 - BACKUP\EMU\GAMESERVER\GAMESERVER\RELEASE\GAMESERVER_EX603CS\MAPSERVERMANAGER.OBJ
C:\USERS\PEDRO\DOWNLOADS\THOUNG\THOUNG\SERVER 6.4.0 - BACKUP\EMU\GAMESERVER\GAMESERVER\RELEASE\GAMESERVER_EX603CS\MARRY.OBJ
C:\USERS\PEDRO\DOWNLOADS\THOUNG\THOUNG\SERVER 6.4.0 - BACKUP\EMU\GAMESERVER\GAMESERVER\RELEASE\GAMESERVER_EX603CS\MASTERSKILLTREE.OBJ
C:\USERS\PEDRO\DOWNLOADS\THOUNG\THOUNG\SERVER 6.4.0 - BACKUP\EMU\GAMESERVER\GAMESERVER\RELEASE\GAMESERVER_EX603CS\MATH.OBJ
C:\USERS\PEDRO\DOWNLOADS\THOUNG\THOUNG\SERVER 6.4.0 - BACKUP\EMU\GAMESERVER\GAMESERVER\RELEASE\GAMESERVER_EX603CS\MEMORYALLOCATOR.OBJ
C:\USERS\PEDRO\DOWNLOADS\THOUNG\THOUNG\SERVER 6.4.0 - BACKUP\EMU\GAMESERVER\GAMESERVER\RELEASE\GAMESERVER_EX603CS\MEMORYALLOCATORINFO.OBJ
C:\USERS\PEDRO\DOWNLOADS\THOUNG\THOUNG\SERVER 6.4.0 - BACKUP\EMU\GAMESERVER\GAMESERVER\RELEASE\GAMESERVER_EX603CS\MEMSCRIPT.OBJ
C:\USERS\PEDRO\DOWNLOADS\THOUNG\THOUNG\SERVER 6.4.0 - BACKUP\EMU\GAMESERVER\GAMESERVER\RELEASE\GAMESERVER_EX603CS\MERCENARY.OBJ
C:\USERS\PEDRO\DOWNLOADS\THOUNG\THOUNG\SERVER 6.4.0 - BACKUP\EMU\GAMESERVER\GAMESERVER\RELEASE\GAMESERVER_EX603CS\MESSAGE.OBJ
C:\USERS\PEDRO\DOWNLOADS\THOUNG\THOUNG\SERVER 6.4.0 - BACKUP\EMU\GAMESERVER\GAMESERVER\RELEASE\GAMESERVER_EX603CS\MINIDUMP.OBJ
C:\USERS\PEDRO\DOWNLOADS\THOUNG\THOUNG\SERVER 6.4.0 - BACKUP\EMU\GAMESERVER\GAMESERVER\RELEASE\GAMESERVER_EX603CS\MINIMAP.OBJ
C:\USERS\PEDRO\DOWNLOADS\THOUNG\THOUNG\SERVER 6.4.0 - BACKUP\EMU\GAMESERVER\GAMESERVER\RELEASE\GAMESERVER_EX603CS\MININGSYSTEM.OBJ
C:\USERS\PEDRO\DOWNLOADS\THOUNG\THOUNG\SERVER 6.4.0 - BACKUP\EMU\GAMESERVER\GAMESERVER\RELEASE\GAMESERVER_EX603CS\MONSTER.OBJ
C:\USERS\PEDRO\DOWNLOADS\THOUNG\THOUNG\SERVER 6.4.0 - BACKUP\EMU\GAMESERVER\GAMESERVER\RELEASE\GAMESERVER_EX603CS\MONSTERAI.OBJ
C:\USERS\PEDRO\DOWNLOADS\THOUNG\THOUNG\SERVER 6.4.0 - BACKUP\EMU\GAMESERVER\GAMESERVER\RELEASE\GAMESERVER_EX603CS\MONSTERAIAGRO.OBJ
C:\USERS\PEDRO\DOWNLOADS\THOUNG\THOUNG\SERVER 6.4.0 - BACKUP\EMU\GAMESERVER\GAMESERVER\RELEASE\GAMESERVER_EX603CS\MONSTERAIAUTOMATA.OBJ
C:\USERS\PEDRO\DOWNLOADS\THOUNG\THOUNG\SERVER 6.4.0 - BACKUP\EMU\GAMESERVER\GAMESERVER\RELEASE\GAMESERVER_EX603CS\MONSTERAIAUTOMATAINFO.OBJ
C:\USERS\PEDRO\DOWNLOADS\THOUNG\THOUNG\SERVER 6.4.0 - BACKUP\EMU\GAMESERVER\GAMESERVER\RELEASE\GAMESERVER_EX603CS\MONSTERAIELEMENT.OBJ
C:\USERS\PEDRO\DOWNLOADS\THOUNG\THOUNG\SERVER 6.4.0 - BACKUP\EMU\GAMESERVER\GAMESERVER\RELEASE\GAMESERVER_EX603CS\MONSTERAIELEMENTINFO.OBJ
C:\USERS\PEDRO\DOWNLOADS\THOUNG\THOUNG\SERVER 6.4.0 - BACKUP\EMU\GAMESERVER\GAMESERVER\RELEASE\GAMESERVER_EX603CS\MONSTERAIGROUP.OBJ
C:\USERS\PEDRO\DOWNLOADS\THOUNG\THOUNG\SERVER 6.4.0 - BACKUP\EMU\GAMESERVER\GAMESERVER\RELEASE\GAMESERVER_EX603CS\MONSTERAIGROUPMEMBER.OBJ
C:\USERS\PEDRO\DOWNLOADS\THOUNG\THOUNG\SERVER 6.4.0 - BACKUP\EMU\GAMESERVER\GAMESERVER\RELEASE\GAMESERVER_EX603CS\MONSTERAIMOVEPATH.OBJ
C:\USERS\PEDRO\DOWNLOADS\THOUNG\THOUNG\SERVER 6.4.0 - BACKUP\EMU\GAMESERVER\GAMESERVER\RELEASE\GAMESERVER_EX603CS\MONSTERAIMOVEPATHINFO.OBJ
C:\USERS\PEDRO\DOWNLOADS\THOUNG\THOUNG\SERVER 6.4.0 - BACKUP\EMU\GAMESERVER\GAMESERVER\RELEASE\GAMESERVER_EX603CS\MONSTERAIRULE.OBJ
C:\USERS\PEDRO\DOWNLOADS\THOUNG\THOUNG\SERVER 6.4.0 - BACKUP\EMU\GAMESERVER\GAMESERVER\RELEASE\GAMESERVER_EX603CS\MONSTERAIRULEINFO.OBJ
C:\USERS\PEDRO\DOWNLOADS\THOUNG\THOUNG\SERVER 6.4.0 - BACKUP\EMU\GAMESERVER\GAMESERVER\RELEASE\GAMESERVER_EX603CS\MONSTERAISTATE.OBJ
C:\USERS\PEDRO\DOWNLOADS\THOUNG\THOUNG\SERVER 6.4.0 - BACKUP\EMU\GAMESERVER\GAMESERVER\RELEASE\GAMESERVER_EX603CS\MONSTERAIUNIT.OBJ
C:\USERS\PEDRO\DOWNLOADS\THOUNG\THOUNG\SERVER 6.4.0 - BACKUP\EMU\GAMESERVER\GAMESERVER\RELEASE\GAMESERVER_EX603CS\MONSTERAIUNITINFO.OBJ
C:\USERS\PEDRO\DOWNLOADS\THOUNG\THOUNG\SERVER 6.4.0 - BACKUP\EMU\GAMESERVER\GAMESERVER\RELEASE\GAMESERVER_EX603CS\MONSTERAIUTIL.OBJ
C:\USERS\PEDRO\DOWNLOADS\THOUNG\THOUNG\SERVER 6.4.0 - BACKUP\EMU\GAMESERVER\GAMESERVER\RELEASE\GAMESERVER_EX603CS\MONSTERMANAGER.OBJ
C:\USERS\PEDRO\DOWNLOADS\THOUNG\THOUNG\SERVER 6.4.0 - BACKUP\EMU\GAMESERVER\GAMESERVER\RELEASE\GAMESERVER_EX603CS\MONSTERSETBASE.OBJ
C:\USERS\PEDRO\DOWNLOADS\THOUNG\THOUNG\SERVER 6.4.0 - BACKUP\EMU\GAMESERVER\GAMESERVER\RELEASE\GAMESERVER_EX603CS\MONSTERSKILLELEMENT.OBJ
C:\USERS\PEDRO\DOWNLOADS\THOUNG\THOUNG\SERVER 6.4.0 - BACKUP\EMU\GAMESERVER\GAMESERVER\RELEASE\GAMESERVER_EX603CS\MONSTERSKILLELEMENTINFO.OBJ
C:\USERS\PEDRO\DOWNLOADS\THOUNG\THOUNG\SERVER 6.4.0 - BACKUP\EMU\GAMESERVER\GAMESERVER\RELEASE\GAMESERVER_EX603CS\MONSTERSKILLELEMENTOPTION.OBJ
C:\USERS\PEDRO\DOWNLOADS\THOUNG\THOUNG\SERVER 6.4.0 - BACKUP\EMU\GAMESERVER\GAMESERVER\RELEASE\GAMESERVER_EX603CS\MONSTERSKILLINFO.OBJ
C:\USERS\PEDRO\DOWNLOADS\THOUNG\THOUNG\SERVER 6.4.0 - BACKUP\EMU\GAMESERVER\GAMESERVER\RELEASE\GAMESERVER_EX603CS\MONSTERSKILLMANAGER.OBJ
C:\USERS\PEDRO\DOWNLOADS\THOUNG\THOUNG\SERVER 6.4.0 - BACKUP\EMU\GAMESERVER\GAMESERVER\RELEASE\GAMESERVER_EX603CS\MONSTERSKILLUNIT.OBJ
C:\USERS\PEDRO\DOWNLOADS\THOUNG\THOUNG\SERVER 6.4.0 - BACKUP\EMU\GAMESERVER\GAMESERVER\RELEASE\GAMESERVER_EX603CS\MONSTERSKILLUNITINFO.OBJ
C:\USERS\PEDRO\DOWNLOADS\THOUNG\THOUNG\SERVER 6.4.0 - BACKUP\EMU\GAMESERVER\GAMESERVER\RELEASE\GAMESERVER_EX603CS\MOSSMERCHANT.OBJ
C:\USERS\PEDRO\DOWNLOADS\THOUNG\THOUNG\SERVER 6.4.0 - BACKUP\EMU\GAMESERVER\GAMESERVER\RELEASE\GAMESERVER_EX603CS\MOVE.OBJ
C:\USERS\PEDRO\DOWNLOADS\THOUNG\THOUNG\SERVER 6.4.0 - BACKUP\EMU\GAMESERVER\GAMESERVER\RELEASE\GAMESERVER_EX603CS\MOVESUMMON.OBJ
C:\USERS\PEDRO\DOWNLOADS\THOUNG\THOUNG\SERVER 6.4.0 - BACKUP\EMU\GAMESERVER\GAMESERVER\RELEASE\GAMESERVER_EX603CS\MURUMMY.OBJ
C:\USERS\PEDRO\DOWNLOADS\THOUNG\THOUNG\SERVER 6.4.0 - BACKUP\EMU\GAMESERVER\GAMESERVER\RELEASE\GAMESERVER_EX603CS\MUUNSYSTEM.OBJ
C:\USERS\PEDRO\DOWNLOADS\THOUNG\THOUNG\SERVER 6.4.0 - BACKUP\EMU\GAMESERVER\GAMESERVER\RELEASE\GAMESERVER_EX603CS\NEWQUEST.OBJ
C:\USERS\PEDRO\DOWNLOADS\THOUNG\THOUNG\SERVER 6.4.0 - BACKUP\EMU\GAMESERVER\GAMESERVER\RELEASE\GAMESERVER_EX603CS\NEWSBOARD.OBJ
C:\USERS\PEDRO\DOWNLOADS\THOUNG\THOUNG\SERVER 6.4.0 - BACKUP\EMU\GAMESERVER\GAMESERVER\RELEASE\GAMESERVER_EX603CS\NOTICE.OBJ
C:\USERS\PEDRO\DOWNLOADS\THOUNG\THOUNG\SERVER 6.4.0 - BACKUP\EMU\GAMESERVER\GAMESERVER\RELEASE\GAMESERVER_EX603CS\NPCTALK.OBJ
C:\USERS\PEDRO\DOWNLOADS\THOUNG\THOUNG\SERVER 6.4.0 - BACKUP\EMU\GAMESERVER\GAMESERVER\RELEASE\GAMESERVER_EX603CS\OBJECTMANAGER.OBJ
C:\USERS\PEDRO\DOWNLOADS\THOUNG\THOUNG\SERVER 6.4.0 - BACKUP\EMU\GAMESERVER\GAMESERVER\RELEASE\GAMESERVER_EX603CS\OFFLINEMODE.OBJ
C:\USERS\PEDRO\DOWNLOADS\THOUNG\THOUNG\SERVER 6.4.0 - BACKUP\EMU\GAMESERVER\GAMESERVER\RELEASE\GAMESERVER_EX603CS\ONLINEBONUS.OBJ
C:\USERS\PEDRO\DOWNLOADS\THOUNG\THOUNG\SERVER 6.4.0 - BACKUP\EMU\GAMESERVER\GAMESERVER\RELEASE\GAMESERVER_EX603CS\PACKETMANAGER.OBJ
C:\USERS\PEDRO\DOWNLOADS\THOUNG\THOUNG\SERVER 6.4.0 - BACKUP\EMU\GAMESERVER\GAMESERVER\RELEASE\GAMESERVER_EX603CS\PARTY.OBJ
C:\USERS\PEDRO\DOWNLOADS\THOUNG\THOUNG\SERVER 6.4.0 - BACKUP\EMU\GAMESERVER\GAMESERVER\RELEASE\GAMESERVER_EX603CS\PARTYMATCHING.OBJ
C:\USERS\PEDRO\DOWNLOADS\THOUNG\THOUNG\SERVER 6.4.0 - BACKUP\EMU\GAMESERVER\GAMESERVER\RELEASE\GAMESERVER_EX603CS\PARTYSEARCH.OBJ
C:\USERS\PEDRO\DOWNLOADS\THOUNG\THOUNG\SERVER 6.4.0 - BACKUP\EMU\GAMESERVER\GAMESERVER\RELEASE\GAMESERVER_EX603CS\PATH.OBJ
C:\USERS\PEDRO\DOWNLOADS\THOUNG\THOUNG\SERVER 6.4.0 - BACKUP\EMU\GAMESERVER\GAMESERVER\RELEASE\GAMESERVER_EX603CS\PCPOINT.OBJ
C:\USERS\PEDRO\DOWNLOADS\THOUNG\THOUNG\SERVER 6.4.0 - BACKUP\EMU\GAMESERVER\GAMESERVER\RELEASE\GAMESERVER_EX603CS\PENTAGRAMSYSTEM.OBJ
C:\USERS\PEDRO\DOWNLOADS\THOUNG\THOUNG\SERVER 6.4.0 - BACKUP\EMU\GAMESERVER\GAMESERVER\RELEASE\GAMESERVER_EX603CS\PERSONALSHOP.OBJ
C:\USERS\PEDRO\DOWNLOADS\THOUNG\THOUNG\SERVER 6.4.0 - BACKUP\EMU\GAMESERVER\GAMESERVER\RELEASE\GAMESERVER_EX603CS\PROTOCOL.OBJ
C:\USERS\PEDRO\DOWNLOADS\THOUNG\THOUNG\SERVER 6.4.0 - BACKUP\EMU\GAMESERVER\GAMESERVER\RELEASE\GAMESERVER_EX603CS\PUGIXML.OBJ
C:\USERS\PEDRO\DOWNLOADS\THOUNG\THOUNG\SERVER 6.4.0 - BACKUP\EMU\GAMESERVER\GAMESERVER\RELEASE\GAMESERVER_EX603CS\PVPZONE.OBJ
C:\USERS\PEDRO\DOWNLOADS\THOUNG\THOUNG\SERVER 6.4.0 - BACKUP\EMU\GAMESERVER\GAMESERVER\RELEASE\GAMESERVER_EX603CS\QUEST.OBJ
C:\USERS\PEDRO\DOWNLOADS\THOUNG\THOUNG\SERVER 6.4.0 - BACKUP\EMU\GAMESERVER\GAMESERVER\RELEASE\GAMESERVER_EX603CS\QUESTOBJECTIVE.OBJ
C:\USERS\PEDRO\DOWNLOADS\THOUNG\THOUNG\SERVER 6.4.0 - BACKUP\EMU\GAMESERVER\GAMESERVER\RELEASE\GAMESERVER_EX603CS\QUESTREWARD.OBJ
C:\USERS\PEDRO\DOWNLOADS\THOUNG\THOUNG\SERVER 6.4.0 - BACKUP\EMU\GAMESERVER\GAMESERVER\RELEASE\GAMESERVER_EX603CS\QUESTWORLD.OBJ
C:\USERS\PEDRO\DOWNLOADS\THOUNG\THOUNG\SERVER 6.4.0 - BACKUP\EMU\GAMESERVER\GAMESERVER\RELEASE\GAMESERVER_EX603CS\QUESTWORLDOBJECTIVE.OBJ
C:\USERS\PEDRO\DOWNLOADS\THOUNG\THOUNG\SERVER 6.4.0 - BACKUP\EMU\GAMESERVER\GAMESERVER\RELEASE\GAMESERVER_EX603CS\QUESTWORLDREWARD.OBJ
C:\USERS\PEDRO\DOWNLOADS\THOUNG\THOUNG\SERVER 6.4.0 - BACKUP\EMU\GAMESERVER\GAMESERVER\RELEASE\GAMESERVER_EX603CS\QUEUE.OBJ
C:\USERS\PEDRO\DOWNLOADS\THOUNG\THOUNG\SERVER 6.4.0 - BACKUP\EMU\GAMESERVER\GAMESERVER\RELEASE\GAMESERVER_EX603CS\QUEUETIMER.OBJ
C:\USERS\PEDRO\DOWNLOADS\THOUNG\THOUNG\SERVER 6.4.0 - BACKUP\EMU\GAMESERVER\GAMESERVER\RELEASE\GAMESERVER_EX603CS\RAKLION.OBJ
C:\USERS\PEDRO\DOWNLOADS\THOUNG\THOUNG\SERVER 6.4.0 - BACKUP\EMU\GAMESERVER\GAMESERVER\RELEASE\GAMESERVER_EX603CS\RAKLIONBATTLEOFSELUPAN.OBJ
C:\USERS\PEDRO\DOWNLOADS\THOUNG\THOUNG\SERVER 6.4.0 - BACKUP\EMU\GAMESERVER\GAMESERVER\RELEASE\GAMESERVER_EX603CS\RAKLIONBATTLEUSER.OBJ
C:\USERS\PEDRO\DOWNLOADS\THOUNG\THOUNG\SERVER 6.4.0 - BACKUP\EMU\GAMESERVER\GAMESERVER\RELEASE\GAMESERVER_EX603CS\RAKLIONBATTLEUSERMNG.OBJ
C:\USERS\PEDRO\DOWNLOADS\THOUNG\THOUNG\SERVER 6.4.0 - BACKUP\EMU\GAMESERVER\GAMESERVER\RELEASE\GAMESERVER_EX603CS\RAKLIONOBJINFO.OBJ
C:\USERS\PEDRO\DOWNLOADS\THOUNG\THOUNG\SERVER 6.4.0 - BACKUP\EMU\GAMESERVER\GAMESERVER\RELEASE\GAMESERVER_EX603CS\RAKLIONSELUPAN.OBJ
C:\USERS\PEDRO\DOWNLOADS\THOUNG\THOUNG\SERVER 6.4.0 - BACKUP\EMU\GAMESERVER\GAMESERVER\RELEASE\GAMESERVER_EX603CS\RAKLIONUTIL.OBJ
C:\USERS\PEDRO\DOWNLOADS\THOUNG\THOUNG\SERVER 6.4.0 - BACKUP\EMU\GAMESERVER\GAMESERVER\RELEASE\GAMESERVER_EX603CS\RANDOMMANAGER.OBJ
C:\USERS\PEDRO\DOWNLOADS\THOUNG\THOUNG\SERVER 6.4.0 - BACKUP\EMU\GAMESERVER\GAMESERVER\RELEASE\GAMESERVER_EX603CS\RANKING.OBJ
C:\USERS\PEDRO\DOWNLOADS\THOUNG\THOUNG\SERVER 6.4.0 - BACKUP\EMU\GAMESERVER\GAMESERVER\RELEASE\GAMESERVER_EX603CS\RECONNECT.OBJ
C:\USERS\PEDRO\DOWNLOADS\THOUNG\THOUNG\SERVER 6.4.0 - BACKUP\EMU\GAMESERVER\GAMESERVER\RELEASE\GAMESERVER_EX603CS\RESETREWARD.OBJ
C:\USERS\PEDRO\DOWNLOADS\THOUNG\THOUNG\SERVER 6.4.0 - BACKUP\EMU\GAMESERVER\GAMESERVER\RELEASE\GAMESERVER_EX603CS\RESETTABLE.OBJ
C:\USERS\PEDRO\DOWNLOADS\THOUNG\THOUNG\SERVER 6.4.0 - BACKUP\EMU\GAMESERVER\GAMESERVER\RELEASE\GAMESERVER_EX603CS\RESPAWNLOCATION.OBJ
C:\USERS\PEDRO\DOWNLOADS\THOUNG\THOUNG\SERVER 6.4.0 - BACKUP\EMU\GAMESERVER\GAMESERVER\RELEASE\GAMESERVER_EX603CS\ROLLTHEDICE.OBJ
C:\USERS\PEDRO\DOWNLOADS\THOUNG\THOUNG\SERVER 6.4.0 - BACKUP\EMU\GAMESERVER\GAMESERVER\RELEASE\GAMESERVER_EX603CS\SCHEDULEMANAGER.OBJ
C:\USERS\PEDRO\DOWNLOADS\THOUNG\THOUNG\SERVER 6.4.0 - BACKUP\EMU\GAMESERVER\GAMESERVER\RELEASE\GAMESERVER_EX603CS\SERIALCHECK.OBJ
C:\USERS\PEDRO\DOWNLOADS\THOUNG\THOUNG\SERVER 6.4.0 - BACKUP\EMU\GAMESERVER\GAMESERVER\RELEASE\GAMESERVER_EX603CS\SERVERDISPLAYER.OBJ
C:\USERS\PEDRO\DOWNLOADS\THOUNG\THOUNG\SERVER 6.4.0 - BACKUP\EMU\GAMESERVER\GAMESERVER\RELEASE\GAMESERVER_EX603CS\SERVERINFO.OBJ
C:\USERS\PEDRO\DOWNLOADS\THOUNG\THOUNG\SERVER 6.4.0 - BACKUP\EMU\GAMESERVER\GAMESERVER\RELEASE\GAMESERVER_EX603CS\SETITEMOPTION.OBJ
C:\USERS\PEDRO\DOWNLOADS\THOUNG\THOUNG\SERVER 6.4.0 - BACKUP\EMU\GAMESERVER\GAMESERVER\RELEASE\GAMESERVER_EX603CS\SETITEMTYPE.OBJ
C:\USERS\PEDRO\DOWNLOADS\THOUNG\THOUNG\SERVER 6.4.0 - BACKUP\EMU\GAMESERVER\GAMESERVER\RELEASE\GAMESERVER_EX603CS\SHA1.OBJ
C:\USERS\PEDRO\DOWNLOADS\THOUNG\THOUNG\SERVER 6.4.0 - BACKUP\EMU\GAMESERVER\GAMESERVER\RELEASE\GAMESERVER_EX603CS\SHOP.OBJ
C:\USERS\PEDRO\DOWNLOADS\THOUNG\THOUNG\SERVER 6.4.0 - BACKUP\EMU\GAMESERVER\GAMESERVER\RELEASE\GAMESERVER_EX603CS\SHOPMANAGER.OBJ
C:\USERS\PEDRO\DOWNLOADS\THOUNG\THOUNG\SERVER 6.4.0 - BACKUP\EMU\GAMESERVER\GAMESERVER\RELEASE\GAMESERVER_EX603CS\SHOPSEARCH.OBJ
C:\USERS\PEDRO\DOWNLOADS\THOUNG\THOUNG\SERVER 6.4.0 - BACKUP\EMU\GAMESERVER\GAMESERVER\RELEASE\GAMESERVER_EX603CS\SKILL.OBJ
C:\USERS\PEDRO\DOWNLOADS\THOUNG\THOUNG\SERVER 6.4.0 - BACKUP\EMU\GAMESERVER\GAMESERVER\RELEASE\GAMESERVER_EX603CS\SKILLHITBOX.OBJ
C:\USERS\PEDRO\DOWNLOADS\THOUNG\THOUNG\SERVER 6.4.0 - BACKUP\EMU\GAMESERVER\GAMESERVER\RELEASE\GAMESERVER_EX603CS\SKILLMANAGER.OBJ
C:\USERS\PEDRO\DOWNLOADS\THOUNG\THOUNG\SERVER 6.4.0 - BACKUP\EMU\GAMESERVER\GAMESERVER\RELEASE\GAMESERVER_EX603CS\SMITHITEM.OBJ
C:\USERS\PEDRO\DOWNLOADS\THOUNG\THOUNG\SERVER 6.4.0 - BACKUP\EMU\GAMESERVER\GAMESERVER\RELEASE\GAMESERVER_EX603CS\SMITHY.OBJ
C:\USERS\PEDRO\DOWNLOADS\THOUNG\THOUNG\SERVER 6.4.0 - BACKUP\EMU\GAMESERVER\GAMESERVER\RELEASE\GAMESERVER_EX603CS\SOCKETITEMOPTION.OBJ
C:\USERS\PEDRO\DOWNLOADS\THOUNG\THOUNG\SERVER 6.4.0 - BACKUP\EMU\GAMESERVER\GAMESERVER\RELEASE\GAMESERVER_EX603CS\SOCKETITEMTYPE.OBJ
C:\USERS\PEDRO\DOWNLOADS\THOUNG\THOUNG\SERVER 6.4.0 - BACKUP\EMU\GAMESERVER\GAMESERVER\RELEASE\GAMESERVER_EX603CS\SOCKETMANAGER.OBJ
C:\USERS\PEDRO\DOWNLOADS\THOUNG\THOUNG\SERVER 6.4.0 - BACKUP\EMU\GAMESERVER\GAMESERVER\RELEASE\GAMESERVER_EX603CS\SOCKETMANAGERUDP.OBJ
C:\USERS\PEDRO\DOWNLOADS\THOUNG\THOUNG\SERVER 6.4.0 - BACKUP\EMU\GAMESERVER\GAMESERVER\RELEASE\GAMESERVER_EX603CS\STDAFX.OBJ
C:\USERS\PEDRO\DOWNLOADS\THOUNG\THOUNG\SERVER 6.4.0 - BACKUP\EMU\GAMESERVER\GAMESERVER\RELEASE\GAMESERVER_EX603CS\SUMMONSCROLL.OBJ
C:\USERS\PEDRO\DOWNLOADS\THOUNG\THOUNG\SERVER 6.4.0 - BACKUP\EMU\GAMESERVER\GAMESERVER\RELEASE\GAMESERVER_EX603CS\SURVIVOR.OBJ
C:\USERS\PEDRO\DOWNLOADS\THOUNG\THOUNG\SERVER 6.4.0 - BACKUP\EMU\GAMESERVER\GAMESERVER\RELEASE\GAMESERVER_EX603CS\THEGIFT.OBJ
C:\USERS\PEDRO\DOWNLOADS\THOUNG\THOUNG\SERVER 6.4.0 - BACKUP\EMU\GAMESERVER\GAMESERVER\RELEASE\GAMESERVER_EX603CS\TRADE.OBJ
C:\USERS\PEDRO\DOWNLOADS\THOUNG\THOUNG\SERVER 6.4.0 - BACKUP\EMU\GAMESERVER\GAMESERVER\RELEASE\GAMESERVER_EX603CS\TVTEVENT.OBJ
C:\USERS\PEDRO\DOWNLOADS\THOUNG\THOUNG\SERVER 6.4.0 - BACKUP\EMU\GAMESERVER\GAMESERVER\RELEASE\GAMESERVER_EX603CS\UNION.OBJ
C:\USERS\PEDRO\DOWNLOADS\THOUNG\THOUNG\SERVER 6.4.0 - BACKUP\EMU\GAMESERVER\GAMESERVER\RELEASE\GAMESERVER_EX603CS\UNIONINFO.OBJ
C:\USERS\PEDRO\DOWNLOADS\THOUNG\THOUNG\SERVER 6.4.0 - BACKUP\EMU\GAMESERVER\GAMESERVER\RELEASE\GAMESERVER_EX603CS\USER.OBJ
C:\USERS\PEDRO\DOWNLOADS\THOUNG\THOUNG\SERVER 6.4.0 - BACKUP\EMU\GAMESERVER\GAMESERVER\RELEASE\GAMESERVER_EX603CS\USERDIEITEMDROP.OBJ
C:\USERS\PEDRO\DOWNLOADS\THOUNG\THOUNG\SERVER 6.4.0 - BACKUP\EMU\GAMESERVER\GAMESERVER\RELEASE\GAMESERVER_EX603CS\UTIL.OBJ
C:\USERS\PEDRO\DOWNLOADS\THOUNG\THOUNG\SERVER 6.4.0 - BACKUP\EMU\GAMESERVER\GAMESERVER\RELEASE\GAMESERVER_EX603CS\VC100.PDB
C:\USERS\PEDRO\DOWNLOADS\THOUNG\THOUNG\SERVER 6.4.0 - BACKUP\EMU\GAMESERVER\GAMESERVER\RELEASE\GAMESERVER_EX603CS\VIEWPORT.OBJ
C:\USERS\PEDRO\DOWNLOADS\THOUNG\THOUNG\SERVER 6.4.0 - BACKUP\EMU\GAMESERVER\GAMESERVER\RELEASE\GAMESERVER_EX603CS\WAREHOUSE.OBJ
C:\USERS\PEDRO\DOWNLOADS\THOUNG\THOUNG\SERVER 6.4.0 - BACKUP\EMU\GAMESERVER\GAMESERVER\RELEASE\GAMESERVER_EX603CS\ZENDROP.OBJ
C:\USERS\PEDRO\DOWNLOADS\THOUNG\THOUNG\SERVER 6.4.0 - BACKUP\EMU\GAMESERVER\RELEASE\GAMESERVER_EX603CS\GAMESERVER.EXE
C:\Users\Pedro\Downloads\thoung\thoung\Server 6.4.0 - Backup\eMU\GameServer\Release\GameServer_EX603CS\GameServer.exp
C:\Users\Pedro\Downloads\thoung\thoung\Server 6.4.0 - Backup\eMU\GameServer\Release\GameServer_EX603CS\GameServer.lib
C:\USERS\PEDRO\DOWNLOADS\THOUNG\THOUNG\SERVER 6.4.0 - BACKUP\EMU\GAMESERVER\RELEASE\GAMESERVER_EX603CS\GAMESERVER.PDB
F:\thoung\Server 6.4.0 - Backup\eMU\GameServer\GameServer\Release\GameServer_EX603CS\cl.command.1.tlog
F:\thoung\Server 6.4.0 - Backup\eMU\GameServer\GameServer\Release\GameServer_EX603CS\CL.read.1.tlog
F:\thoung\Server 6.4.0 - Backup\eMU\GameServer\GameServer\Release\GameServer_EX603CS\CL.write.1.tlog
F:\thoung\Server 6.4.0 - Backup\eMU\GameServer\GameServer\Release\GameServer_EX603CS\GameServer.write.1.tlog
F:\thoung\Server 6.4.0 - Backup\eMU\GameServer\GameServer\Release\GameServer_EX603CS\link.command.1.tlog
F:\thoung\Server 6.4.0 - Backup\eMU\GameServer\GameServer\Release\GameServer_EX603CS\link.read.1.tlog
F:\thoung\Server 6.4.0 - Backup\eMU\GameServer\GameServer\Release\GameServer_EX603CS\link.write.1.tlog
F:\thoung\Server 6.4.0 - Backup\eMU\GameServer\GameServer\Release\GameServer_EX603CS\link-cvtres.read.1.tlog
F:\thoung\Server 6.4.0 - Backup\eMU\GameServer\GameServer\Release\GameServer_EX603CS\link-cvtres.write.1.tlog
F:\thoung\Server 6.4.0 - Backup\eMU\GameServer\GameServer\Release\GameServer_EX603CS\mt.command.1.tlog
F:\thoung\Server 6.4.0 - Backup\eMU\GameServer\GameServer\Release\GameServer_EX603CS\mt.read.1.tlog
F:\thoung\Server 6.4.0 - Backup\eMU\GameServer\GameServer\Release\GameServer_EX603CS\mt.write.1.tlog
F:\thoung\Server 6.4.0 - Backup\eMU\GameServer\GameServer\Release\GameServer_EX603CS\rc.command.1.tlog
F:\thoung\Server 6.4.0 - Backup\eMU\GameServer\GameServer\Release\GameServer_EX603CS\rc.read.1.tlog
F:\thoung\Server 6.4.0 - Backup\eMU\GameServer\GameServer\Release\GameServer_EX603CS\rc.write.1.tlog
