D:\MU\DEV\MUEMU\603\MHP\HACKSERVER\HACKSERVER\RELEASE\AUTHENTICATE.OBJ
D:\MU\DEV\MUEMU\603\MHP\HACKSERVER\HACKSERVER\RELEASE\BLACKLIST.OBJ
D:\MU\DEV\MUEMU\603\MHP\HACKSERVER\HACKSERVER\RELEASE\CCRC32.OBJ
D:\MU\DEV\MUEMU\603\MHP\HACKSERVER\HACKSERVER\RELEASE\CLIENTMANAGER.OBJ
D:\MU\DEV\MUEMU\603\MHP\HACKSERVER\HACKSERVER\RELEASE\CRITICALSECTION.OBJ
D:\MU\DEV\MUEMU\603\MHP\HACKSERVER\HACKSERVER\RELEASE\FILEDOWNLOADHTTP.OBJ
D:\MU\DEV\MUEMU\603\MHP\HACKSERVER\HACKSERVER\RELEASE\FILEDOWNLOADURL.OBJ
D:\MU\DEV\MUEMU\603\MHP\HACKSERVER\HACKSERVER\RELEASE\HACKSERVERPROTOCOL.OBJ
D:\MU\DEV\MUEMU\603\MHP\HACKSERVER\HACKSERVER\RELEASE\HIDMANAGER.OBJ
D:\MU\DEV\MUEMU\603\MHP\HACKSERVER\HACKSERVER\RELEASE\IPMANAGER.OBJ
D:\MU\DEV\MUEMU\603\MHP\HACKSERVER\HACKSERVER\RELEASE\LOG.OBJ
D:\MU\DEV\MUEMU\603\MHP\HACKSERVER\HACKSERVER\RELEASE\MEMSCRIPT.OBJ
D:\MU\DEV\MUEMU\603\MHP\HACKSERVER\HACKSERVER\RELEASE\MHPSERVER.PCH
D:\MU\DEV\MUEMU\603\MHP\HACKSERVER\HACKSERVER\RELEASE\MINIDUMP.OBJ
D:\MU\DEV\MUEMU\603\MHP\HACKSERVER\HACKSERVER\RELEASE\PROCESSMANAGER.OBJ
D:\MU\DEV\MUEMU\603\MHP\HACKSERVER\HACKSERVER\RELEASE\QUEUE.OBJ
D:\MU\DEV\MUEMU\603\MHP\HACKSERVER\HACKSERVER\RELEASE\READFILES.OBJ
D:\MU\DEV\MUEMU\603\MHP\HACKSERVER\HACKSERVER\RELEASE\SCREENSHOW.OBJ
D:\MU\DEV\MUEMU\603\MHP\HACKSERVER\HACKSERVER\RELEASE\SERVERDISPLAYER.OBJ
D:\MU\DEV\MUEMU\603\MHP\HACKSERVER\HACKSERVER\RELEASE\SERVERINFO.OBJ
D:\MU\DEV\MUEMU\603\MHP\HACKSERVER\HACKSERVER\RELEASE\SOCKETMANAGER.OBJ
D:\MU\DEV\MUEMU\603\MHP\HACKSERVER\HACKSERVER\RELEASE\STDAFX.OBJ
D:\MU\DEV\MUEMU\603\MHP\HACKSERVER\HACKSERVER\RELEASE\UTIL.OBJ
D:\MU\Dev\MuEmu\603\MHP\HackServer_0ld\HackServer\Release\Authenticate.obj
D:\MU\Dev\MuEmu\603\MHP\HackServer_0ld\HackServer\Release\BlackList.obj
D:\MU\Dev\MuEmu\603\MHP\HackServer_0ld\HackServer\Release\CCRC32.obj
D:\MU\Dev\MuEmu\603\MHP\HackServer_0ld\HackServer\Release\cl.command.1.tlog
D:\MU\Dev\MuEmu\603\MHP\HackServer_0ld\HackServer\Release\CL.read.1.tlog
D:\MU\Dev\MuEmu\603\MHP\HackServer_0ld\HackServer\Release\CL.write.1.tlog
D:\MU\Dev\MuEmu\603\MHP\HackServer_0ld\HackServer\Release\ClientManager.obj
D:\MU\Dev\MuEmu\603\MHP\HackServer_0ld\HackServer\Release\CriticalSection.obj
D:\MU\Dev\MuEmu\603\MHP\HackServer_0ld\HackServer\Release\FileDownloadHTTP.obj
D:\MU\Dev\MuEmu\603\MHP\HackServer_0ld\HackServer\Release\FileDownloadURL.obj
D:\MU\Dev\MuEmu\603\MHP\HackServer_0ld\HackServer\Release\HackServer.write.1.tlog
D:\MU\Dev\MuEmu\603\MHP\HackServer_0ld\HackServer\Release\HackServerProtocol.obj
D:\MU\Dev\MuEmu\603\MHP\HackServer_0ld\HackServer\Release\HidManager.obj
D:\MU\Dev\MuEmu\603\MHP\HackServer_0ld\HackServer\Release\IpManager.obj
D:\MU\Dev\MuEmu\603\MHP\HackServer_0ld\HackServer\Release\Log.obj
D:\MU\Dev\MuEmu\603\MHP\HackServer_0ld\HackServer\Release\MemScript.obj
D:\MU\Dev\MuEmu\603\MHP\HackServer_0ld\HackServer\Release\MHPServer.pch
D:\MU\Dev\MuEmu\603\MHP\HackServer_0ld\HackServer\Release\MiniDump.obj
D:\MU\Dev\MuEmu\603\MHP\HackServer_0ld\HackServer\Release\ProcessManager.obj
D:\MU\Dev\MuEmu\603\MHP\HackServer_0ld\HackServer\Release\Queue.obj
D:\MU\Dev\MuEmu\603\MHP\HackServer_0ld\HackServer\Release\ReadFiles.obj
D:\MU\Dev\MuEmu\603\MHP\HackServer_0ld\HackServer\Release\ScreenShow.obj
D:\MU\Dev\MuEmu\603\MHP\HackServer_0ld\HackServer\Release\ServerDisplayer.obj
D:\MU\Dev\MuEmu\603\MHP\HackServer_0ld\HackServer\Release\ServerInfo.obj
D:\MU\Dev\MuEmu\603\MHP\HackServer_0ld\HackServer\Release\SocketManager.obj
D:\MU\Dev\MuEmu\603\MHP\HackServer_0ld\HackServer\Release\stdafx.obj
D:\MU\Dev\MuEmu\603\MHP\HackServer_0ld\HackServer\Release\Util.obj
